[01/May/2016 12:45:00] ERROR [logon.views:131] Error sending email
Traceback (most recent call last):
  File "/home/mic/git/Reboot/logon/views.py", line 121, in request_password_view
    [user.email,], fail_silently=False)
  File "/mnt/data/linbin/j192/lib/python3.4/site-packages/django/core/mail/__init__.py", line 61, in send_mail
    return mail.send()
  File "/mnt/data/linbin/j192/lib/python3.4/site-packages/django/core/mail/message.py", line 292, in send
    return self.get_connection(fail_silently).send_messages([self])
  File "/mnt/data/linbin/j192/lib/python3.4/site-packages/django/core/mail/backends/smtp.py", line 100, in send_messages
    new_conn_created = self.open()
  File "/mnt/data/linbin/j192/lib/python3.4/site-packages/django/core/mail/backends/smtp.py", line 58, in open
    self.connection = connection_class(self.host, self.port, **connection_params)
  File "/usr/lib/python3.4/smtplib.py", line 242, in __init__
    (code, msg) = self.connect(host, port)
  File "/usr/lib/python3.4/smtplib.py", line 323, in connect
    (code, msg) = self.getreply()
  File "/usr/lib/python3.4/smtplib.py", line 376, in getreply
    raise SMTPServerDisconnected("Connection unexpectedly closed")
smtplib.SMTPServerDisconnected: Connection unexpectedly closed
[01/May/2016 13:12:35] DEBUG [django.db.backends:89] (0.001) 
            SELECT name, type FROM sqlite_master
            WHERE type in ('table', 'view') AND NOT name='sqlite_sequence'
            ORDER BY name; args=None
[01/May/2016 13:12:35] DEBUG [django.db.backends:89] (0.000) SELECT "django_migrations"."app", "django_migrations"."name" FROM "django_migrations"; args=()
[01/May/2016 13:12:52] DEBUG [django.db.backends:89] (0.001) SELECT "auth_user"."id", "auth_user"."password", "auth_user"."last_login", "auth_user"."is_superuser", "auth_user"."username", "auth_user"."first_name", "auth_user"."last_name", "auth_user"."email", "auth_user"."is_staff", "auth_user"."is_active", "auth_user"."date_joined" FROM "auth_user" WHERE "auth_user"."username" = 'alpha'; args=('alpha',)
[01/May/2016 13:12:52] DEBUG [django.db.backends:89] (0.000) SELECT (1) AS "a" FROM "django_session" WHERE "django_session"."session_key" = 'ilk8wh7vo2qw19nq3lfv43ih233gsakz' LIMIT 1; args=('ilk8wh7vo2qw19nq3lfv43ih233gsakz',)
[01/May/2016 13:12:52] DEBUG [django.db.backends:89] (0.000) BEGIN; args=None
[01/May/2016 13:12:52] DEBUG [django.db.backends:89] (0.000) INSERT INTO "django_session" ("session_key", "session_data", "expire_date") SELECT 'ilk8wh7vo2qw19nq3lfv43ih233gsakz', 'ZmZiYmE3OGQ1YzY5NTUyOGE4MzMyZGU5ZjI0ZjgyZGY5MzA5ODhkZTp7fQ==', '2016-05-15 07:42:52.628745'; args=('ilk8wh7vo2qw19nq3lfv43ih233gsakz', 'ZmZiYmE3OGQ1YzY5NTUyOGE4MzMyZGU5ZjI0ZjgyZGY5MzA5ODhkZTp7fQ==', '2016-05-15 07:42:52.628745')
[01/May/2016 13:12:52] DEBUG [django.db.backends:89] (0.000) SELECT "django_session"."session_key", "django_session"."session_data", "django_session"."expire_date" FROM "django_session" WHERE "django_session"."session_key" = 'ilk8wh7vo2qw19nq3lfv43ih233gsakz'; args=('ilk8wh7vo2qw19nq3lfv43ih233gsakz',)
[01/May/2016 13:12:52] DEBUG [django.db.backends:89] (0.000) BEGIN; args=None
[01/May/2016 13:12:52] DEBUG [django.db.backends:89] (0.000) DELETE FROM "django_session" WHERE "django_session"."session_key" IN ('ilk8wh7vo2qw19nq3lfv43ih233gsakz'); args=('ilk8wh7vo2qw19nq3lfv43ih233gsakz',)
[01/May/2016 13:12:52] DEBUG [django.db.backends:89] (0.000) BEGIN; args=None
[01/May/2016 13:12:52] DEBUG [django.db.backends:89] (0.000) UPDATE "auth_user" SET "last_login" = '2016-05-01 07:42:52.938943' WHERE "auth_user"."id" = 4; args=('2016-05-01 07:42:52.938943', 4)
[01/May/2016 13:12:53] DEBUG [django.db.backends:89] (0.000) BEGIN; args=None
[01/May/2016 13:12:53] DEBUG [django.db.backends:89] (0.000) UPDATE "django_session" SET "session_data" = 'NWFjZGI0YjA5OTViZTRhNjRkOTEwNDAzOTQ5MWU1NzNlNzQwMTI3MDp7Il9hdXRoX3VzZXJfaGFzaCI6ImY4MDNiYjA5MjFjODFhMDM4MzI4ZTEyM2QzOGI4MjUxZDYwODRlYzAiLCJfYXV0aF91c2VyX2JhY2tlbmQiOiJkamFuZ28uY29udHJpYi5hdXRoLmJhY2tlbmRzLk1vZGVsQmFja2VuZCIsIl9hdXRoX3VzZXJfaWQiOiI0In0=', "expire_date" = '2016-05-15 07:42:53.084264' WHERE "django_session"."session_key" = 'ilk8wh7vo2qw19nq3lfv43ih233gsakz'; args=('NWFjZGI0YjA5OTViZTRhNjRkOTEwNDAzOTQ5MWU1NzNlNzQwMTI3MDp7Il9hdXRoX3VzZXJfaGFzaCI6ImY4MDNiYjA5MjFjODFhMDM4MzI4ZTEyM2QzOGI4MjUxZDYwODRlYzAiLCJfYXV0aF91c2VyX2JhY2tlbmQiOiJkamFuZ28uY29udHJpYi5hdXRoLmJhY2tlbmRzLk1vZGVsQmFja2VuZCIsIl9hdXRoX3VzZXJfaWQiOiI0In0=', '2016-05-15 07:42:53.084264', 'ilk8wh7vo2qw19nq3lfv43ih233gsakz')
[01/May/2016 13:12:53] DEBUG [django.db.backends:89] (0.000) INSERT INTO "django_session" ("session_key", "session_data", "expire_date") SELECT 'ilk8wh7vo2qw19nq3lfv43ih233gsakz', 'NWFjZGI0YjA5OTViZTRhNjRkOTEwNDAzOTQ5MWU1NzNlNzQwMTI3MDp7Il9hdXRoX3VzZXJfaGFzaCI6ImY4MDNiYjA5MjFjODFhMDM4MzI4ZTEyM2QzOGI4MjUxZDYwODRlYzAiLCJfYXV0aF91c2VyX2JhY2tlbmQiOiJkamFuZ28uY29udHJpYi5hdXRoLmJhY2tlbmRzLk1vZGVsQmFja2VuZCIsIl9hdXRoX3VzZXJfaWQiOiI0In0=', '2016-05-15 07:42:53.084264'; args=('ilk8wh7vo2qw19nq3lfv43ih233gsakz', 'NWFjZGI0YjA5OTViZTRhNjRkOTEwNDAzOTQ5MWU1NzNlNzQwMTI3MDp7Il9hdXRoX3VzZXJfaGFzaCI6ImY4MDNiYjA5MjFjODFhMDM4MzI4ZTEyM2QzOGI4MjUxZDYwODRlYzAiLCJfYXV0aF91c2VyX2JhY2tlbmQiOiJkamFuZ28uY29udHJpYi5hdXRoLmJhY2tlbmRzLk1vZGVsQmFja2VuZCIsIl9hdXRoX3VzZXJfaWQiOiI0In0=', '2016-05-15 07:42:53.084264')
[01/May/2016 13:12:53] DEBUG [django.db.backends:89] (0.001) SELECT "django_session"."session_key", "django_session"."session_data", "django_session"."expire_date" FROM "django_session" WHERE ("django_session"."session_key" = 'ilk8wh7vo2qw19nq3lfv43ih233gsakz' AND "django_session"."expire_date" > '2016-05-01 07:42:53.234298'); args=('ilk8wh7vo2qw19nq3lfv43ih233gsakz', '2016-05-01 07:42:53.234298')
[01/May/2016 13:12:53] DEBUG [django.db.backends:89] (0.000) SELECT "auth_user"."id", "auth_user"."password", "auth_user"."last_login", "auth_user"."is_superuser", "auth_user"."username", "auth_user"."first_name", "auth_user"."last_name", "auth_user"."email", "auth_user"."is_staff", "auth_user"."is_active", "auth_user"."date_joined" FROM "auth_user" WHERE "auth_user"."id" = 4; args=(4,)
[01/May/2016 13:12:53] DEBUG [django.db.backends:89] (0.000) SELECT (1) AS "a" FROM "auth_group" INNER JOIN "auth_user_groups" ON ("auth_group"."id" = "auth_user_groups"."group_id") WHERE ("auth_user_groups"."user_id" = 4 AND "auth_group"."name" = 'polladmin') LIMIT 1; args=(4, 'polladmin')
[01/May/2016 13:12:53] DEBUG [django.db.backends:89] (0.000) SELECT "app_poll_core_poll_model"."id", "app_poll_core_poll_model"."poll_name", "app_poll_core_poll_model"."poll_start", "app_poll_core_poll_model"."poll_end", "app_poll_core_poll_model"."created_by", "app_poll_core_poll_model"."total_vote" FROM "app_poll_core_poll_model" WHERE "app_poll_core_poll_model"."poll_end" >= '2016-05-01' ORDER BY "app_poll_core_poll_model"."id" DESC; args=('2016-05-01',)
[01/May/2016 13:12:53] DEBUG [django.db.backends:89] (0.000) SELECT (1) AS "a" FROM "auth_group" INNER JOIN "auth_user_groups" ON ("auth_group"."id" = "auth_user_groups"."group_id") WHERE ("auth_user_groups"."user_id" = 4 AND "auth_group"."name" = 'polladmin') LIMIT 1; args=(4, 'polladmin')
[01/May/2016 13:12:55] DEBUG [django.db.backends:89] (0.001) SELECT "django_session"."session_key", "django_session"."session_data", "django_session"."expire_date" FROM "django_session" WHERE ("django_session"."session_key" = 'ilk8wh7vo2qw19nq3lfv43ih233gsakz' AND "django_session"."expire_date" > '2016-05-01 07:42:55.457209'); args=('ilk8wh7vo2qw19nq3lfv43ih233gsakz', '2016-05-01 07:42:55.457209')
[01/May/2016 13:12:55] DEBUG [django.db.backends:89] (0.000) SELECT "auth_user"."id", "auth_user"."password", "auth_user"."last_login", "auth_user"."is_superuser", "auth_user"."username", "auth_user"."first_name", "auth_user"."last_name", "auth_user"."email", "auth_user"."is_staff", "auth_user"."is_active", "auth_user"."date_joined" FROM "auth_user" WHERE "auth_user"."id" = 4; args=(4,)
[01/May/2016 13:12:55] DEBUG [django.db.backends:89] (0.000) SELECT (1) AS "a" FROM "auth_group" INNER JOIN "auth_user_groups" ON ("auth_group"."id" = "auth_user_groups"."group_id") WHERE ("auth_user_groups"."user_id" = 4 AND "auth_group"."name" = 'polladmin') LIMIT 1; args=(4, 'polladmin')
[01/May/2016 13:12:55] DEBUG [django.db.backends:89] (0.000) SELECT "app_poll_core_poll_model"."id", "app_poll_core_poll_model"."poll_name", "app_poll_core_poll_model"."poll_start", "app_poll_core_poll_model"."poll_end", "app_poll_core_poll_model"."created_by", "app_poll_core_poll_model"."total_vote" FROM "app_poll_core_poll_model" WHERE ("app_poll_core_poll_model"."poll_end" < '2016-05-01' AND "app_poll_core_poll_model"."poll_start" >= '2016-02-01') ORDER BY "app_poll_core_poll_model"."id" DESC; args=('2016-05-01', '2016-02-01')
[01/May/2016 13:12:55] DEBUG [django.db.backends:89] (0.000) SELECT "app_poll_core_poll_group_model"."id", "app_poll_core_poll_group_model"."poll_group", "app_poll_core_poll_group_model"."poll_name_id" FROM "app_poll_core_poll_group_model" WHERE "app_poll_core_poll_group_model"."poll_name_id" = 19; args=(19,)
[01/May/2016 13:12:55] DEBUG [django.db.backends:89] (0.000) SELECT (1) AS "a" FROM "auth_group" INNER JOIN "auth_user_groups" ON ("auth_group"."id" = "auth_user_groups"."group_id") WHERE ("auth_user_groups"."user_id" = 4 AND "auth_group"."name" = 'eBusAll') LIMIT 1; args=(4, 'eBusAll')
[01/May/2016 13:12:55] DEBUG [django.db.backends:89] (0.000) SELECT "app_poll_core_history_model"."id", "app_poll_core_history_model"."user", "app_poll_core_history_model"."poll_name_id", "app_poll_core_history_model"."taken" FROM "app_poll_core_history_model" WHERE ("app_poll_core_history_model"."user" = 4 AND "app_poll_core_history_model"."poll_name_id" = 19); args=(4, 19)
[01/May/2016 13:12:55] DEBUG [django.db.backends:89] (0.000) SELECT "app_poll_core_poll_group_model"."id", "app_poll_core_poll_group_model"."poll_group", "app_poll_core_poll_group_model"."poll_name_id" FROM "app_poll_core_poll_group_model" WHERE "app_poll_core_poll_group_model"."poll_name_id" = 1; args=(1,)
[01/May/2016 13:12:55] DEBUG [django.db.backends:89] (0.000) SELECT (1) AS "a" FROM "auth_group" INNER JOIN "auth_user_groups" ON ("auth_group"."id" = "auth_user_groups"."group_id") WHERE ("auth_user_groups"."user_id" = 4 AND "auth_group"."name" = 'eBusD') LIMIT 1; args=(4, 'eBusD')
[01/May/2016 13:12:55] DEBUG [django.db.backends:89] (0.000) SELECT "app_poll_core_history_model"."id", "app_poll_core_history_model"."user", "app_poll_core_history_model"."poll_name_id", "app_poll_core_history_model"."taken" FROM "app_poll_core_history_model" WHERE ("app_poll_core_history_model"."user" = 4 AND "app_poll_core_history_model"."poll_name_id" = 1); args=(4, 1)
[01/May/2016 13:12:56] DEBUG [django.db.backends:89] (0.001) SELECT "django_session"."session_key", "django_session"."session_data", "django_session"."expire_date" FROM "django_session" WHERE ("django_session"."session_key" = 'ilk8wh7vo2qw19nq3lfv43ih233gsakz' AND "django_session"."expire_date" > '2016-05-01 07:42:56.692908'); args=('ilk8wh7vo2qw19nq3lfv43ih233gsakz', '2016-05-01 07:42:56.692908')
[01/May/2016 13:12:56] DEBUG [django.db.backends:89] (0.001) SELECT "auth_user"."id", "auth_user"."password", "auth_user"."last_login", "auth_user"."is_superuser", "auth_user"."username", "auth_user"."first_name", "auth_user"."last_name", "auth_user"."email", "auth_user"."is_staff", "auth_user"."is_active", "auth_user"."date_joined" FROM "auth_user" WHERE "auth_user"."id" = 4; args=(4,)
[01/May/2016 13:12:56] DEBUG [django.db.backends:89] (0.000) SELECT (1) AS "a" FROM "auth_group" INNER JOIN "auth_user_groups" ON ("auth_group"."id" = "auth_user_groups"."group_id") WHERE ("auth_user_groups"."user_id" = 4 AND "auth_group"."name" = 'polladmin') LIMIT 1; args=(4, 'polladmin')
[01/May/2016 13:12:57] DEBUG [django.db.backends:89] (0.001) SELECT "django_session"."session_key", "django_session"."session_data", "django_session"."expire_date" FROM "django_session" WHERE ("django_session"."session_key" = 'ilk8wh7vo2qw19nq3lfv43ih233gsakz' AND "django_session"."expire_date" > '2016-05-01 07:42:57.557352'); args=('ilk8wh7vo2qw19nq3lfv43ih233gsakz', '2016-05-01 07:42:57.557352')
[01/May/2016 13:12:57] DEBUG [django.db.backends:89] (0.001) SELECT "auth_user"."id", "auth_user"."password", "auth_user"."last_login", "auth_user"."is_superuser", "auth_user"."username", "auth_user"."first_name", "auth_user"."last_name", "auth_user"."email", "auth_user"."is_staff", "auth_user"."is_active", "auth_user"."date_joined" FROM "auth_user" WHERE "auth_user"."id" = 4; args=(4,)
[01/May/2016 13:12:57] DEBUG [django.db.backends:89] (0.000) SELECT (1) AS "a" FROM "auth_group" INNER JOIN "auth_user_groups" ON ("auth_group"."id" = "auth_user_groups"."group_id") WHERE ("auth_user_groups"."user_id" = 4 AND "auth_group"."name" = 'polladmin') LIMIT 1; args=(4, 'polladmin')
[01/May/2016 13:12:57] DEBUG [django.db.backends:89] (0.000) SELECT "app_poll_core_poll_model"."id", "app_poll_core_poll_model"."poll_name", "app_poll_core_poll_model"."poll_start", "app_poll_core_poll_model"."poll_end", "app_poll_core_poll_model"."created_by", "app_poll_core_poll_model"."total_vote" FROM "app_poll_core_poll_model" WHERE ("app_poll_core_poll_model"."poll_start" IS NULL AND "app_poll_core_poll_model"."poll_end" IS NULL AND "app_poll_core_poll_model"."created_by" = 'alpha') ORDER BY "app_poll_core_poll_model"."id" DESC; args=('alpha',)
[01/May/2016 13:12:57] DEBUG [django.template:927] Exception while resolving variable 'allcurrent' in template 'home/alltab.html'.
Traceback (most recent call last):
  File "/mnt/data/linbin/j192/lib/python3.4/site-packages/django/template/base.py", line 883, in _resolve_lookup
    current = current[bit]
  File "/mnt/data/linbin/j192/lib/python3.4/site-packages/django/template/context.py", line 77, in __getitem__
    raise KeyError(key)
KeyError: 'allcurrent'

During handling of the above exception, another exception occurred:

Traceback (most recent call last):
  File "/mnt/data/linbin/j192/lib/python3.4/site-packages/django/template/base.py", line 889, in _resolve_lookup
    if isinstance(current, BaseContext) and getattr(type(current), bit):
AttributeError: type object 'RequestContext' has no attribute 'allcurrent'

During handling of the above exception, another exception occurred:

Traceback (most recent call last):
  File "/mnt/data/linbin/j192/lib/python3.4/site-packages/django/template/base.py", line 898, in _resolve_lookup
    current = current[int(bit)]
ValueError: invalid literal for int() with base 10: 'allcurrent'

During handling of the above exception, another exception occurred:

Traceback (most recent call last):
  File "/mnt/data/linbin/j192/lib/python3.4/site-packages/django/template/base.py", line 905, in _resolve_lookup
    (bit, current))  # missing attribute
django.template.base.VariableDoesNotExist: Failed lookup for key [allcurrent] in '[{\'None\': None, \'True\': True, \'False\': False}, {\'user\': <SimpleLazyObject: <User: alpha>>, \'messages\': <django.contrib.messages.storage.fallback.FallbackStorage object at 0x7f50ea9505f8>, \'LANGUAGE_BIDI\': False, \'csrf_token\': <SimpleLazyObject: <function csrf.<locals>._get_val at 0x7f50eabe9d90>>, \'LANGUAGE_CODE\': \'en-us\', \'request\': <WSGIRequest: GET \'/allpoll/\'>, \'LANGUAGES\': [(\'af\', \'Afrikaans\'), (\'ar\', \'Arabic\'), (\'ast\', \'Asturian\'), (\'az\', \'Azerbaijani\'), (\'bg\', \'Bulgarian\'), (\'be\', \'Belarusian\'), (\'bn\', \'Bengali\'), (\'br\', \'Breton\'), (\'bs\', \'Bosnian\'), (\'ca\', \'Catalan\'), (\'cs\', \'Czech\'), (\'cy\', \'Welsh\'), (\'da\', \'Danish\'), (\'de\', \'German\'), (\'el\', \'Greek\'), (\'en\', \'English\'), (\'en-au\', \'Australian English\'), (\'en-gb\', \'British English\'), (\'eo\', \'Esperanto\'), (\'es\', \'Spanish\'), (\'es-ar\', \'Argentinian Spanish\'), (\'es-co\', \'Colombian Spanish\'), (\'es-mx\', \'Mexican Spanish\'), (\'es-ni\', \'Nicaraguan Spanish\'), (\'es-ve\', \'Venezuelan Spanish\'), (\'et\', \'Estonian\'), (\'eu\', \'Basque\'), (\'fa\', \'Persian\'), (\'fi\', \'Finnish\'), (\'fr\', \'French\'), (\'fy\', \'Frisian\'), (\'ga\', \'Irish\'), (\'gd\', \'Scottish Gaelic\'), (\'gl\', \'Galician\'), (\'he\', \'Hebrew\'), (\'hi\', \'Hindi\'), (\'hr\', \'Croatian\'), (\'hu\', \'Hungarian\'), (\'ia\', \'Interlingua\'), (\'id\', \'Indonesian\'), (\'io\', \'Ido\'), (\'is\', \'Icelandic\'), (\'it\', \'Italian\'), (\'ja\', \'Japanese\'), (\'ka\', \'Georgian\'), (\'kk\', \'Kazakh\'), (\'km\', \'Khmer\'), (\'kn\', \'Kannada\'), (\'ko\', \'Korean\'), (\'lb\', \'Luxembourgish\'), (\'lt\', \'Lithuanian\'), (\'lv\', \'Latvian\'), (\'mk\', \'Macedonian\'), (\'ml\', \'Malayalam\'), (\'mn\', \'Mongolian\'), (\'mr\', \'Marathi\'), (\'my\', \'Burmese\'), (\'nb\', \'Norwegian Bokmal\'), (\'ne\', \'Nepali\'), (\'nl\', \'Dutch\'), (\'nn\', \'Norwegian Nynorsk\'), (\'os\', \'Ossetic\'), (\'pa\', \'Punjabi\'), (\'pl\', \'Polish\'), (\'pt\', \'Portuguese\'), (\'pt-br\', \'Brazilian Portuguese\'), (\'ro\', \'Romanian\'), (\'ru\', \'Russian\'), (\'sk\', \'Slovak\'), (\'sl\', \'Slovenian\'), (\'sq\', \'Albanian\'), (\'sr\', \'Serbian\'), (\'sr-latn\', \'Serbian Latin\'), (\'sv\', \'Swedish\'), (\'sw\', \'Swahili\'), (\'ta\', \'Tamil\'), (\'te\', \'Telugu\'), (\'th\', \'Thai\'), (\'tr\', \'Turkish\'), (\'tt\', \'Tatar\'), (\'udm\', \'Udmurt\'), (\'uk\', \'Ukrainian\'), (\'ur\', \'Urdu\'), (\'vi\', \'Vietnamese\'), (\'zh-hans\', \'Simplified Chinese\'), (\'zh-hant\', \'Traditional Chinese\')], \'TIME_ZONE\': \'IST\', \'STATIC_URL\': \'/static/\', \'MEDIA_URL\': \'/media/\', \'DEFAULT_MESSAGE_LEVELS\': {\'DEBUG\': 10, \'ERROR\': 40, \'WARNING\': 30, \'INFO\': 20, \'SUCCESS\': 25}, \'perms\': <django.contrib.auth.context_processors.PermWrapper object at 0x7f50ea9726a0>}, {}, {\'user\': <SimpleLazyObject: <User: alpha>>, \'polladmin\': True, \'poll_dict\': OrderedDict(), \'alldraft\': True}, {\'block\': <Block Node: body. Contents: [<TextNode: \'\\n\'>, <django.template.loader_tags.IncludeNode object at 0x7f50ea972a20>, <TextNode: \'\\n<div class="col-sm-3 col\'>, <WithNode>, <TextNode: \'\\n</div>\\n<div class="col-s\'>, <django.template.loader_tags.IncludeNode object at 0x7f50ea972b00>, <TextNode: \'\\n</div>\\n\'>]>}, {}]'
[01/May/2016 13:12:57] DEBUG [django.template:927] Exception while resolving variable 'allcurrent_show' in template 'home/alltab.html'.
Traceback (most recent call last):
  File "/mnt/data/linbin/j192/lib/python3.4/site-packages/django/template/base.py", line 883, in _resolve_lookup
    current = current[bit]
  File "/mnt/data/linbin/j192/lib/python3.4/site-packages/django/template/context.py", line 77, in __getitem__
    raise KeyError(key)
KeyError: 'allcurrent_show'

During handling of the above exception, another exception occurred:

Traceback (most recent call last):
  File "/mnt/data/linbin/j192/lib/python3.4/site-packages/django/template/base.py", line 889, in _resolve_lookup
    if isinstance(current, BaseContext) and getattr(type(current), bit):
AttributeError: type object 'RequestContext' has no attribute 'allcurrent_show'

During handling of the above exception, another exception occurred:

Traceback (most recent call last):
  File "/mnt/data/linbin/j192/lib/python3.4/site-packages/django/template/base.py", line 898, in _resolve_lookup
    current = current[int(bit)]
ValueError: invalid literal for int() with base 10: 'allcurrent_show'

During handling of the above exception, another exception occurred:

Traceback (most recent call last):
  File "/mnt/data/linbin/j192/lib/python3.4/site-packages/django/template/base.py", line 905, in _resolve_lookup
    (bit, current))  # missing attribute
django.template.base.VariableDoesNotExist: Failed lookup for key [allcurrent_show] in '[{\'None\': None, \'True\': True, \'False\': False}, {\'user\': <SimpleLazyObject: <User: alpha>>, \'messages\': <django.contrib.messages.storage.fallback.FallbackStorage object at 0x7f50ea9505f8>, \'LANGUAGE_BIDI\': False, \'csrf_token\': <SimpleLazyObject: <function csrf.<locals>._get_val at 0x7f50eabe9d90>>, \'LANGUAGE_CODE\': \'en-us\', \'request\': <WSGIRequest: GET \'/allpoll/\'>, \'LANGUAGES\': [(\'af\', \'Afrikaans\'), (\'ar\', \'Arabic\'), (\'ast\', \'Asturian\'), (\'az\', \'Azerbaijani\'), (\'bg\', \'Bulgarian\'), (\'be\', \'Belarusian\'), (\'bn\', \'Bengali\'), (\'br\', \'Breton\'), (\'bs\', \'Bosnian\'), (\'ca\', \'Catalan\'), (\'cs\', \'Czech\'), (\'cy\', \'Welsh\'), (\'da\', \'Danish\'), (\'de\', \'German\'), (\'el\', \'Greek\'), (\'en\', \'English\'), (\'en-au\', \'Australian English\'), (\'en-gb\', \'British English\'), (\'eo\', \'Esperanto\'), (\'es\', \'Spanish\'), (\'es-ar\', \'Argentinian Spanish\'), (\'es-co\', \'Colombian Spanish\'), (\'es-mx\', \'Mexican Spanish\'), (\'es-ni\', \'Nicaraguan Spanish\'), (\'es-ve\', \'Venezuelan Spanish\'), (\'et\', \'Estonian\'), (\'eu\', \'Basque\'), (\'fa\', \'Persian\'), (\'fi\', \'Finnish\'), (\'fr\', \'French\'), (\'fy\', \'Frisian\'), (\'ga\', \'Irish\'), (\'gd\', \'Scottish Gaelic\'), (\'gl\', \'Galician\'), (\'he\', \'Hebrew\'), (\'hi\', \'Hindi\'), (\'hr\', \'Croatian\'), (\'hu\', \'Hungarian\'), (\'ia\', \'Interlingua\'), (\'id\', \'Indonesian\'), (\'io\', \'Ido\'), (\'is\', \'Icelandic\'), (\'it\', \'Italian\'), (\'ja\', \'Japanese\'), (\'ka\', \'Georgian\'), (\'kk\', \'Kazakh\'), (\'km\', \'Khmer\'), (\'kn\', \'Kannada\'), (\'ko\', \'Korean\'), (\'lb\', \'Luxembourgish\'), (\'lt\', \'Lithuanian\'), (\'lv\', \'Latvian\'), (\'mk\', \'Macedonian\'), (\'ml\', \'Malayalam\'), (\'mn\', \'Mongolian\'), (\'mr\', \'Marathi\'), (\'my\', \'Burmese\'), (\'nb\', \'Norwegian Bokmal\'), (\'ne\', \'Nepali\'), (\'nl\', \'Dutch\'), (\'nn\', \'Norwegian Nynorsk\'), (\'os\', \'Ossetic\'), (\'pa\', \'Punjabi\'), (\'pl\', \'Polish\'), (\'pt\', \'Portuguese\'), (\'pt-br\', \'Brazilian Portuguese\'), (\'ro\', \'Romanian\'), (\'ru\', \'Russian\'), (\'sk\', \'Slovak\'), (\'sl\', \'Slovenian\'), (\'sq\', \'Albanian\'), (\'sr\', \'Serbian\'), (\'sr-latn\', \'Serbian Latin\'), (\'sv\', \'Swedish\'), (\'sw\', \'Swahili\'), (\'ta\', \'Tamil\'), (\'te\', \'Telugu\'), (\'th\', \'Thai\'), (\'tr\', \'Turkish\'), (\'tt\', \'Tatar\'), (\'udm\', \'Udmurt\'), (\'uk\', \'Ukrainian\'), (\'ur\', \'Urdu\'), (\'vi\', \'Vietnamese\'), (\'zh-hans\', \'Simplified Chinese\'), (\'zh-hant\', \'Traditional Chinese\')], \'TIME_ZONE\': \'IST\', \'STATIC_URL\': \'/static/\', \'MEDIA_URL\': \'/media/\', \'DEFAULT_MESSAGE_LEVELS\': {\'DEBUG\': 10, \'ERROR\': 40, \'WARNING\': 30, \'INFO\': 20, \'SUCCESS\': 25}, \'perms\': <django.contrib.auth.context_processors.PermWrapper object at 0x7f50ea9726a0>}, {}, {\'user\': <SimpleLazyObject: <User: alpha>>, \'polladmin\': True, \'poll_dict\': OrderedDict(), \'alldraft\': True}, {\'block\': <Block Node: body. Contents: [<TextNode: \'\\n\'>, <django.template.loader_tags.IncludeNode object at 0x7f50ea972a20>, <TextNode: \'\\n<div class="col-sm-3 col\'>, <WithNode>, <TextNode: \'\\n</div>\\n<div class="col-s\'>, <django.template.loader_tags.IncludeNode object at 0x7f50ea972b00>, <TextNode: \'\\n</div>\\n\'>]>}, {}]'
[01/May/2016 13:12:57] DEBUG [django.template:927] Exception while resolving variable 'allcompleted' in template 'home/alltab.html'.
Traceback (most recent call last):
  File "/mnt/data/linbin/j192/lib/python3.4/site-packages/django/template/base.py", line 883, in _resolve_lookup
    current = current[bit]
  File "/mnt/data/linbin/j192/lib/python3.4/site-packages/django/template/context.py", line 77, in __getitem__
    raise KeyError(key)
KeyError: 'allcompleted'

During handling of the above exception, another exception occurred:

Traceback (most recent call last):
  File "/mnt/data/linbin/j192/lib/python3.4/site-packages/django/template/base.py", line 889, in _resolve_lookup
    if isinstance(current, BaseContext) and getattr(type(current), bit):
AttributeError: type object 'RequestContext' has no attribute 'allcompleted'

During handling of the above exception, another exception occurred:

Traceback (most recent call last):
  File "/mnt/data/linbin/j192/lib/python3.4/site-packages/django/template/base.py", line 898, in _resolve_lookup
    current = current[int(bit)]
ValueError: invalid literal for int() with base 10: 'allcompleted'

During handling of the above exception, another exception occurred:

Traceback (most recent call last):
  File "/mnt/data/linbin/j192/lib/python3.4/site-packages/django/template/base.py", line 905, in _resolve_lookup
    (bit, current))  # missing attribute
django.template.base.VariableDoesNotExist: Failed lookup for key [allcompleted] in '[{\'None\': None, \'True\': True, \'False\': False}, {\'user\': <SimpleLazyObject: <User: alpha>>, \'messages\': <django.contrib.messages.storage.fallback.FallbackStorage object at 0x7f50ea9505f8>, \'LANGUAGE_BIDI\': False, \'csrf_token\': <SimpleLazyObject: <function csrf.<locals>._get_val at 0x7f50eabe9d90>>, \'LANGUAGE_CODE\': \'en-us\', \'request\': <WSGIRequest: GET \'/allpoll/\'>, \'LANGUAGES\': [(\'af\', \'Afrikaans\'), (\'ar\', \'Arabic\'), (\'ast\', \'Asturian\'), (\'az\', \'Azerbaijani\'), (\'bg\', \'Bulgarian\'), (\'be\', \'Belarusian\'), (\'bn\', \'Bengali\'), (\'br\', \'Breton\'), (\'bs\', \'Bosnian\'), (\'ca\', \'Catalan\'), (\'cs\', \'Czech\'), (\'cy\', \'Welsh\'), (\'da\', \'Danish\'), (\'de\', \'German\'), (\'el\', \'Greek\'), (\'en\', \'English\'), (\'en-au\', \'Australian English\'), (\'en-gb\', \'British English\'), (\'eo\', \'Esperanto\'), (\'es\', \'Spanish\'), (\'es-ar\', \'Argentinian Spanish\'), (\'es-co\', \'Colombian Spanish\'), (\'es-mx\', \'Mexican Spanish\'), (\'es-ni\', \'Nicaraguan Spanish\'), (\'es-ve\', \'Venezuelan Spanish\'), (\'et\', \'Estonian\'), (\'eu\', \'Basque\'), (\'fa\', \'Persian\'), (\'fi\', \'Finnish\'), (\'fr\', \'French\'), (\'fy\', \'Frisian\'), (\'ga\', \'Irish\'), (\'gd\', \'Scottish Gaelic\'), (\'gl\', \'Galician\'), (\'he\', \'Hebrew\'), (\'hi\', \'Hindi\'), (\'hr\', \'Croatian\'), (\'hu\', \'Hungarian\'), (\'ia\', \'Interlingua\'), (\'id\', \'Indonesian\'), (\'io\', \'Ido\'), (\'is\', \'Icelandic\'), (\'it\', \'Italian\'), (\'ja\', \'Japanese\'), (\'ka\', \'Georgian\'), (\'kk\', \'Kazakh\'), (\'km\', \'Khmer\'), (\'kn\', \'Kannada\'), (\'ko\', \'Korean\'), (\'lb\', \'Luxembourgish\'), (\'lt\', \'Lithuanian\'), (\'lv\', \'Latvian\'), (\'mk\', \'Macedonian\'), (\'ml\', \'Malayalam\'), (\'mn\', \'Mongolian\'), (\'mr\', \'Marathi\'), (\'my\', \'Burmese\'), (\'nb\', \'Norwegian Bokmal\'), (\'ne\', \'Nepali\'), (\'nl\', \'Dutch\'), (\'nn\', \'Norwegian Nynorsk\'), (\'os\', \'Ossetic\'), (\'pa\', \'Punjabi\'), (\'pl\', \'Polish\'), (\'pt\', \'Portuguese\'), (\'pt-br\', \'Brazilian Portuguese\'), (\'ro\', \'Romanian\'), (\'ru\', \'Russian\'), (\'sk\', \'Slovak\'), (\'sl\', \'Slovenian\'), (\'sq\', \'Albanian\'), (\'sr\', \'Serbian\'), (\'sr-latn\', \'Serbian Latin\'), (\'sv\', \'Swedish\'), (\'sw\', \'Swahili\'), (\'ta\', \'Tamil\'), (\'te\', \'Telugu\'), (\'th\', \'Thai\'), (\'tr\', \'Turkish\'), (\'tt\', \'Tatar\'), (\'udm\', \'Udmurt\'), (\'uk\', \'Ukrainian\'), (\'ur\', \'Urdu\'), (\'vi\', \'Vietnamese\'), (\'zh-hans\', \'Simplified Chinese\'), (\'zh-hant\', \'Traditional Chinese\')], \'TIME_ZONE\': \'IST\', \'STATIC_URL\': \'/static/\', \'MEDIA_URL\': \'/media/\', \'DEFAULT_MESSAGE_LEVELS\': {\'DEBUG\': 10, \'ERROR\': 40, \'WARNING\': 30, \'INFO\': 20, \'SUCCESS\': 25}, \'perms\': <django.contrib.auth.context_processors.PermWrapper object at 0x7f50ea9726a0>}, {}, {\'user\': <SimpleLazyObject: <User: alpha>>, \'polladmin\': True, \'poll_dict\': OrderedDict(), \'alldraft\': True}, {\'block\': <Block Node: body. Contents: [<TextNode: \'\\n\'>, <django.template.loader_tags.IncludeNode object at 0x7f50ea972a20>, <TextNode: \'\\n<div class="col-sm-3 col\'>, <WithNode>, <TextNode: \'\\n</div>\\n<div class="col-s\'>, <django.template.loader_tags.IncludeNode object at 0x7f50ea972b00>, <TextNode: \'\\n</div>\\n\'>]>}, {}]'
[01/May/2016 13:12:57] DEBUG [django.template:927] Exception while resolving variable 'allcompleted_show' in template 'home/alltab.html'.
Traceback (most recent call last):
  File "/mnt/data/linbin/j192/lib/python3.4/site-packages/django/template/base.py", line 883, in _resolve_lookup
    current = current[bit]
  File "/mnt/data/linbin/j192/lib/python3.4/site-packages/django/template/context.py", line 77, in __getitem__
    raise KeyError(key)
KeyError: 'allcompleted_show'

During handling of the above exception, another exception occurred:

Traceback (most recent call last):
  File "/mnt/data/linbin/j192/lib/python3.4/site-packages/django/template/base.py", line 889, in _resolve_lookup
    if isinstance(current, BaseContext) and getattr(type(current), bit):
AttributeError: type object 'RequestContext' has no attribute 'allcompleted_show'

During handling of the above exception, another exception occurred:

Traceback (most recent call last):
  File "/mnt/data/linbin/j192/lib/python3.4/site-packages/django/template/base.py", line 898, in _resolve_lookup
    current = current[int(bit)]
ValueError: invalid literal for int() with base 10: 'allcompleted_show'

During handling of the above exception, another exception occurred:

Traceback (most recent call last):
  File "/mnt/data/linbin/j192/lib/python3.4/site-packages/django/template/base.py", line 905, in _resolve_lookup
    (bit, current))  # missing attribute
django.template.base.VariableDoesNotExist: Failed lookup for key [allcompleted_show] in '[{\'None\': None, \'True\': True, \'False\': False}, {\'user\': <SimpleLazyObject: <User: alpha>>, \'messages\': <django.contrib.messages.storage.fallback.FallbackStorage object at 0x7f50ea9505f8>, \'LANGUAGE_BIDI\': False, \'csrf_token\': <SimpleLazyObject: <function csrf.<locals>._get_val at 0x7f50eabe9d90>>, \'LANGUAGE_CODE\': \'en-us\', \'request\': <WSGIRequest: GET \'/allpoll/\'>, \'LANGUAGES\': [(\'af\', \'Afrikaans\'), (\'ar\', \'Arabic\'), (\'ast\', \'Asturian\'), (\'az\', \'Azerbaijani\'), (\'bg\', \'Bulgarian\'), (\'be\', \'Belarusian\'), (\'bn\', \'Bengali\'), (\'br\', \'Breton\'), (\'bs\', \'Bosnian\'), (\'ca\', \'Catalan\'), (\'cs\', \'Czech\'), (\'cy\', \'Welsh\'), (\'da\', \'Danish\'), (\'de\', \'German\'), (\'el\', \'Greek\'), (\'en\', \'English\'), (\'en-au\', \'Australian English\'), (\'en-gb\', \'British English\'), (\'eo\', \'Esperanto\'), (\'es\', \'Spanish\'), (\'es-ar\', \'Argentinian Spanish\'), (\'es-co\', \'Colombian Spanish\'), (\'es-mx\', \'Mexican Spanish\'), (\'es-ni\', \'Nicaraguan Spanish\'), (\'es-ve\', \'Venezuelan Spanish\'), (\'et\', \'Estonian\'), (\'eu\', \'Basque\'), (\'fa\', \'Persian\'), (\'fi\', \'Finnish\'), (\'fr\', \'French\'), (\'fy\', \'Frisian\'), (\'ga\', \'Irish\'), (\'gd\', \'Scottish Gaelic\'), (\'gl\', \'Galician\'), (\'he\', \'Hebrew\'), (\'hi\', \'Hindi\'), (\'hr\', \'Croatian\'), (\'hu\', \'Hungarian\'), (\'ia\', \'Interlingua\'), (\'id\', \'Indonesian\'), (\'io\', \'Ido\'), (\'is\', \'Icelandic\'), (\'it\', \'Italian\'), (\'ja\', \'Japanese\'), (\'ka\', \'Georgian\'), (\'kk\', \'Kazakh\'), (\'km\', \'Khmer\'), (\'kn\', \'Kannada\'), (\'ko\', \'Korean\'), (\'lb\', \'Luxembourgish\'), (\'lt\', \'Lithuanian\'), (\'lv\', \'Latvian\'), (\'mk\', \'Macedonian\'), (\'ml\', \'Malayalam\'), (\'mn\', \'Mongolian\'), (\'mr\', \'Marathi\'), (\'my\', \'Burmese\'), (\'nb\', \'Norwegian Bokmal\'), (\'ne\', \'Nepali\'), (\'nl\', \'Dutch\'), (\'nn\', \'Norwegian Nynorsk\'), (\'os\', \'Ossetic\'), (\'pa\', \'Punjabi\'), (\'pl\', \'Polish\'), (\'pt\', \'Portuguese\'), (\'pt-br\', \'Brazilian Portuguese\'), (\'ro\', \'Romanian\'), (\'ru\', \'Russian\'), (\'sk\', \'Slovak\'), (\'sl\', \'Slovenian\'), (\'sq\', \'Albanian\'), (\'sr\', \'Serbian\'), (\'sr-latn\', \'Serbian Latin\'), (\'sv\', \'Swedish\'), (\'sw\', \'Swahili\'), (\'ta\', \'Tamil\'), (\'te\', \'Telugu\'), (\'th\', \'Thai\'), (\'tr\', \'Turkish\'), (\'tt\', \'Tatar\'), (\'udm\', \'Udmurt\'), (\'uk\', \'Ukrainian\'), (\'ur\', \'Urdu\'), (\'vi\', \'Vietnamese\'), (\'zh-hans\', \'Simplified Chinese\'), (\'zh-hant\', \'Traditional Chinese\')], \'TIME_ZONE\': \'IST\', \'STATIC_URL\': \'/static/\', \'MEDIA_URL\': \'/media/\', \'DEFAULT_MESSAGE_LEVELS\': {\'DEBUG\': 10, \'ERROR\': 40, \'WARNING\': 30, \'INFO\': 20, \'SUCCESS\': 25}, \'perms\': <django.contrib.auth.context_processors.PermWrapper object at 0x7f50ea9726a0>}, {}, {\'user\': <SimpleLazyObject: <User: alpha>>, \'polladmin\': True, \'poll_dict\': OrderedDict(), \'alldraft\': True}, {\'block\': <Block Node: body. Contents: [<TextNode: \'\\n\'>, <django.template.loader_tags.IncludeNode object at 0x7f50ea972a20>, <TextNode: \'\\n<div class="col-sm-3 col\'>, <WithNode>, <TextNode: \'\\n</div>\\n<div class="col-s\'>, <django.template.loader_tags.IncludeNode object at 0x7f50ea972b00>, <TextNode: \'\\n</div>\\n\'>]>}, {}]'
[01/May/2016 13:12:57] DEBUG [django.template:927] Exception while resolving variable 'alldraft_open' in template 'home/alltab.html'.
Traceback (most recent call last):
  File "/mnt/data/linbin/j192/lib/python3.4/site-packages/django/template/base.py", line 883, in _resolve_lookup
    current = current[bit]
  File "/mnt/data/linbin/j192/lib/python3.4/site-packages/django/template/context.py", line 77, in __getitem__
    raise KeyError(key)
KeyError: 'alldraft_open'

During handling of the above exception, another exception occurred:

Traceback (most recent call last):
  File "/mnt/data/linbin/j192/lib/python3.4/site-packages/django/template/base.py", line 889, in _resolve_lookup
    if isinstance(current, BaseContext) and getattr(type(current), bit):
AttributeError: type object 'RequestContext' has no attribute 'alldraft_open'

During handling of the above exception, another exception occurred:

Traceback (most recent call last):
  File "/mnt/data/linbin/j192/lib/python3.4/site-packages/django/template/base.py", line 898, in _resolve_lookup
    current = current[int(bit)]
ValueError: invalid literal for int() with base 10: 'alldraft_open'

During handling of the above exception, another exception occurred:

Traceback (most recent call last):
  File "/mnt/data/linbin/j192/lib/python3.4/site-packages/django/template/base.py", line 905, in _resolve_lookup
    (bit, current))  # missing attribute
django.template.base.VariableDoesNotExist: Failed lookup for key [alldraft_open] in '[{\'None\': None, \'True\': True, \'False\': False}, {\'user\': <SimpleLazyObject: <User: alpha>>, \'messages\': <django.contrib.messages.storage.fallback.FallbackStorage object at 0x7f50ea9505f8>, \'LANGUAGE_BIDI\': False, \'csrf_token\': <SimpleLazyObject: \'TDbuQYzkQLOJb2fW41hO0LEfAiFW3DIE\'>, \'LANGUAGE_CODE\': \'en-us\', \'request\': <WSGIRequest: GET \'/allpoll/\'>, \'LANGUAGES\': [(\'af\', \'Afrikaans\'), (\'ar\', \'Arabic\'), (\'ast\', \'Asturian\'), (\'az\', \'Azerbaijani\'), (\'bg\', \'Bulgarian\'), (\'be\', \'Belarusian\'), (\'bn\', \'Bengali\'), (\'br\', \'Breton\'), (\'bs\', \'Bosnian\'), (\'ca\', \'Catalan\'), (\'cs\', \'Czech\'), (\'cy\', \'Welsh\'), (\'da\', \'Danish\'), (\'de\', \'German\'), (\'el\', \'Greek\'), (\'en\', \'English\'), (\'en-au\', \'Australian English\'), (\'en-gb\', \'British English\'), (\'eo\', \'Esperanto\'), (\'es\', \'Spanish\'), (\'es-ar\', \'Argentinian Spanish\'), (\'es-co\', \'Colombian Spanish\'), (\'es-mx\', \'Mexican Spanish\'), (\'es-ni\', \'Nicaraguan Spanish\'), (\'es-ve\', \'Venezuelan Spanish\'), (\'et\', \'Estonian\'), (\'eu\', \'Basque\'), (\'fa\', \'Persian\'), (\'fi\', \'Finnish\'), (\'fr\', \'French\'), (\'fy\', \'Frisian\'), (\'ga\', \'Irish\'), (\'gd\', \'Scottish Gaelic\'), (\'gl\', \'Galician\'), (\'he\', \'Hebrew\'), (\'hi\', \'Hindi\'), (\'hr\', \'Croatian\'), (\'hu\', \'Hungarian\'), (\'ia\', \'Interlingua\'), (\'id\', \'Indonesian\'), (\'io\', \'Ido\'), (\'is\', \'Icelandic\'), (\'it\', \'Italian\'), (\'ja\', \'Japanese\'), (\'ka\', \'Georgian\'), (\'kk\', \'Kazakh\'), (\'km\', \'Khmer\'), (\'kn\', \'Kannada\'), (\'ko\', \'Korean\'), (\'lb\', \'Luxembourgish\'), (\'lt\', \'Lithuanian\'), (\'lv\', \'Latvian\'), (\'mk\', \'Macedonian\'), (\'ml\', \'Malayalam\'), (\'mn\', \'Mongolian\'), (\'mr\', \'Marathi\'), (\'my\', \'Burmese\'), (\'nb\', \'Norwegian Bokmal\'), (\'ne\', \'Nepali\'), (\'nl\', \'Dutch\'), (\'nn\', \'Norwegian Nynorsk\'), (\'os\', \'Ossetic\'), (\'pa\', \'Punjabi\'), (\'pl\', \'Polish\'), (\'pt\', \'Portuguese\'), (\'pt-br\', \'Brazilian Portuguese\'), (\'ro\', \'Romanian\'), (\'ru\', \'Russian\'), (\'sk\', \'Slovak\'), (\'sl\', \'Slovenian\'), (\'sq\', \'Albanian\'), (\'sr\', \'Serbian\'), (\'sr-latn\', \'Serbian Latin\'), (\'sv\', \'Swedish\'), (\'sw\', \'Swahili\'), (\'ta\', \'Tamil\'), (\'te\', \'Telugu\'), (\'th\', \'Thai\'), (\'tr\', \'Turkish\'), (\'tt\', \'Tatar\'), (\'udm\', \'Udmurt\'), (\'uk\', \'Ukrainian\'), (\'ur\', \'Urdu\'), (\'vi\', \'Vietnamese\'), (\'zh-hans\', \'Simplified Chinese\'), (\'zh-hant\', \'Traditional Chinese\')], \'TIME_ZONE\': \'IST\', \'STATIC_URL\': \'/static/\', \'MEDIA_URL\': \'/media/\', \'DEFAULT_MESSAGE_LEVELS\': {\'DEBUG\': 10, \'ERROR\': 40, \'WARNING\': 30, \'INFO\': 20, \'SUCCESS\': 25}, \'perms\': <django.contrib.auth.context_processors.PermWrapper object at 0x7f50ea9726a0>}, {}, {\'user\': <SimpleLazyObject: <User: alpha>>, \'polladmin\': True, \'poll_dict\': OrderedDict(), \'alldraft\': True}, {\'block\': <Block Node: body. Contents: [<TextNode: \'\\n\'>, <django.template.loader_tags.IncludeNode object at 0x7f50ea972a20>, <TextNode: \'\\n<div class="col-sm-3 col\'>, <WithNode>, <TextNode: \'\\n</div>\\n<div class="col-s\'>, <django.template.loader_tags.IncludeNode object at 0x7f50ea972b00>, <TextNode: \'\\n</div>\\n\'>]>}, {}]'
[01/May/2016 13:12:57] DEBUG [django.template:927] Exception while resolving variable 'allcurrent' in template 'home/alltab.html'.
Traceback (most recent call last):
  File "/mnt/data/linbin/j192/lib/python3.4/site-packages/django/template/base.py", line 883, in _resolve_lookup
    current = current[bit]
  File "/mnt/data/linbin/j192/lib/python3.4/site-packages/django/template/context.py", line 77, in __getitem__
    raise KeyError(key)
KeyError: 'allcurrent'

During handling of the above exception, another exception occurred:

Traceback (most recent call last):
  File "/mnt/data/linbin/j192/lib/python3.4/site-packages/django/template/base.py", line 889, in _resolve_lookup
    if isinstance(current, BaseContext) and getattr(type(current), bit):
AttributeError: type object 'RequestContext' has no attribute 'allcurrent'

During handling of the above exception, another exception occurred:

Traceback (most recent call last):
  File "/mnt/data/linbin/j192/lib/python3.4/site-packages/django/template/base.py", line 898, in _resolve_lookup
    current = current[int(bit)]
ValueError: invalid literal for int() with base 10: 'allcurrent'

During handling of the above exception, another exception occurred:

Traceback (most recent call last):
  File "/mnt/data/linbin/j192/lib/python3.4/site-packages/django/template/base.py", line 905, in _resolve_lookup
    (bit, current))  # missing attribute
django.template.base.VariableDoesNotExist: Failed lookup for key [allcurrent] in '[{\'None\': None, \'True\': True, \'False\': False}, {\'user\': <SimpleLazyObject: <User: alpha>>, \'messages\': <django.contrib.messages.storage.fallback.FallbackStorage object at 0x7f50ea9505f8>, \'LANGUAGE_BIDI\': False, \'csrf_token\': <SimpleLazyObject: \'TDbuQYzkQLOJb2fW41hO0LEfAiFW3DIE\'>, \'LANGUAGE_CODE\': \'en-us\', \'request\': <WSGIRequest: GET \'/allpoll/\'>, \'LANGUAGES\': [(\'af\', \'Afrikaans\'), (\'ar\', \'Arabic\'), (\'ast\', \'Asturian\'), (\'az\', \'Azerbaijani\'), (\'bg\', \'Bulgarian\'), (\'be\', \'Belarusian\'), (\'bn\', \'Bengali\'), (\'br\', \'Breton\'), (\'bs\', \'Bosnian\'), (\'ca\', \'Catalan\'), (\'cs\', \'Czech\'), (\'cy\', \'Welsh\'), (\'da\', \'Danish\'), (\'de\', \'German\'), (\'el\', \'Greek\'), (\'en\', \'English\'), (\'en-au\', \'Australian English\'), (\'en-gb\', \'British English\'), (\'eo\', \'Esperanto\'), (\'es\', \'Spanish\'), (\'es-ar\', \'Argentinian Spanish\'), (\'es-co\', \'Colombian Spanish\'), (\'es-mx\', \'Mexican Spanish\'), (\'es-ni\', \'Nicaraguan Spanish\'), (\'es-ve\', \'Venezuelan Spanish\'), (\'et\', \'Estonian\'), (\'eu\', \'Basque\'), (\'fa\', \'Persian\'), (\'fi\', \'Finnish\'), (\'fr\', \'French\'), (\'fy\', \'Frisian\'), (\'ga\', \'Irish\'), (\'gd\', \'Scottish Gaelic\'), (\'gl\', \'Galician\'), (\'he\', \'Hebrew\'), (\'hi\', \'Hindi\'), (\'hr\', \'Croatian\'), (\'hu\', \'Hungarian\'), (\'ia\', \'Interlingua\'), (\'id\', \'Indonesian\'), (\'io\', \'Ido\'), (\'is\', \'Icelandic\'), (\'it\', \'Italian\'), (\'ja\', \'Japanese\'), (\'ka\', \'Georgian\'), (\'kk\', \'Kazakh\'), (\'km\', \'Khmer\'), (\'kn\', \'Kannada\'), (\'ko\', \'Korean\'), (\'lb\', \'Luxembourgish\'), (\'lt\', \'Lithuanian\'), (\'lv\', \'Latvian\'), (\'mk\', \'Macedonian\'), (\'ml\', \'Malayalam\'), (\'mn\', \'Mongolian\'), (\'mr\', \'Marathi\'), (\'my\', \'Burmese\'), (\'nb\', \'Norwegian Bokmal\'), (\'ne\', \'Nepali\'), (\'nl\', \'Dutch\'), (\'nn\', \'Norwegian Nynorsk\'), (\'os\', \'Ossetic\'), (\'pa\', \'Punjabi\'), (\'pl\', \'Polish\'), (\'pt\', \'Portuguese\'), (\'pt-br\', \'Brazilian Portuguese\'), (\'ro\', \'Romanian\'), (\'ru\', \'Russian\'), (\'sk\', \'Slovak\'), (\'sl\', \'Slovenian\'), (\'sq\', \'Albanian\'), (\'sr\', \'Serbian\'), (\'sr-latn\', \'Serbian Latin\'), (\'sv\', \'Swedish\'), (\'sw\', \'Swahili\'), (\'ta\', \'Tamil\'), (\'te\', \'Telugu\'), (\'th\', \'Thai\'), (\'tr\', \'Turkish\'), (\'tt\', \'Tatar\'), (\'udm\', \'Udmurt\'), (\'uk\', \'Ukrainian\'), (\'ur\', \'Urdu\'), (\'vi\', \'Vietnamese\'), (\'zh-hans\', \'Simplified Chinese\'), (\'zh-hant\', \'Traditional Chinese\')], \'TIME_ZONE\': \'IST\', \'STATIC_URL\': \'/static/\', \'MEDIA_URL\': \'/media/\', \'DEFAULT_MESSAGE_LEVELS\': {\'DEBUG\': 10, \'ERROR\': 40, \'WARNING\': 30, \'INFO\': 20, \'SUCCESS\': 25}, \'perms\': <django.contrib.auth.context_processors.PermWrapper object at 0x7f50ea9726a0>}, {}, {\'user\': <SimpleLazyObject: <User: alpha>>, \'polladmin\': True, \'poll_dict\': OrderedDict(), \'alldraft\': True}, {\'block\': <Block Node: body. Contents: [<TextNode: \'\\n\'>, <django.template.loader_tags.IncludeNode object at 0x7f50ea972a20>, <TextNode: \'\\n<div class="col-sm-3 col\'>, <WithNode>, <TextNode: \'\\n</div>\\n<div class="col-s\'>, <django.template.loader_tags.IncludeNode object at 0x7f50ea972b00>, <TextNode: \'\\n</div>\\n\'>]>}, {}]'
[01/May/2016 13:12:57] DEBUG [django.template:927] Exception while resolving variable 'allcurrent_show' in template 'home/alltab.html'.
Traceback (most recent call last):
  File "/mnt/data/linbin/j192/lib/python3.4/site-packages/django/template/base.py", line 883, in _resolve_lookup
    current = current[bit]
  File "/mnt/data/linbin/j192/lib/python3.4/site-packages/django/template/context.py", line 77, in __getitem__
    raise KeyError(key)
KeyError: 'allcurrent_show'

During handling of the above exception, another exception occurred:

Traceback (most recent call last):
  File "/mnt/data/linbin/j192/lib/python3.4/site-packages/django/template/base.py", line 889, in _resolve_lookup
    if isinstance(current, BaseContext) and getattr(type(current), bit):
AttributeError: type object 'RequestContext' has no attribute 'allcurrent_show'

During handling of the above exception, another exception occurred:

Traceback (most recent call last):
  File "/mnt/data/linbin/j192/lib/python3.4/site-packages/django/template/base.py", line 898, in _resolve_lookup
    current = current[int(bit)]
ValueError: invalid literal for int() with base 10: 'allcurrent_show'

During handling of the above exception, another exception occurred:

Traceback (most recent call last):
  File "/mnt/data/linbin/j192/lib/python3.4/site-packages/django/template/base.py", line 905, in _resolve_lookup
    (bit, current))  # missing attribute
django.template.base.VariableDoesNotExist: Failed lookup for key [allcurrent_show] in '[{\'None\': None, \'True\': True, \'False\': False}, {\'user\': <SimpleLazyObject: <User: alpha>>, \'messages\': <django.contrib.messages.storage.fallback.FallbackStorage object at 0x7f50ea9505f8>, \'LANGUAGE_BIDI\': False, \'csrf_token\': <SimpleLazyObject: \'TDbuQYzkQLOJb2fW41hO0LEfAiFW3DIE\'>, \'LANGUAGE_CODE\': \'en-us\', \'request\': <WSGIRequest: GET \'/allpoll/\'>, \'LANGUAGES\': [(\'af\', \'Afrikaans\'), (\'ar\', \'Arabic\'), (\'ast\', \'Asturian\'), (\'az\', \'Azerbaijani\'), (\'bg\', \'Bulgarian\'), (\'be\', \'Belarusian\'), (\'bn\', \'Bengali\'), (\'br\', \'Breton\'), (\'bs\', \'Bosnian\'), (\'ca\', \'Catalan\'), (\'cs\', \'Czech\'), (\'cy\', \'Welsh\'), (\'da\', \'Danish\'), (\'de\', \'German\'), (\'el\', \'Greek\'), (\'en\', \'English\'), (\'en-au\', \'Australian English\'), (\'en-gb\', \'British English\'), (\'eo\', \'Esperanto\'), (\'es\', \'Spanish\'), (\'es-ar\', \'Argentinian Spanish\'), (\'es-co\', \'Colombian Spanish\'), (\'es-mx\', \'Mexican Spanish\'), (\'es-ni\', \'Nicaraguan Spanish\'), (\'es-ve\', \'Venezuelan Spanish\'), (\'et\', \'Estonian\'), (\'eu\', \'Basque\'), (\'fa\', \'Persian\'), (\'fi\', \'Finnish\'), (\'fr\', \'French\'), (\'fy\', \'Frisian\'), (\'ga\', \'Irish\'), (\'gd\', \'Scottish Gaelic\'), (\'gl\', \'Galician\'), (\'he\', \'Hebrew\'), (\'hi\', \'Hindi\'), (\'hr\', \'Croatian\'), (\'hu\', \'Hungarian\'), (\'ia\', \'Interlingua\'), (\'id\', \'Indonesian\'), (\'io\', \'Ido\'), (\'is\', \'Icelandic\'), (\'it\', \'Italian\'), (\'ja\', \'Japanese\'), (\'ka\', \'Georgian\'), (\'kk\', \'Kazakh\'), (\'km\', \'Khmer\'), (\'kn\', \'Kannada\'), (\'ko\', \'Korean\'), (\'lb\', \'Luxembourgish\'), (\'lt\', \'Lithuanian\'), (\'lv\', \'Latvian\'), (\'mk\', \'Macedonian\'), (\'ml\', \'Malayalam\'), (\'mn\', \'Mongolian\'), (\'mr\', \'Marathi\'), (\'my\', \'Burmese\'), (\'nb\', \'Norwegian Bokmal\'), (\'ne\', \'Nepali\'), (\'nl\', \'Dutch\'), (\'nn\', \'Norwegian Nynorsk\'), (\'os\', \'Ossetic\'), (\'pa\', \'Punjabi\'), (\'pl\', \'Polish\'), (\'pt\', \'Portuguese\'), (\'pt-br\', \'Brazilian Portuguese\'), (\'ro\', \'Romanian\'), (\'ru\', \'Russian\'), (\'sk\', \'Slovak\'), (\'sl\', \'Slovenian\'), (\'sq\', \'Albanian\'), (\'sr\', \'Serbian\'), (\'sr-latn\', \'Serbian Latin\'), (\'sv\', \'Swedish\'), (\'sw\', \'Swahili\'), (\'ta\', \'Tamil\'), (\'te\', \'Telugu\'), (\'th\', \'Thai\'), (\'tr\', \'Turkish\'), (\'tt\', \'Tatar\'), (\'udm\', \'Udmurt\'), (\'uk\', \'Ukrainian\'), (\'ur\', \'Urdu\'), (\'vi\', \'Vietnamese\'), (\'zh-hans\', \'Simplified Chinese\'), (\'zh-hant\', \'Traditional Chinese\')], \'TIME_ZONE\': \'IST\', \'STATIC_URL\': \'/static/\', \'MEDIA_URL\': \'/media/\', \'DEFAULT_MESSAGE_LEVELS\': {\'DEBUG\': 10, \'ERROR\': 40, \'WARNING\': 30, \'INFO\': 20, \'SUCCESS\': 25}, \'perms\': <django.contrib.auth.context_processors.PermWrapper object at 0x7f50ea9726a0>}, {}, {\'user\': <SimpleLazyObject: <User: alpha>>, \'polladmin\': True, \'poll_dict\': OrderedDict(), \'alldraft\': True}, {\'block\': <Block Node: body. Contents: [<TextNode: \'\\n\'>, <django.template.loader_tags.IncludeNode object at 0x7f50ea972a20>, <TextNode: \'\\n<div class="col-sm-3 col\'>, <WithNode>, <TextNode: \'\\n</div>\\n<div class="col-s\'>, <django.template.loader_tags.IncludeNode object at 0x7f50ea972b00>, <TextNode: \'\\n</div>\\n\'>]>}, {}]'
[01/May/2016 13:12:57] DEBUG [django.template:927] Exception while resolving variable 'allcompleted' in template 'home/alltab.html'.
Traceback (most recent call last):
  File "/mnt/data/linbin/j192/lib/python3.4/site-packages/django/template/base.py", line 883, in _resolve_lookup
    current = current[bit]
  File "/mnt/data/linbin/j192/lib/python3.4/site-packages/django/template/context.py", line 77, in __getitem__
    raise KeyError(key)
KeyError: 'allcompleted'

During handling of the above exception, another exception occurred:

Traceback (most recent call last):
  File "/mnt/data/linbin/j192/lib/python3.4/site-packages/django/template/base.py", line 889, in _resolve_lookup
    if isinstance(current, BaseContext) and getattr(type(current), bit):
AttributeError: type object 'RequestContext' has no attribute 'allcompleted'

During handling of the above exception, another exception occurred:

Traceback (most recent call last):
  File "/mnt/data/linbin/j192/lib/python3.4/site-packages/django/template/base.py", line 898, in _resolve_lookup
    current = current[int(bit)]
ValueError: invalid literal for int() with base 10: 'allcompleted'

During handling of the above exception, another exception occurred:

Traceback (most recent call last):
  File "/mnt/data/linbin/j192/lib/python3.4/site-packages/django/template/base.py", line 905, in _resolve_lookup
    (bit, current))  # missing attribute
django.template.base.VariableDoesNotExist: Failed lookup for key [allcompleted] in '[{\'None\': None, \'True\': True, \'False\': False}, {\'user\': <SimpleLazyObject: <User: alpha>>, \'messages\': <django.contrib.messages.storage.fallback.FallbackStorage object at 0x7f50ea9505f8>, \'LANGUAGE_BIDI\': False, \'csrf_token\': <SimpleLazyObject: \'TDbuQYzkQLOJb2fW41hO0LEfAiFW3DIE\'>, \'LANGUAGE_CODE\': \'en-us\', \'request\': <WSGIRequest: GET \'/allpoll/\'>, \'LANGUAGES\': [(\'af\', \'Afrikaans\'), (\'ar\', \'Arabic\'), (\'ast\', \'Asturian\'), (\'az\', \'Azerbaijani\'), (\'bg\', \'Bulgarian\'), (\'be\', \'Belarusian\'), (\'bn\', \'Bengali\'), (\'br\', \'Breton\'), (\'bs\', \'Bosnian\'), (\'ca\', \'Catalan\'), (\'cs\', \'Czech\'), (\'cy\', \'Welsh\'), (\'da\', \'Danish\'), (\'de\', \'German\'), (\'el\', \'Greek\'), (\'en\', \'English\'), (\'en-au\', \'Australian English\'), (\'en-gb\', \'British English\'), (\'eo\', \'Esperanto\'), (\'es\', \'Spanish\'), (\'es-ar\', \'Argentinian Spanish\'), (\'es-co\', \'Colombian Spanish\'), (\'es-mx\', \'Mexican Spanish\'), (\'es-ni\', \'Nicaraguan Spanish\'), (\'es-ve\', \'Venezuelan Spanish\'), (\'et\', \'Estonian\'), (\'eu\', \'Basque\'), (\'fa\', \'Persian\'), (\'fi\', \'Finnish\'), (\'fr\', \'French\'), (\'fy\', \'Frisian\'), (\'ga\', \'Irish\'), (\'gd\', \'Scottish Gaelic\'), (\'gl\', \'Galician\'), (\'he\', \'Hebrew\'), (\'hi\', \'Hindi\'), (\'hr\', \'Croatian\'), (\'hu\', \'Hungarian\'), (\'ia\', \'Interlingua\'), (\'id\', \'Indonesian\'), (\'io\', \'Ido\'), (\'is\', \'Icelandic\'), (\'it\', \'Italian\'), (\'ja\', \'Japanese\'), (\'ka\', \'Georgian\'), (\'kk\', \'Kazakh\'), (\'km\', \'Khmer\'), (\'kn\', \'Kannada\'), (\'ko\', \'Korean\'), (\'lb\', \'Luxembourgish\'), (\'lt\', \'Lithuanian\'), (\'lv\', \'Latvian\'), (\'mk\', \'Macedonian\'), (\'ml\', \'Malayalam\'), (\'mn\', \'Mongolian\'), (\'mr\', \'Marathi\'), (\'my\', \'Burmese\'), (\'nb\', \'Norwegian Bokmal\'), (\'ne\', \'Nepali\'), (\'nl\', \'Dutch\'), (\'nn\', \'Norwegian Nynorsk\'), (\'os\', \'Ossetic\'), (\'pa\', \'Punjabi\'), (\'pl\', \'Polish\'), (\'pt\', \'Portuguese\'), (\'pt-br\', \'Brazilian Portuguese\'), (\'ro\', \'Romanian\'), (\'ru\', \'Russian\'), (\'sk\', \'Slovak\'), (\'sl\', \'Slovenian\'), (\'sq\', \'Albanian\'), (\'sr\', \'Serbian\'), (\'sr-latn\', \'Serbian Latin\'), (\'sv\', \'Swedish\'), (\'sw\', \'Swahili\'), (\'ta\', \'Tamil\'), (\'te\', \'Telugu\'), (\'th\', \'Thai\'), (\'tr\', \'Turkish\'), (\'tt\', \'Tatar\'), (\'udm\', \'Udmurt\'), (\'uk\', \'Ukrainian\'), (\'ur\', \'Urdu\'), (\'vi\', \'Vietnamese\'), (\'zh-hans\', \'Simplified Chinese\'), (\'zh-hant\', \'Traditional Chinese\')], \'TIME_ZONE\': \'IST\', \'STATIC_URL\': \'/static/\', \'MEDIA_URL\': \'/media/\', \'DEFAULT_MESSAGE_LEVELS\': {\'DEBUG\': 10, \'ERROR\': 40, \'WARNING\': 30, \'INFO\': 20, \'SUCCESS\': 25}, \'perms\': <django.contrib.auth.context_processors.PermWrapper object at 0x7f50ea9726a0>}, {}, {\'user\': <SimpleLazyObject: <User: alpha>>, \'polladmin\': True, \'poll_dict\': OrderedDict(), \'alldraft\': True}, {\'block\': <Block Node: body. Contents: [<TextNode: \'\\n\'>, <django.template.loader_tags.IncludeNode object at 0x7f50ea972a20>, <TextNode: \'\\n<div class="col-sm-3 col\'>, <WithNode>, <TextNode: \'\\n</div>\\n<div class="col-s\'>, <django.template.loader_tags.IncludeNode object at 0x7f50ea972b00>, <TextNode: \'\\n</div>\\n\'>]>}, {}]'
[01/May/2016 13:12:57] DEBUG [django.template:927] Exception while resolving variable 'allcompleted_show' in template 'home/alltab.html'.
Traceback (most recent call last):
  File "/mnt/data/linbin/j192/lib/python3.4/site-packages/django/template/base.py", line 883, in _resolve_lookup
    current = current[bit]
  File "/mnt/data/linbin/j192/lib/python3.4/site-packages/django/template/context.py", line 77, in __getitem__
    raise KeyError(key)
KeyError: 'allcompleted_show'

During handling of the above exception, another exception occurred:

Traceback (most recent call last):
  File "/mnt/data/linbin/j192/lib/python3.4/site-packages/django/template/base.py", line 889, in _resolve_lookup
    if isinstance(current, BaseContext) and getattr(type(current), bit):
AttributeError: type object 'RequestContext' has no attribute 'allcompleted_show'

During handling of the above exception, another exception occurred:

Traceback (most recent call last):
  File "/mnt/data/linbin/j192/lib/python3.4/site-packages/django/template/base.py", line 898, in _resolve_lookup
    current = current[int(bit)]
ValueError: invalid literal for int() with base 10: 'allcompleted_show'

During handling of the above exception, another exception occurred:

Traceback (most recent call last):
  File "/mnt/data/linbin/j192/lib/python3.4/site-packages/django/template/base.py", line 905, in _resolve_lookup
    (bit, current))  # missing attribute
django.template.base.VariableDoesNotExist: Failed lookup for key [allcompleted_show] in '[{\'None\': None, \'True\': True, \'False\': False}, {\'user\': <SimpleLazyObject: <User: alpha>>, \'messages\': <django.contrib.messages.storage.fallback.FallbackStorage object at 0x7f50ea9505f8>, \'LANGUAGE_BIDI\': False, \'csrf_token\': <SimpleLazyObject: \'TDbuQYzkQLOJb2fW41hO0LEfAiFW3DIE\'>, \'LANGUAGE_CODE\': \'en-us\', \'request\': <WSGIRequest: GET \'/allpoll/\'>, \'LANGUAGES\': [(\'af\', \'Afrikaans\'), (\'ar\', \'Arabic\'), (\'ast\', \'Asturian\'), (\'az\', \'Azerbaijani\'), (\'bg\', \'Bulgarian\'), (\'be\', \'Belarusian\'), (\'bn\', \'Bengali\'), (\'br\', \'Breton\'), (\'bs\', \'Bosnian\'), (\'ca\', \'Catalan\'), (\'cs\', \'Czech\'), (\'cy\', \'Welsh\'), (\'da\', \'Danish\'), (\'de\', \'German\'), (\'el\', \'Greek\'), (\'en\', \'English\'), (\'en-au\', \'Australian English\'), (\'en-gb\', \'British English\'), (\'eo\', \'Esperanto\'), (\'es\', \'Spanish\'), (\'es-ar\', \'Argentinian Spanish\'), (\'es-co\', \'Colombian Spanish\'), (\'es-mx\', \'Mexican Spanish\'), (\'es-ni\', \'Nicaraguan Spanish\'), (\'es-ve\', \'Venezuelan Spanish\'), (\'et\', \'Estonian\'), (\'eu\', \'Basque\'), (\'fa\', \'Persian\'), (\'fi\', \'Finnish\'), (\'fr\', \'French\'), (\'fy\', \'Frisian\'), (\'ga\', \'Irish\'), (\'gd\', \'Scottish Gaelic\'), (\'gl\', \'Galician\'), (\'he\', \'Hebrew\'), (\'hi\', \'Hindi\'), (\'hr\', \'Croatian\'), (\'hu\', \'Hungarian\'), (\'ia\', \'Interlingua\'), (\'id\', \'Indonesian\'), (\'io\', \'Ido\'), (\'is\', \'Icelandic\'), (\'it\', \'Italian\'), (\'ja\', \'Japanese\'), (\'ka\', \'Georgian\'), (\'kk\', \'Kazakh\'), (\'km\', \'Khmer\'), (\'kn\', \'Kannada\'), (\'ko\', \'Korean\'), (\'lb\', \'Luxembourgish\'), (\'lt\', \'Lithuanian\'), (\'lv\', \'Latvian\'), (\'mk\', \'Macedonian\'), (\'ml\', \'Malayalam\'), (\'mn\', \'Mongolian\'), (\'mr\', \'Marathi\'), (\'my\', \'Burmese\'), (\'nb\', \'Norwegian Bokmal\'), (\'ne\', \'Nepali\'), (\'nl\', \'Dutch\'), (\'nn\', \'Norwegian Nynorsk\'), (\'os\', \'Ossetic\'), (\'pa\', \'Punjabi\'), (\'pl\', \'Polish\'), (\'pt\', \'Portuguese\'), (\'pt-br\', \'Brazilian Portuguese\'), (\'ro\', \'Romanian\'), (\'ru\', \'Russian\'), (\'sk\', \'Slovak\'), (\'sl\', \'Slovenian\'), (\'sq\', \'Albanian\'), (\'sr\', \'Serbian\'), (\'sr-latn\', \'Serbian Latin\'), (\'sv\', \'Swedish\'), (\'sw\', \'Swahili\'), (\'ta\', \'Tamil\'), (\'te\', \'Telugu\'), (\'th\', \'Thai\'), (\'tr\', \'Turkish\'), (\'tt\', \'Tatar\'), (\'udm\', \'Udmurt\'), (\'uk\', \'Ukrainian\'), (\'ur\', \'Urdu\'), (\'vi\', \'Vietnamese\'), (\'zh-hans\', \'Simplified Chinese\'), (\'zh-hant\', \'Traditional Chinese\')], \'TIME_ZONE\': \'IST\', \'STATIC_URL\': \'/static/\', \'MEDIA_URL\': \'/media/\', \'DEFAULT_MESSAGE_LEVELS\': {\'DEBUG\': 10, \'ERROR\': 40, \'WARNING\': 30, \'INFO\': 20, \'SUCCESS\': 25}, \'perms\': <django.contrib.auth.context_processors.PermWrapper object at 0x7f50ea9726a0>}, {}, {\'user\': <SimpleLazyObject: <User: alpha>>, \'polladmin\': True, \'poll_dict\': OrderedDict(), \'alldraft\': True}, {\'block\': <Block Node: body. Contents: [<TextNode: \'\\n\'>, <django.template.loader_tags.IncludeNode object at 0x7f50ea972a20>, <TextNode: \'\\n<div class="col-sm-3 col\'>, <WithNode>, <TextNode: \'\\n</div>\\n<div class="col-s\'>, <django.template.loader_tags.IncludeNode object at 0x7f50ea972b00>, <TextNode: \'\\n</div>\\n\'>]>}, {}]'
[01/May/2016 13:12:58] DEBUG [django.db.backends:89] (0.001) SELECT "django_session"."session_key", "django_session"."session_data", "django_session"."expire_date" FROM "django_session" WHERE ("django_session"."session_key" = 'ilk8wh7vo2qw19nq3lfv43ih233gsakz' AND "django_session"."expire_date" > '2016-05-01 07:42:58.797672'); args=('ilk8wh7vo2qw19nq3lfv43ih233gsakz', '2016-05-01 07:42:58.797672')
[01/May/2016 13:12:58] DEBUG [django.db.backends:89] (0.000) SELECT "auth_user"."id", "auth_user"."password", "auth_user"."last_login", "auth_user"."is_superuser", "auth_user"."username", "auth_user"."first_name", "auth_user"."last_name", "auth_user"."email", "auth_user"."is_staff", "auth_user"."is_active", "auth_user"."date_joined" FROM "auth_user" WHERE "auth_user"."id" = 4; args=(4,)
[01/May/2016 13:12:58] DEBUG [django.db.backends:89] (0.000) SELECT (1) AS "a" FROM "auth_group" INNER JOIN "auth_user_groups" ON ("auth_group"."id" = "auth_user_groups"."group_id") WHERE ("auth_user_groups"."user_id" = 4 AND "auth_group"."name" = 'polladmin') LIMIT 1; args=(4, 'polladmin')
[01/May/2016 13:12:58] DEBUG [django.template:927] Exception while resolving variable 'pwdcs' in template 'home/changepwdtab.html'.
Traceback (most recent call last):
  File "/mnt/data/linbin/j192/lib/python3.4/site-packages/django/template/base.py", line 883, in _resolve_lookup
    current = current[bit]
  File "/mnt/data/linbin/j192/lib/python3.4/site-packages/django/template/context.py", line 77, in __getitem__
    raise KeyError(key)
KeyError: 'pwdcs'

During handling of the above exception, another exception occurred:

Traceback (most recent call last):
  File "/mnt/data/linbin/j192/lib/python3.4/site-packages/django/template/base.py", line 889, in _resolve_lookup
    if isinstance(current, BaseContext) and getattr(type(current), bit):
AttributeError: type object 'RequestContext' has no attribute 'pwdcs'

During handling of the above exception, another exception occurred:

Traceback (most recent call last):
  File "/mnt/data/linbin/j192/lib/python3.4/site-packages/django/template/base.py", line 898, in _resolve_lookup
    current = current[int(bit)]
ValueError: invalid literal for int() with base 10: 'pwdcs'

During handling of the above exception, another exception occurred:

Traceback (most recent call last):
  File "/mnt/data/linbin/j192/lib/python3.4/site-packages/django/template/base.py", line 905, in _resolve_lookup
    (bit, current))  # missing attribute
django.template.base.VariableDoesNotExist: Failed lookup for key [pwdcs] in '[{\'None\': None, \'True\': True, \'False\': False}, {\'user\': <SimpleLazyObject: <User: alpha>>, \'messages\': <django.contrib.messages.storage.fallback.FallbackStorage object at 0x7f50ea96fd68>, \'LANGUAGE_BIDI\': False, \'csrf_token\': <SimpleLazyObject: <function csrf.<locals>._get_val at 0x7f50eabf9ae8>>, \'LANGUAGE_CODE\': \'en-us\', \'request\': <WSGIRequest: GET \'/resetpwd/\'>, \'LANGUAGES\': [(\'af\', \'Afrikaans\'), (\'ar\', \'Arabic\'), (\'ast\', \'Asturian\'), (\'az\', \'Azerbaijani\'), (\'bg\', \'Bulgarian\'), (\'be\', \'Belarusian\'), (\'bn\', \'Bengali\'), (\'br\', \'Breton\'), (\'bs\', \'Bosnian\'), (\'ca\', \'Catalan\'), (\'cs\', \'Czech\'), (\'cy\', \'Welsh\'), (\'da\', \'Danish\'), (\'de\', \'German\'), (\'el\', \'Greek\'), (\'en\', \'English\'), (\'en-au\', \'Australian English\'), (\'en-gb\', \'British English\'), (\'eo\', \'Esperanto\'), (\'es\', \'Spanish\'), (\'es-ar\', \'Argentinian Spanish\'), (\'es-co\', \'Colombian Spanish\'), (\'es-mx\', \'Mexican Spanish\'), (\'es-ni\', \'Nicaraguan Spanish\'), (\'es-ve\', \'Venezuelan Spanish\'), (\'et\', \'Estonian\'), (\'eu\', \'Basque\'), (\'fa\', \'Persian\'), (\'fi\', \'Finnish\'), (\'fr\', \'French\'), (\'fy\', \'Frisian\'), (\'ga\', \'Irish\'), (\'gd\', \'Scottish Gaelic\'), (\'gl\', \'Galician\'), (\'he\', \'Hebrew\'), (\'hi\', \'Hindi\'), (\'hr\', \'Croatian\'), (\'hu\', \'Hungarian\'), (\'ia\', \'Interlingua\'), (\'id\', \'Indonesian\'), (\'io\', \'Ido\'), (\'is\', \'Icelandic\'), (\'it\', \'Italian\'), (\'ja\', \'Japanese\'), (\'ka\', \'Georgian\'), (\'kk\', \'Kazakh\'), (\'km\', \'Khmer\'), (\'kn\', \'Kannada\'), (\'ko\', \'Korean\'), (\'lb\', \'Luxembourgish\'), (\'lt\', \'Lithuanian\'), (\'lv\', \'Latvian\'), (\'mk\', \'Macedonian\'), (\'ml\', \'Malayalam\'), (\'mn\', \'Mongolian\'), (\'mr\', \'Marathi\'), (\'my\', \'Burmese\'), (\'nb\', \'Norwegian Bokmal\'), (\'ne\', \'Nepali\'), (\'nl\', \'Dutch\'), (\'nn\', \'Norwegian Nynorsk\'), (\'os\', \'Ossetic\'), (\'pa\', \'Punjabi\'), (\'pl\', \'Polish\'), (\'pt\', \'Portuguese\'), (\'pt-br\', \'Brazilian Portuguese\'), (\'ro\', \'Romanian\'), (\'ru\', \'Russian\'), (\'sk\', \'Slovak\'), (\'sl\', \'Slovenian\'), (\'sq\', \'Albanian\'), (\'sr\', \'Serbian\'), (\'sr-latn\', \'Serbian Latin\'), (\'sv\', \'Swedish\'), (\'sw\', \'Swahili\'), (\'ta\', \'Tamil\'), (\'te\', \'Telugu\'), (\'th\', \'Thai\'), (\'tr\', \'Turkish\'), (\'tt\', \'Tatar\'), (\'udm\', \'Udmurt\'), (\'uk\', \'Ukrainian\'), (\'ur\', \'Urdu\'), (\'vi\', \'Vietnamese\'), (\'zh-hans\', \'Simplified Chinese\'), (\'zh-hant\', \'Traditional Chinese\')], \'TIME_ZONE\': \'IST\', \'STATIC_URL\': \'/static/\', \'MEDIA_URL\': \'/media/\', \'DEFAULT_MESSAGE_LEVELS\': {\'DEBUG\': 10, \'ERROR\': 40, \'WARNING\': 30, \'INFO\': 20, \'SUCCESS\': 25}, \'perms\': <django.contrib.auth.context_processors.PermWrapper object at 0x7f50ea9727f0>}, {}, {\'user\': <SimpleLazyObject: <User: alpha>>, \'polladmin\': True, \'form\': <ResetPwdForm bound=False, valid=Unknown, fields=(oldpwd;newpwd;cnfpwd)>}, {\'block\': <Block Node: body. Contents: [<TextNode: \'\\n\'>, <django.template.loader_tags.IncludeNode object at 0x7f50ea977358>, <TextNode: \'\\n<div class="col-sm-3 col\'>, <WithNode>, <TextNode: \'\\n</div>\\n<div class="col-s\'>, <django.template.loader_tags.IncludeNode object at 0x7f50ea977978>, <TextNode: \'\\n</div>\\n\'>]>}, {}]'
[01/May/2016 13:12:58] DEBUG [django.template:927] Exception while resolving variable 'errmsgs' in template 'home/changepwdtab.html'.
Traceback (most recent call last):
  File "/mnt/data/linbin/j192/lib/python3.4/site-packages/django/template/base.py", line 883, in _resolve_lookup
    current = current[bit]
  File "/mnt/data/linbin/j192/lib/python3.4/site-packages/django/template/context.py", line 77, in __getitem__
    raise KeyError(key)
KeyError: 'errmsgs'

During handling of the above exception, another exception occurred:

Traceback (most recent call last):
  File "/mnt/data/linbin/j192/lib/python3.4/site-packages/django/template/base.py", line 889, in _resolve_lookup
    if isinstance(current, BaseContext) and getattr(type(current), bit):
AttributeError: type object 'RequestContext' has no attribute 'errmsgs'

During handling of the above exception, another exception occurred:

Traceback (most recent call last):
  File "/mnt/data/linbin/j192/lib/python3.4/site-packages/django/template/base.py", line 898, in _resolve_lookup
    current = current[int(bit)]
ValueError: invalid literal for int() with base 10: 'errmsgs'

During handling of the above exception, another exception occurred:

Traceback (most recent call last):
  File "/mnt/data/linbin/j192/lib/python3.4/site-packages/django/template/base.py", line 905, in _resolve_lookup
    (bit, current))  # missing attribute
django.template.base.VariableDoesNotExist: Failed lookup for key [errmsgs] in '[{\'None\': None, \'True\': True, \'False\': False}, {\'user\': <SimpleLazyObject: <User: alpha>>, \'messages\': <django.contrib.messages.storage.fallback.FallbackStorage object at 0x7f50ea96fd68>, \'LANGUAGE_BIDI\': False, \'csrf_token\': <SimpleLazyObject: \'TDbuQYzkQLOJb2fW41hO0LEfAiFW3DIE\'>, \'LANGUAGE_CODE\': \'en-us\', \'request\': <WSGIRequest: GET \'/resetpwd/\'>, \'LANGUAGES\': [(\'af\', \'Afrikaans\'), (\'ar\', \'Arabic\'), (\'ast\', \'Asturian\'), (\'az\', \'Azerbaijani\'), (\'bg\', \'Bulgarian\'), (\'be\', \'Belarusian\'), (\'bn\', \'Bengali\'), (\'br\', \'Breton\'), (\'bs\', \'Bosnian\'), (\'ca\', \'Catalan\'), (\'cs\', \'Czech\'), (\'cy\', \'Welsh\'), (\'da\', \'Danish\'), (\'de\', \'German\'), (\'el\', \'Greek\'), (\'en\', \'English\'), (\'en-au\', \'Australian English\'), (\'en-gb\', \'British English\'), (\'eo\', \'Esperanto\'), (\'es\', \'Spanish\'), (\'es-ar\', \'Argentinian Spanish\'), (\'es-co\', \'Colombian Spanish\'), (\'es-mx\', \'Mexican Spanish\'), (\'es-ni\', \'Nicaraguan Spanish\'), (\'es-ve\', \'Venezuelan Spanish\'), (\'et\', \'Estonian\'), (\'eu\', \'Basque\'), (\'fa\', \'Persian\'), (\'fi\', \'Finnish\'), (\'fr\', \'French\'), (\'fy\', \'Frisian\'), (\'ga\', \'Irish\'), (\'gd\', \'Scottish Gaelic\'), (\'gl\', \'Galician\'), (\'he\', \'Hebrew\'), (\'hi\', \'Hindi\'), (\'hr\', \'Croatian\'), (\'hu\', \'Hungarian\'), (\'ia\', \'Interlingua\'), (\'id\', \'Indonesian\'), (\'io\', \'Ido\'), (\'is\', \'Icelandic\'), (\'it\', \'Italian\'), (\'ja\', \'Japanese\'), (\'ka\', \'Georgian\'), (\'kk\', \'Kazakh\'), (\'km\', \'Khmer\'), (\'kn\', \'Kannada\'), (\'ko\', \'Korean\'), (\'lb\', \'Luxembourgish\'), (\'lt\', \'Lithuanian\'), (\'lv\', \'Latvian\'), (\'mk\', \'Macedonian\'), (\'ml\', \'Malayalam\'), (\'mn\', \'Mongolian\'), (\'mr\', \'Marathi\'), (\'my\', \'Burmese\'), (\'nb\', \'Norwegian Bokmal\'), (\'ne\', \'Nepali\'), (\'nl\', \'Dutch\'), (\'nn\', \'Norwegian Nynorsk\'), (\'os\', \'Ossetic\'), (\'pa\', \'Punjabi\'), (\'pl\', \'Polish\'), (\'pt\', \'Portuguese\'), (\'pt-br\', \'Brazilian Portuguese\'), (\'ro\', \'Romanian\'), (\'ru\', \'Russian\'), (\'sk\', \'Slovak\'), (\'sl\', \'Slovenian\'), (\'sq\', \'Albanian\'), (\'sr\', \'Serbian\'), (\'sr-latn\', \'Serbian Latin\'), (\'sv\', \'Swedish\'), (\'sw\', \'Swahili\'), (\'ta\', \'Tamil\'), (\'te\', \'Telugu\'), (\'th\', \'Thai\'), (\'tr\', \'Turkish\'), (\'tt\', \'Tatar\'), (\'udm\', \'Udmurt\'), (\'uk\', \'Ukrainian\'), (\'ur\', \'Urdu\'), (\'vi\', \'Vietnamese\'), (\'zh-hans\', \'Simplified Chinese\'), (\'zh-hant\', \'Traditional Chinese\')], \'TIME_ZONE\': \'IST\', \'STATIC_URL\': \'/static/\', \'MEDIA_URL\': \'/media/\', \'DEFAULT_MESSAGE_LEVELS\': {\'DEBUG\': 10, \'ERROR\': 40, \'WARNING\': 30, \'INFO\': 20, \'SUCCESS\': 25}, \'perms\': <django.contrib.auth.context_processors.PermWrapper object at 0x7f50ea9727f0>}, {}, {\'user\': <SimpleLazyObject: <User: alpha>>, \'polladmin\': True, \'form\': <ResetPwdForm bound=False, valid=Unknown, fields=(oldpwd;newpwd;cnfpwd)>}, {\'block\': <Block Node: body. Contents: [<TextNode: \'\\n\'>, <django.template.loader_tags.IncludeNode object at 0x7f50ea977358>, <TextNode: \'\\n<div class="col-sm-3 col\'>, <WithNode>, <TextNode: \'\\n</div>\\n<div class="col-s\'>, <django.template.loader_tags.IncludeNode object at 0x7f50ea977978>, <TextNode: \'\\n</div>\\n\'>]>}, {}]'
[01/May/2016 13:13:42] DEBUG [django.db.backends:89] (0.001) 
            SELECT name, type FROM sqlite_master
            WHERE type in ('table', 'view') AND NOT name='sqlite_sequence'
            ORDER BY name; args=None
[01/May/2016 13:13:42] DEBUG [django.db.backends:89] (0.000) SELECT "django_migrations"."app", "django_migrations"."name" FROM "django_migrations"; args=()
[01/May/2016 13:15:11] DEBUG [django.db.backends:89] (0.001) 
            SELECT name, type FROM sqlite_master
            WHERE type in ('table', 'view') AND NOT name='sqlite_sequence'
            ORDER BY name; args=None
[01/May/2016 13:15:11] DEBUG [django.db.backends:89] (0.000) SELECT "django_migrations"."app", "django_migrations"."name" FROM "django_migrations"; args=()
[01/May/2016 13:15:19] DEBUG [django.db.backends:89] (0.001) 
            SELECT name, type FROM sqlite_master
            WHERE type in ('table', 'view') AND NOT name='sqlite_sequence'
            ORDER BY name; args=None
[01/May/2016 13:15:19] DEBUG [django.db.backends:89] (0.000) SELECT "django_migrations"."app", "django_migrations"."name" FROM "django_migrations"; args=()
[01/May/2016 13:15:31] DEBUG [django.db.backends:89] (0.001) SELECT "django_session"."session_key", "django_session"."session_data", "django_session"."expire_date" FROM "django_session" WHERE ("django_session"."expire_date" > '2016-05-01 07:45:31.835141' AND "django_session"."session_key" = 'ilk8wh7vo2qw19nq3lfv43ih233gsakz'); args=('2016-05-01 07:45:31.835141', 'ilk8wh7vo2qw19nq3lfv43ih233gsakz')
[01/May/2016 13:15:31] DEBUG [django.db.backends:89] (0.000) SELECT "auth_user"."id", "auth_user"."password", "auth_user"."last_login", "auth_user"."is_superuser", "auth_user"."username", "auth_user"."first_name", "auth_user"."last_name", "auth_user"."email", "auth_user"."is_staff", "auth_user"."is_active", "auth_user"."date_joined" FROM "auth_user" WHERE "auth_user"."id" = 4; args=(4,)
[01/May/2016 13:15:31] DEBUG [django.db.backends:89] (0.000) SELECT "django_session"."session_key", "django_session"."session_data", "django_session"."expire_date" FROM "django_session" WHERE "django_session"."session_key" = 'ilk8wh7vo2qw19nq3lfv43ih233gsakz'; args=('ilk8wh7vo2qw19nq3lfv43ih233gsakz',)
[01/May/2016 13:15:31] DEBUG [django.db.backends:89] (0.000) BEGIN; args=None
[01/May/2016 13:15:31] DEBUG [django.db.backends:89] (0.000) DELETE FROM "django_session" WHERE "django_session"."session_key" IN ('ilk8wh7vo2qw19nq3lfv43ih233gsakz'); args=('ilk8wh7vo2qw19nq3lfv43ih233gsakz',)
[01/May/2016 13:16:21] DEBUG [django.db.backends:89] (0.001) SELECT "auth_user"."id", "auth_user"."password", "auth_user"."last_login", "auth_user"."is_superuser", "auth_user"."username", "auth_user"."first_name", "auth_user"."last_name", "auth_user"."email", "auth_user"."is_staff", "auth_user"."is_active", "auth_user"."date_joined" FROM "auth_user" WHERE "auth_user"."username" = 'alpha'; args=('alpha',)
[01/May/2016 13:16:25] DEBUG [django.db.backends:89] (0.000) BEGIN; args=None
[01/May/2016 13:16:25] DEBUG [django.db.backends:89] (0.000) UPDATE "auth_user" SET "password" = 'pbkdf2_sha256$24000$UjiNfaiuFAUE$qYyc6a82XE/I0mgxLDCK2+mslMu725nuULMART6dDmE=', "last_login" = '2016-05-01 07:42:52.938943', "is_superuser" = 0, "username" = 'alpha', "first_name" = 'Alpha', "last_name" = 'Alpha', "email" = 'grbgct@gmail.com', "is_staff" = 0, "is_active" = 1, "date_joined" = '2016-02-26 16:54:35' WHERE "auth_user"."id" = 4; args=('pbkdf2_sha256$24000$UjiNfaiuFAUE$qYyc6a82XE/I0mgxLDCK2+mslMu725nuULMART6dDmE=', '2016-05-01 07:42:52.938943', False, 'alpha', 'Alpha', 'Alpha', 'grbgct@gmail.com', False, True, '2016-02-26 16:54:35', 4)
[01/May/2016 13:16:44] DEBUG [django.db.backends:89] (0.002) SELECT "auth_user"."id", "auth_user"."password", "auth_user"."last_login", "auth_user"."is_superuser", "auth_user"."username", "auth_user"."first_name", "auth_user"."last_name", "auth_user"."email", "auth_user"."is_staff", "auth_user"."is_active", "auth_user"."date_joined" FROM "auth_user" WHERE "auth_user"."username" = 'alpha'; args=('alpha',)
[01/May/2016 13:16:51] DEBUG [django.db.backends:89] (0.001) SELECT "auth_user"."id", "auth_user"."password", "auth_user"."last_login", "auth_user"."is_superuser", "auth_user"."username", "auth_user"."first_name", "auth_user"."last_name", "auth_user"."email", "auth_user"."is_staff", "auth_user"."is_active", "auth_user"."date_joined" FROM "auth_user" WHERE "auth_user"."username" = 'alpha'; args=('alpha',)
[01/May/2016 13:16:51] DEBUG [django.db.backends:89] (0.000) SELECT (1) AS "a" FROM "django_session" WHERE "django_session"."session_key" = 'ycoy0rzy0ws4ypn4x5ifgi6d10c8i8qu' LIMIT 1; args=('ycoy0rzy0ws4ypn4x5ifgi6d10c8i8qu',)
[01/May/2016 13:16:51] DEBUG [django.db.backends:89] (0.000) BEGIN; args=None
[01/May/2016 13:16:51] DEBUG [django.db.backends:89] (0.000) INSERT INTO "django_session" ("session_key", "session_data", "expire_date") SELECT 'ycoy0rzy0ws4ypn4x5ifgi6d10c8i8qu', 'ZmZiYmE3OGQ1YzY5NTUyOGE4MzMyZGU5ZjI0ZjgyZGY5MzA5ODhkZTp7fQ==', '2016-05-15 07:46:51.982825'; args=('ycoy0rzy0ws4ypn4x5ifgi6d10c8i8qu', 'ZmZiYmE3OGQ1YzY5NTUyOGE4MzMyZGU5ZjI0ZjgyZGY5MzA5ODhkZTp7fQ==', '2016-05-15 07:46:51.982825')
[01/May/2016 13:16:52] DEBUG [django.db.backends:89] (0.000) SELECT "django_session"."session_key", "django_session"."session_data", "django_session"."expire_date" FROM "django_session" WHERE "django_session"."session_key" = 'ycoy0rzy0ws4ypn4x5ifgi6d10c8i8qu'; args=('ycoy0rzy0ws4ypn4x5ifgi6d10c8i8qu',)
[01/May/2016 13:16:52] DEBUG [django.db.backends:89] (0.000) BEGIN; args=None
[01/May/2016 13:16:52] DEBUG [django.db.backends:89] (0.000) DELETE FROM "django_session" WHERE "django_session"."session_key" IN ('ycoy0rzy0ws4ypn4x5ifgi6d10c8i8qu'); args=('ycoy0rzy0ws4ypn4x5ifgi6d10c8i8qu',)
[01/May/2016 13:16:52] DEBUG [django.db.backends:89] (0.000) BEGIN; args=None
[01/May/2016 13:16:52] DEBUG [django.db.backends:89] (0.000) UPDATE "auth_user" SET "last_login" = '2016-05-01 07:46:52.249459' WHERE "auth_user"."id" = 4; args=('2016-05-01 07:46:52.249459', 4)
[01/May/2016 13:16:52] DEBUG [django.db.backends:89] (0.000) BEGIN; args=None
[01/May/2016 13:16:52] DEBUG [django.db.backends:89] (0.000) UPDATE "django_session" SET "session_data" = 'MDAxZGJkMjJhODg5NWFkZDNmNTE2YWYxMTEzOTg4ODFlZTQ4MzBkMzp7Il9hdXRoX3VzZXJfaWQiOiI0IiwiX2F1dGhfdXNlcl9oYXNoIjoiMTI1NzMxODk0OGNkNDA2OGQ3MDQ3MjBkMzJhZTA2NTA2MDQ3YzlmNSIsIl9hdXRoX3VzZXJfYmFja2VuZCI6ImRqYW5nby5jb250cmliLmF1dGguYmFja2VuZHMuTW9kZWxCYWNrZW5kIn0=', "expire_date" = '2016-05-15 07:46:52.396062' WHERE "django_session"."session_key" = 'ycoy0rzy0ws4ypn4x5ifgi6d10c8i8qu'; args=('MDAxZGJkMjJhODg5NWFkZDNmNTE2YWYxMTEzOTg4ODFlZTQ4MzBkMzp7Il9hdXRoX3VzZXJfaWQiOiI0IiwiX2F1dGhfdXNlcl9oYXNoIjoiMTI1NzMxODk0OGNkNDA2OGQ3MDQ3MjBkMzJhZTA2NTA2MDQ3YzlmNSIsIl9hdXRoX3VzZXJfYmFja2VuZCI6ImRqYW5nby5jb250cmliLmF1dGguYmFja2VuZHMuTW9kZWxCYWNrZW5kIn0=', '2016-05-15 07:46:52.396062', 'ycoy0rzy0ws4ypn4x5ifgi6d10c8i8qu')
[01/May/2016 13:16:52] DEBUG [django.db.backends:89] (0.000) INSERT INTO "django_session" ("session_key", "session_data", "expire_date") SELECT 'ycoy0rzy0ws4ypn4x5ifgi6d10c8i8qu', 'MDAxZGJkMjJhODg5NWFkZDNmNTE2YWYxMTEzOTg4ODFlZTQ4MzBkMzp7Il9hdXRoX3VzZXJfaWQiOiI0IiwiX2F1dGhfdXNlcl9oYXNoIjoiMTI1NzMxODk0OGNkNDA2OGQ3MDQ3MjBkMzJhZTA2NTA2MDQ3YzlmNSIsIl9hdXRoX3VzZXJfYmFja2VuZCI6ImRqYW5nby5jb250cmliLmF1dGguYmFja2VuZHMuTW9kZWxCYWNrZW5kIn0=', '2016-05-15 07:46:52.396062'; args=('ycoy0rzy0ws4ypn4x5ifgi6d10c8i8qu', 'MDAxZGJkMjJhODg5NWFkZDNmNTE2YWYxMTEzOTg4ODFlZTQ4MzBkMzp7Il9hdXRoX3VzZXJfaWQiOiI0IiwiX2F1dGhfdXNlcl9oYXNoIjoiMTI1NzMxODk0OGNkNDA2OGQ3MDQ3MjBkMzJhZTA2NTA2MDQ3YzlmNSIsIl9hdXRoX3VzZXJfYmFja2VuZCI6ImRqYW5nby5jb250cmliLmF1dGguYmFja2VuZHMuTW9kZWxCYWNrZW5kIn0=', '2016-05-15 07:46:52.396062')
[01/May/2016 13:16:52] DEBUG [django.db.backends:89] (0.001) SELECT "django_session"."session_key", "django_session"."session_data", "django_session"."expire_date" FROM "django_session" WHERE ("django_session"."expire_date" > '2016-05-01 07:46:52.573955' AND "django_session"."session_key" = 'ycoy0rzy0ws4ypn4x5ifgi6d10c8i8qu'); args=('2016-05-01 07:46:52.573955', 'ycoy0rzy0ws4ypn4x5ifgi6d10c8i8qu')
[01/May/2016 13:16:52] DEBUG [django.db.backends:89] (0.001) SELECT "auth_user"."id", "auth_user"."password", "auth_user"."last_login", "auth_user"."is_superuser", "auth_user"."username", "auth_user"."first_name", "auth_user"."last_name", "auth_user"."email", "auth_user"."is_staff", "auth_user"."is_active", "auth_user"."date_joined" FROM "auth_user" WHERE "auth_user"."id" = 4; args=(4,)
[01/May/2016 13:16:52] DEBUG [django.db.backends:89] (0.000) SELECT (1) AS "a" FROM "auth_group" INNER JOIN "auth_user_groups" ON ("auth_group"."id" = "auth_user_groups"."group_id") WHERE ("auth_user_groups"."user_id" = 4 AND "auth_group"."name" = 'polladmin') LIMIT 1; args=(4, 'polladmin')
[01/May/2016 13:16:52] DEBUG [django.db.backends:89] (0.000) SELECT "app_poll_core_poll_model"."id", "app_poll_core_poll_model"."poll_name", "app_poll_core_poll_model"."poll_start", "app_poll_core_poll_model"."poll_end", "app_poll_core_poll_model"."created_by", "app_poll_core_poll_model"."total_vote" FROM "app_poll_core_poll_model" WHERE "app_poll_core_poll_model"."poll_end" >= '2016-05-01' ORDER BY "app_poll_core_poll_model"."id" DESC; args=('2016-05-01',)
[01/May/2016 13:16:52] DEBUG [django.db.backends:89] (0.000) SELECT (1) AS "a" FROM "auth_group" INNER JOIN "auth_user_groups" ON ("auth_group"."id" = "auth_user_groups"."group_id") WHERE ("auth_user_groups"."user_id" = 4 AND "auth_group"."name" = 'polladmin') LIMIT 1; args=(4, 'polladmin')
[01/May/2016 13:16:55] DEBUG [django.db.backends:89] (0.002) SELECT "django_session"."session_key", "django_session"."session_data", "django_session"."expire_date" FROM "django_session" WHERE ("django_session"."expire_date" > '2016-05-01 07:46:55.659834' AND "django_session"."session_key" = 'ycoy0rzy0ws4ypn4x5ifgi6d10c8i8qu'); args=('2016-05-01 07:46:55.659834', 'ycoy0rzy0ws4ypn4x5ifgi6d10c8i8qu')
[01/May/2016 13:16:55] DEBUG [django.db.backends:89] (0.001) SELECT "auth_user"."id", "auth_user"."password", "auth_user"."last_login", "auth_user"."is_superuser", "auth_user"."username", "auth_user"."first_name", "auth_user"."last_name", "auth_user"."email", "auth_user"."is_staff", "auth_user"."is_active", "auth_user"."date_joined" FROM "auth_user" WHERE "auth_user"."id" = 4; args=(4,)
[01/May/2016 13:16:55] DEBUG [django.db.backends:89] (0.001) SELECT (1) AS "a" FROM "auth_group" INNER JOIN "auth_user_groups" ON ("auth_group"."id" = "auth_user_groups"."group_id") WHERE ("auth_user_groups"."user_id" = 4 AND "auth_group"."name" = 'polladmin') LIMIT 1; args=(4, 'polladmin')
[01/May/2016 13:16:55] DEBUG [django.template:927] Exception while resolving variable 'pwdcs' in template 'home/changepwdtab.html'.
Traceback (most recent call last):
  File "/mnt/data/linbin/j192/lib/python3.4/site-packages/django/template/base.py", line 883, in _resolve_lookup
    current = current[bit]
  File "/mnt/data/linbin/j192/lib/python3.4/site-packages/django/template/context.py", line 77, in __getitem__
    raise KeyError(key)
KeyError: 'pwdcs'

During handling of the above exception, another exception occurred:

Traceback (most recent call last):
  File "/mnt/data/linbin/j192/lib/python3.4/site-packages/django/template/base.py", line 889, in _resolve_lookup
    if isinstance(current, BaseContext) and getattr(type(current), bit):
AttributeError: type object 'RequestContext' has no attribute 'pwdcs'

During handling of the above exception, another exception occurred:

Traceback (most recent call last):
  File "/mnt/data/linbin/j192/lib/python3.4/site-packages/django/template/base.py", line 898, in _resolve_lookup
    current = current[int(bit)]
ValueError: invalid literal for int() with base 10: 'pwdcs'

During handling of the above exception, another exception occurred:

Traceback (most recent call last):
  File "/mnt/data/linbin/j192/lib/python3.4/site-packages/django/template/base.py", line 905, in _resolve_lookup
    (bit, current))  # missing attribute
django.template.base.VariableDoesNotExist: Failed lookup for key [pwdcs] in '[{\'None\': None, \'True\': True, \'False\': False}, {\'STATIC_URL\': \'/static/\', \'TIME_ZONE\': \'IST\', \'messages\': <django.contrib.messages.storage.fallback.FallbackStorage object at 0x7f5367dc8da0>, \'LANGUAGE_CODE\': \'en-us\', \'perms\': <django.contrib.auth.context_processors.PermWrapper object at 0x7f5367dcf588>, \'LANGUAGES\': [(\'af\', \'Afrikaans\'), (\'ar\', \'Arabic\'), (\'ast\', \'Asturian\'), (\'az\', \'Azerbaijani\'), (\'bg\', \'Bulgarian\'), (\'be\', \'Belarusian\'), (\'bn\', \'Bengali\'), (\'br\', \'Breton\'), (\'bs\', \'Bosnian\'), (\'ca\', \'Catalan\'), (\'cs\', \'Czech\'), (\'cy\', \'Welsh\'), (\'da\', \'Danish\'), (\'de\', \'German\'), (\'el\', \'Greek\'), (\'en\', \'English\'), (\'en-au\', \'Australian English\'), (\'en-gb\', \'British English\'), (\'eo\', \'Esperanto\'), (\'es\', \'Spanish\'), (\'es-ar\', \'Argentinian Spanish\'), (\'es-co\', \'Colombian Spanish\'), (\'es-mx\', \'Mexican Spanish\'), (\'es-ni\', \'Nicaraguan Spanish\'), (\'es-ve\', \'Venezuelan Spanish\'), (\'et\', \'Estonian\'), (\'eu\', \'Basque\'), (\'fa\', \'Persian\'), (\'fi\', \'Finnish\'), (\'fr\', \'French\'), (\'fy\', \'Frisian\'), (\'ga\', \'Irish\'), (\'gd\', \'Scottish Gaelic\'), (\'gl\', \'Galician\'), (\'he\', \'Hebrew\'), (\'hi\', \'Hindi\'), (\'hr\', \'Croatian\'), (\'hu\', \'Hungarian\'), (\'ia\', \'Interlingua\'), (\'id\', \'Indonesian\'), (\'io\', \'Ido\'), (\'is\', \'Icelandic\'), (\'it\', \'Italian\'), (\'ja\', \'Japanese\'), (\'ka\', \'Georgian\'), (\'kk\', \'Kazakh\'), (\'km\', \'Khmer\'), (\'kn\', \'Kannada\'), (\'ko\', \'Korean\'), (\'lb\', \'Luxembourgish\'), (\'lt\', \'Lithuanian\'), (\'lv\', \'Latvian\'), (\'mk\', \'Macedonian\'), (\'ml\', \'Malayalam\'), (\'mn\', \'Mongolian\'), (\'mr\', \'Marathi\'), (\'my\', \'Burmese\'), (\'nb\', \'Norwegian Bokmal\'), (\'ne\', \'Nepali\'), (\'nl\', \'Dutch\'), (\'nn\', \'Norwegian Nynorsk\'), (\'os\', \'Ossetic\'), (\'pa\', \'Punjabi\'), (\'pl\', \'Polish\'), (\'pt\', \'Portuguese\'), (\'pt-br\', \'Brazilian Portuguese\'), (\'ro\', \'Romanian\'), (\'ru\', \'Russian\'), (\'sk\', \'Slovak\'), (\'sl\', \'Slovenian\'), (\'sq\', \'Albanian\'), (\'sr\', \'Serbian\'), (\'sr-latn\', \'Serbian Latin\'), (\'sv\', \'Swedish\'), (\'sw\', \'Swahili\'), (\'ta\', \'Tamil\'), (\'te\', \'Telugu\'), (\'th\', \'Thai\'), (\'tr\', \'Turkish\'), (\'tt\', \'Tatar\'), (\'udm\', \'Udmurt\'), (\'uk\', \'Ukrainian\'), (\'ur\', \'Urdu\'), (\'vi\', \'Vietnamese\'), (\'zh-hans\', \'Simplified Chinese\'), (\'zh-hant\', \'Traditional Chinese\')], \'LANGUAGE_BIDI\': False, \'request\': <WSGIRequest: GET \'/resetpwd/\'>, \'DEFAULT_MESSAGE_LEVELS\': {\'WARNING\': 30, \'DEBUG\': 10, \'SUCCESS\': 25, \'INFO\': 20, \'ERROR\': 40}, \'csrf_token\': <SimpleLazyObject: <function csrf.<locals>._get_val at 0x7f5367dbad08>>, \'MEDIA_URL\': \'/media/\', \'user\': <SimpleLazyObject: <User: alpha>>}, {}, {\'form\': <ResetPwdForm bound=False, valid=Unknown, fields=(oldpwd;newpwd;cnfpwd)>, \'polladmin\': True, \'user\': <SimpleLazyObject: <User: alpha>>}, {\'block\': <Block Node: body. Contents: [<TextNode: \'\\n\'>, <django.template.loader_tags.IncludeNode object at 0x7f5367dcfef0>, <TextNode: \'\\n<div class="col-sm-3 col\'>, <WithNode>, <TextNode: \'\\n</div>\\n<div class="col-s\'>, <django.template.loader_tags.IncludeNode object at 0x7f5367dcf550>, <TextNode: \'\\n</div>\\n\'>]>}, {}]'
[01/May/2016 13:16:55] DEBUG [django.template:927] Exception while resolving variable 'errmsgs' in template 'home/changepwdtab.html'.
Traceback (most recent call last):
  File "/mnt/data/linbin/j192/lib/python3.4/site-packages/django/template/base.py", line 883, in _resolve_lookup
    current = current[bit]
  File "/mnt/data/linbin/j192/lib/python3.4/site-packages/django/template/context.py", line 77, in __getitem__
    raise KeyError(key)
KeyError: 'errmsgs'

During handling of the above exception, another exception occurred:

Traceback (most recent call last):
  File "/mnt/data/linbin/j192/lib/python3.4/site-packages/django/template/base.py", line 889, in _resolve_lookup
    if isinstance(current, BaseContext) and getattr(type(current), bit):
AttributeError: type object 'RequestContext' has no attribute 'errmsgs'

During handling of the above exception, another exception occurred:

Traceback (most recent call last):
  File "/mnt/data/linbin/j192/lib/python3.4/site-packages/django/template/base.py", line 898, in _resolve_lookup
    current = current[int(bit)]
ValueError: invalid literal for int() with base 10: 'errmsgs'

During handling of the above exception, another exception occurred:

Traceback (most recent call last):
  File "/mnt/data/linbin/j192/lib/python3.4/site-packages/django/template/base.py", line 905, in _resolve_lookup
    (bit, current))  # missing attribute
django.template.base.VariableDoesNotExist: Failed lookup for key [errmsgs] in '[{\'None\': None, \'True\': True, \'False\': False}, {\'STATIC_URL\': \'/static/\', \'TIME_ZONE\': \'IST\', \'messages\': <django.contrib.messages.storage.fallback.FallbackStorage object at 0x7f5367dc8da0>, \'LANGUAGE_CODE\': \'en-us\', \'perms\': <django.contrib.auth.context_processors.PermWrapper object at 0x7f5367dcf588>, \'LANGUAGES\': [(\'af\', \'Afrikaans\'), (\'ar\', \'Arabic\'), (\'ast\', \'Asturian\'), (\'az\', \'Azerbaijani\'), (\'bg\', \'Bulgarian\'), (\'be\', \'Belarusian\'), (\'bn\', \'Bengali\'), (\'br\', \'Breton\'), (\'bs\', \'Bosnian\'), (\'ca\', \'Catalan\'), (\'cs\', \'Czech\'), (\'cy\', \'Welsh\'), (\'da\', \'Danish\'), (\'de\', \'German\'), (\'el\', \'Greek\'), (\'en\', \'English\'), (\'en-au\', \'Australian English\'), (\'en-gb\', \'British English\'), (\'eo\', \'Esperanto\'), (\'es\', \'Spanish\'), (\'es-ar\', \'Argentinian Spanish\'), (\'es-co\', \'Colombian Spanish\'), (\'es-mx\', \'Mexican Spanish\'), (\'es-ni\', \'Nicaraguan Spanish\'), (\'es-ve\', \'Venezuelan Spanish\'), (\'et\', \'Estonian\'), (\'eu\', \'Basque\'), (\'fa\', \'Persian\'), (\'fi\', \'Finnish\'), (\'fr\', \'French\'), (\'fy\', \'Frisian\'), (\'ga\', \'Irish\'), (\'gd\', \'Scottish Gaelic\'), (\'gl\', \'Galician\'), (\'he\', \'Hebrew\'), (\'hi\', \'Hindi\'), (\'hr\', \'Croatian\'), (\'hu\', \'Hungarian\'), (\'ia\', \'Interlingua\'), (\'id\', \'Indonesian\'), (\'io\', \'Ido\'), (\'is\', \'Icelandic\'), (\'it\', \'Italian\'), (\'ja\', \'Japanese\'), (\'ka\', \'Georgian\'), (\'kk\', \'Kazakh\'), (\'km\', \'Khmer\'), (\'kn\', \'Kannada\'), (\'ko\', \'Korean\'), (\'lb\', \'Luxembourgish\'), (\'lt\', \'Lithuanian\'), (\'lv\', \'Latvian\'), (\'mk\', \'Macedonian\'), (\'ml\', \'Malayalam\'), (\'mn\', \'Mongolian\'), (\'mr\', \'Marathi\'), (\'my\', \'Burmese\'), (\'nb\', \'Norwegian Bokmal\'), (\'ne\', \'Nepali\'), (\'nl\', \'Dutch\'), (\'nn\', \'Norwegian Nynorsk\'), (\'os\', \'Ossetic\'), (\'pa\', \'Punjabi\'), (\'pl\', \'Polish\'), (\'pt\', \'Portuguese\'), (\'pt-br\', \'Brazilian Portuguese\'), (\'ro\', \'Romanian\'), (\'ru\', \'Russian\'), (\'sk\', \'Slovak\'), (\'sl\', \'Slovenian\'), (\'sq\', \'Albanian\'), (\'sr\', \'Serbian\'), (\'sr-latn\', \'Serbian Latin\'), (\'sv\', \'Swedish\'), (\'sw\', \'Swahili\'), (\'ta\', \'Tamil\'), (\'te\', \'Telugu\'), (\'th\', \'Thai\'), (\'tr\', \'Turkish\'), (\'tt\', \'Tatar\'), (\'udm\', \'Udmurt\'), (\'uk\', \'Ukrainian\'), (\'ur\', \'Urdu\'), (\'vi\', \'Vietnamese\'), (\'zh-hans\', \'Simplified Chinese\'), (\'zh-hant\', \'Traditional Chinese\')], \'LANGUAGE_BIDI\': False, \'request\': <WSGIRequest: GET \'/resetpwd/\'>, \'DEFAULT_MESSAGE_LEVELS\': {\'WARNING\': 30, \'DEBUG\': 10, \'SUCCESS\': 25, \'INFO\': 20, \'ERROR\': 40}, \'csrf_token\': <SimpleLazyObject: \'HuhyKZ83fPIFhRMrhnxRoC1ju9sbtzAy\'>, \'MEDIA_URL\': \'/media/\', \'user\': <SimpleLazyObject: <User: alpha>>}, {}, {\'form\': <ResetPwdForm bound=False, valid=Unknown, fields=(oldpwd;newpwd;cnfpwd)>, \'polladmin\': True, \'user\': <SimpleLazyObject: <User: alpha>>}, {\'block\': <Block Node: body. Contents: [<TextNode: \'\\n\'>, <django.template.loader_tags.IncludeNode object at 0x7f5367dcfef0>, <TextNode: \'\\n<div class="col-sm-3 col\'>, <WithNode>, <TextNode: \'\\n</div>\\n<div class="col-s\'>, <django.template.loader_tags.IncludeNode object at 0x7f5367dcf550>, <TextNode: \'\\n</div>\\n\'>]>}, {}]'
[01/May/2016 13:17:00] DEBUG [django.db.backends:89] (0.001) SELECT "django_session"."session_key", "django_session"."session_data", "django_session"."expire_date" FROM "django_session" WHERE ("django_session"."expire_date" > '2016-05-01 07:47:00.905391' AND "django_session"."session_key" = 'ycoy0rzy0ws4ypn4x5ifgi6d10c8i8qu'); args=('2016-05-01 07:47:00.905391', 'ycoy0rzy0ws4ypn4x5ifgi6d10c8i8qu')
[01/May/2016 13:17:00] DEBUG [django.db.backends:89] (0.000) SELECT "auth_user"."id", "auth_user"."password", "auth_user"."last_login", "auth_user"."is_superuser", "auth_user"."username", "auth_user"."first_name", "auth_user"."last_name", "auth_user"."email", "auth_user"."is_staff", "auth_user"."is_active", "auth_user"."date_joined" FROM "auth_user" WHERE "auth_user"."id" = 4; args=(4,)
[01/May/2016 13:17:00] DEBUG [django.db.backends:89] (0.000) SELECT (1) AS "a" FROM "auth_group" INNER JOIN "auth_user_groups" ON ("auth_group"."id" = "auth_user_groups"."group_id") WHERE ("auth_user_groups"."user_id" = 4 AND "auth_group"."name" = 'polladmin') LIMIT 1; args=(4, 'polladmin')
[01/May/2016 13:17:01] DEBUG [django.db.backends:89] (0.000) BEGIN; args=None
[01/May/2016 13:17:01] DEBUG [django.db.backends:89] (0.000) UPDATE "auth_user" SET "password" = 'pbkdf2_sha256$24000$2OTfXXK4t5G1$dPTxbdt8owgrs0wxhJ/zEJSw8oR628ypl6twogomBzI=', "last_login" = '2016-05-01 07:46:52.249459', "is_superuser" = 0, "username" = 'alpha', "first_name" = 'Alpha', "last_name" = 'Alpha', "email" = 'grbgct@gmail.com', "is_staff" = 0, "is_active" = 1, "date_joined" = '2016-02-26 16:54:35' WHERE "auth_user"."id" = 4; args=('pbkdf2_sha256$24000$2OTfXXK4t5G1$dPTxbdt8owgrs0wxhJ/zEJSw8oR628ypl6twogomBzI=', '2016-05-01 07:46:52.249459', False, 'alpha', 'Alpha', 'Alpha', 'grbgct@gmail.com', False, True, '2016-02-26 16:54:35', 4)
[01/May/2016 13:17:01] DEBUG [django.db.backends:89] (0.000) BEGIN; args=None
[01/May/2016 13:17:01] DEBUG [django.db.backends:89] (0.000) UPDATE "django_session" SET "session_data" = 'NDZkZWE2MzYyMjFlYmZlYzBiMDY2NDc1NWUxMjIyMzc4OGJmZTRjNTp7Il9hdXRoX3VzZXJfaWQiOiI0IiwiX2F1dGhfdXNlcl9oYXNoIjoiNjVlMzVkYWMwNjJiMTY1OTRjNDA3MjViYTczNzk2MTQwMDIzMDc4MiIsIl9hdXRoX3VzZXJfYmFja2VuZCI6ImRqYW5nby5jb250cmliLmF1dGguYmFja2VuZHMuTW9kZWxCYWNrZW5kIn0=', "expire_date" = '2016-05-15 07:47:01.216466' WHERE "django_session"."session_key" = 'ycoy0rzy0ws4ypn4x5ifgi6d10c8i8qu'; args=('NDZkZWE2MzYyMjFlYmZlYzBiMDY2NDc1NWUxMjIyMzc4OGJmZTRjNTp7Il9hdXRoX3VzZXJfaWQiOiI0IiwiX2F1dGhfdXNlcl9oYXNoIjoiNjVlMzVkYWMwNjJiMTY1OTRjNDA3MjViYTczNzk2MTQwMDIzMDc4MiIsIl9hdXRoX3VzZXJfYmFja2VuZCI6ImRqYW5nby5jb250cmliLmF1dGguYmFja2VuZHMuTW9kZWxCYWNrZW5kIn0=', '2016-05-15 07:47:01.216466', 'ycoy0rzy0ws4ypn4x5ifgi6d10c8i8qu')
[01/May/2016 13:17:04] DEBUG [django.db.backends:89] (0.001) SELECT "django_session"."session_key", "django_session"."session_data", "django_session"."expire_date" FROM "django_session" WHERE ("django_session"."expire_date" > '2016-05-01 07:47:04.013629' AND "django_session"."session_key" = 'ycoy0rzy0ws4ypn4x5ifgi6d10c8i8qu'); args=('2016-05-01 07:47:04.013629', 'ycoy0rzy0ws4ypn4x5ifgi6d10c8i8qu')
[01/May/2016 13:17:04] DEBUG [django.db.backends:89] (0.001) SELECT "auth_user"."id", "auth_user"."password", "auth_user"."last_login", "auth_user"."is_superuser", "auth_user"."username", "auth_user"."first_name", "auth_user"."last_name", "auth_user"."email", "auth_user"."is_staff", "auth_user"."is_active", "auth_user"."date_joined" FROM "auth_user" WHERE "auth_user"."id" = 4; args=(4,)
[01/May/2016 13:17:04] DEBUG [django.db.backends:89] (0.000) SELECT "django_session"."session_key", "django_session"."session_data", "django_session"."expire_date" FROM "django_session" WHERE "django_session"."session_key" = 'ycoy0rzy0ws4ypn4x5ifgi6d10c8i8qu'; args=('ycoy0rzy0ws4ypn4x5ifgi6d10c8i8qu',)
[01/May/2016 13:17:04] DEBUG [django.db.backends:89] (0.000) BEGIN; args=None
[01/May/2016 13:17:04] DEBUG [django.db.backends:89] (0.001) DELETE FROM "django_session" WHERE "django_session"."session_key" IN ('ycoy0rzy0ws4ypn4x5ifgi6d10c8i8qu'); args=('ycoy0rzy0ws4ypn4x5ifgi6d10c8i8qu',)
[01/May/2016 13:17:08] DEBUG [django.db.backends:89] (0.001) SELECT "auth_user"."id", "auth_user"."password", "auth_user"."last_login", "auth_user"."is_superuser", "auth_user"."username", "auth_user"."first_name", "auth_user"."last_name", "auth_user"."email", "auth_user"."is_staff", "auth_user"."is_active", "auth_user"."date_joined" FROM "auth_user" WHERE "auth_user"."username" = 'alpha'; args=('alpha',)
[01/May/2016 13:17:08] DEBUG [django.db.backends:89] (0.000) SELECT (1) AS "a" FROM "django_session" WHERE "django_session"."session_key" = 'qq68b2ezulsdxqmsnx1ti5u7fs1d1l5z' LIMIT 1; args=('qq68b2ezulsdxqmsnx1ti5u7fs1d1l5z',)
[01/May/2016 13:17:08] DEBUG [django.db.backends:89] (0.000) BEGIN; args=None
[01/May/2016 13:17:08] DEBUG [django.db.backends:89] (0.000) INSERT INTO "django_session" ("session_key", "session_data", "expire_date") SELECT 'qq68b2ezulsdxqmsnx1ti5u7fs1d1l5z', 'ZmZiYmE3OGQ1YzY5NTUyOGE4MzMyZGU5ZjI0ZjgyZGY5MzA5ODhkZTp7fQ==', '2016-05-15 07:47:08.465967'; args=('qq68b2ezulsdxqmsnx1ti5u7fs1d1l5z', 'ZmZiYmE3OGQ1YzY5NTUyOGE4MzMyZGU5ZjI0ZjgyZGY5MzA5ODhkZTp7fQ==', '2016-05-15 07:47:08.465967')
[01/May/2016 13:17:08] DEBUG [django.db.backends:89] (0.000) SELECT "django_session"."session_key", "django_session"."session_data", "django_session"."expire_date" FROM "django_session" WHERE "django_session"."session_key" = 'qq68b2ezulsdxqmsnx1ti5u7fs1d1l5z'; args=('qq68b2ezulsdxqmsnx1ti5u7fs1d1l5z',)
[01/May/2016 13:17:08] DEBUG [django.db.backends:89] (0.000) BEGIN; args=None
[01/May/2016 13:17:08] DEBUG [django.db.backends:89] (0.000) DELETE FROM "django_session" WHERE "django_session"."session_key" IN ('qq68b2ezulsdxqmsnx1ti5u7fs1d1l5z'); args=('qq68b2ezulsdxqmsnx1ti5u7fs1d1l5z',)
[01/May/2016 13:17:08] DEBUG [django.db.backends:89] (0.000) BEGIN; args=None
[01/May/2016 13:17:08] DEBUG [django.db.backends:89] (0.000) UPDATE "auth_user" SET "last_login" = '2016-05-01 07:47:08.764971' WHERE "auth_user"."id" = 4; args=('2016-05-01 07:47:08.764971', 4)
[01/May/2016 13:17:08] DEBUG [django.db.backends:89] (0.000) BEGIN; args=None
[01/May/2016 13:17:08] DEBUG [django.db.backends:89] (0.000) UPDATE "django_session" SET "session_data" = 'NDZkZWE2MzYyMjFlYmZlYzBiMDY2NDc1NWUxMjIyMzc4OGJmZTRjNTp7Il9hdXRoX3VzZXJfaWQiOiI0IiwiX2F1dGhfdXNlcl9oYXNoIjoiNjVlMzVkYWMwNjJiMTY1OTRjNDA3MjViYTczNzk2MTQwMDIzMDc4MiIsIl9hdXRoX3VzZXJfYmFja2VuZCI6ImRqYW5nby5jb250cmliLmF1dGguYmFja2VuZHMuTW9kZWxCYWNrZW5kIn0=', "expire_date" = '2016-05-15 07:47:08.920744' WHERE "django_session"."session_key" = 'qq68b2ezulsdxqmsnx1ti5u7fs1d1l5z'; args=('NDZkZWE2MzYyMjFlYmZlYzBiMDY2NDc1NWUxMjIyMzc4OGJmZTRjNTp7Il9hdXRoX3VzZXJfaWQiOiI0IiwiX2F1dGhfdXNlcl9oYXNoIjoiNjVlMzVkYWMwNjJiMTY1OTRjNDA3MjViYTczNzk2MTQwMDIzMDc4MiIsIl9hdXRoX3VzZXJfYmFja2VuZCI6ImRqYW5nby5jb250cmliLmF1dGguYmFja2VuZHMuTW9kZWxCYWNrZW5kIn0=', '2016-05-15 07:47:08.920744', 'qq68b2ezulsdxqmsnx1ti5u7fs1d1l5z')
[01/May/2016 13:17:08] DEBUG [django.db.backends:89] (0.000) INSERT INTO "django_session" ("session_key", "session_data", "expire_date") SELECT 'qq68b2ezulsdxqmsnx1ti5u7fs1d1l5z', 'NDZkZWE2MzYyMjFlYmZlYzBiMDY2NDc1NWUxMjIyMzc4OGJmZTRjNTp7Il9hdXRoX3VzZXJfaWQiOiI0IiwiX2F1dGhfdXNlcl9oYXNoIjoiNjVlMzVkYWMwNjJiMTY1OTRjNDA3MjViYTczNzk2MTQwMDIzMDc4MiIsIl9hdXRoX3VzZXJfYmFja2VuZCI6ImRqYW5nby5jb250cmliLmF1dGguYmFja2VuZHMuTW9kZWxCYWNrZW5kIn0=', '2016-05-15 07:47:08.920744'; args=('qq68b2ezulsdxqmsnx1ti5u7fs1d1l5z', 'NDZkZWE2MzYyMjFlYmZlYzBiMDY2NDc1NWUxMjIyMzc4OGJmZTRjNTp7Il9hdXRoX3VzZXJfaWQiOiI0IiwiX2F1dGhfdXNlcl9oYXNoIjoiNjVlMzVkYWMwNjJiMTY1OTRjNDA3MjViYTczNzk2MTQwMDIzMDc4MiIsIl9hdXRoX3VzZXJfYmFja2VuZCI6ImRqYW5nby5jb250cmliLmF1dGguYmFja2VuZHMuTW9kZWxCYWNrZW5kIn0=', '2016-05-15 07:47:08.920744')
[01/May/2016 13:17:09] DEBUG [django.db.backends:89] (0.001) SELECT "django_session"."session_key", "django_session"."session_data", "django_session"."expire_date" FROM "django_session" WHERE ("django_session"."expire_date" > '2016-05-01 07:47:09.121412' AND "django_session"."session_key" = 'qq68b2ezulsdxqmsnx1ti5u7fs1d1l5z'); args=('2016-05-01 07:47:09.121412', 'qq68b2ezulsdxqmsnx1ti5u7fs1d1l5z')
[01/May/2016 13:17:09] DEBUG [django.db.backends:89] (0.000) SELECT "auth_user"."id", "auth_user"."password", "auth_user"."last_login", "auth_user"."is_superuser", "auth_user"."username", "auth_user"."first_name", "auth_user"."last_name", "auth_user"."email", "auth_user"."is_staff", "auth_user"."is_active", "auth_user"."date_joined" FROM "auth_user" WHERE "auth_user"."id" = 4; args=(4,)
[01/May/2016 13:17:09] DEBUG [django.db.backends:89] (0.001) SELECT (1) AS "a" FROM "auth_group" INNER JOIN "auth_user_groups" ON ("auth_group"."id" = "auth_user_groups"."group_id") WHERE ("auth_user_groups"."user_id" = 4 AND "auth_group"."name" = 'polladmin') LIMIT 1; args=(4, 'polladmin')
[01/May/2016 13:17:09] DEBUG [django.db.backends:89] (0.000) SELECT "app_poll_core_poll_model"."id", "app_poll_core_poll_model"."poll_name", "app_poll_core_poll_model"."poll_start", "app_poll_core_poll_model"."poll_end", "app_poll_core_poll_model"."created_by", "app_poll_core_poll_model"."total_vote" FROM "app_poll_core_poll_model" WHERE "app_poll_core_poll_model"."poll_end" >= '2016-05-01' ORDER BY "app_poll_core_poll_model"."id" DESC; args=('2016-05-01',)
[01/May/2016 13:17:09] DEBUG [django.db.backends:89] (0.000) SELECT (1) AS "a" FROM "auth_group" INNER JOIN "auth_user_groups" ON ("auth_group"."id" = "auth_user_groups"."group_id") WHERE ("auth_user_groups"."user_id" = 4 AND "auth_group"."name" = 'polladmin') LIMIT 1; args=(4, 'polladmin')
[01/May/2016 13:17:54] DEBUG [django.db.backends:89] (0.001) 
            SELECT name, type FROM sqlite_master
            WHERE type in ('table', 'view') AND NOT name='sqlite_sequence'
            ORDER BY name; args=None
[01/May/2016 13:17:54] DEBUG [django.db.backends:89] (0.000) SELECT "django_migrations"."app", "django_migrations"."name" FROM "django_migrations"; args=()
[01/May/2016 13:19:11] DEBUG [django.db.backends:89] (0.001) 
            SELECT name, type FROM sqlite_master
            WHERE type in ('table', 'view') AND NOT name='sqlite_sequence'
            ORDER BY name; args=None
[01/May/2016 13:19:11] DEBUG [django.db.backends:89] (0.000) SELECT "django_migrations"."app", "django_migrations"."name" FROM "django_migrations"; args=()
[01/May/2016 13:19:17] DEBUG [django.db.backends:89] (0.001) 
            SELECT name, type FROM sqlite_master
            WHERE type in ('table', 'view') AND NOT name='sqlite_sequence'
            ORDER BY name; args=None
[01/May/2016 13:19:17] DEBUG [django.db.backends:89] (0.000) SELECT "django_migrations"."app", "django_migrations"."name" FROM "django_migrations"; args=()
[01/May/2016 13:19:35] DEBUG [django.db.backends:89] (0.001) 
            SELECT name, type FROM sqlite_master
            WHERE type in ('table', 'view') AND NOT name='sqlite_sequence'
            ORDER BY name; args=None
[01/May/2016 13:19:35] DEBUG [django.db.backends:89] (0.000) SELECT "django_migrations"."app", "django_migrations"."name" FROM "django_migrations"; args=()
[01/May/2016 13:19:42] DEBUG [django.db.backends:89] (0.001) 
            SELECT name, type FROM sqlite_master
            WHERE type in ('table', 'view') AND NOT name='sqlite_sequence'
            ORDER BY name; args=None
[01/May/2016 13:19:42] DEBUG [django.db.backends:89] (0.000) SELECT "django_migrations"."app", "django_migrations"."name" FROM "django_migrations"; args=()
[01/May/2016 13:19:54] DEBUG [django.db.backends:89] (0.001) 
            SELECT name, type FROM sqlite_master
            WHERE type in ('table', 'view') AND NOT name='sqlite_sequence'
            ORDER BY name; args=None
[01/May/2016 13:19:54] DEBUG [django.db.backends:89] (0.000) SELECT "django_migrations"."app", "django_migrations"."name" FROM "django_migrations"; args=()
[01/May/2016 13:19:58] DEBUG [django.db.backends:89] (0.001) SELECT "django_session"."session_key", "django_session"."session_data", "django_session"."expire_date" FROM "django_session" WHERE ("django_session"."session_key" = 'qq68b2ezulsdxqmsnx1ti5u7fs1d1l5z' AND "django_session"."expire_date" > '2016-05-01 07:49:58.023047'); args=('qq68b2ezulsdxqmsnx1ti5u7fs1d1l5z', '2016-05-01 07:49:58.023047')
[01/May/2016 13:19:58] DEBUG [django.db.backends:89] (0.000) SELECT "auth_user"."id", "auth_user"."password", "auth_user"."last_login", "auth_user"."is_superuser", "auth_user"."username", "auth_user"."first_name", "auth_user"."last_name", "auth_user"."email", "auth_user"."is_staff", "auth_user"."is_active", "auth_user"."date_joined" FROM "auth_user" WHERE "auth_user"."id" = 4; args=(4,)
[01/May/2016 13:19:58] DEBUG [django.db.backends:89] (0.000) SELECT "django_session"."session_key", "django_session"."session_data", "django_session"."expire_date" FROM "django_session" WHERE "django_session"."session_key" = 'qq68b2ezulsdxqmsnx1ti5u7fs1d1l5z'; args=('qq68b2ezulsdxqmsnx1ti5u7fs1d1l5z',)
[01/May/2016 13:19:58] DEBUG [django.db.backends:89] (0.000) BEGIN; args=None
[01/May/2016 13:19:58] DEBUG [django.db.backends:89] (0.000) DELETE FROM "django_session" WHERE "django_session"."session_key" IN ('qq68b2ezulsdxqmsnx1ti5u7fs1d1l5z'); args=('qq68b2ezulsdxqmsnx1ti5u7fs1d1l5z',)
[01/May/2016 13:20:09] DEBUG [django.db.backends:89] (0.001) SELECT "auth_user"."id", "auth_user"."password", "auth_user"."last_login", "auth_user"."is_superuser", "auth_user"."username", "auth_user"."first_name", "auth_user"."last_name", "auth_user"."email", "auth_user"."is_staff", "auth_user"."is_active", "auth_user"."date_joined" FROM "auth_user" WHERE "auth_user"."username" = 'alpha'; args=('alpha',)
[01/May/2016 13:20:42] DEBUG [django.db.backends:89] (0.001) 
            SELECT name, type FROM sqlite_master
            WHERE type in ('table', 'view') AND NOT name='sqlite_sequence'
            ORDER BY name; args=None
[01/May/2016 13:20:42] DEBUG [django.db.backends:89] (0.000) SELECT "django_migrations"."app", "django_migrations"."name" FROM "django_migrations"; args=()
[01/May/2016 13:21:55] DEBUG [django.db.backends:89] (0.001) 
            SELECT name, type FROM sqlite_master
            WHERE type in ('table', 'view') AND NOT name='sqlite_sequence'
            ORDER BY name; args=None
[01/May/2016 13:21:55] DEBUG [django.db.backends:89] (0.000) SELECT "django_migrations"."app", "django_migrations"."name" FROM "django_migrations"; args=()
[01/May/2016 13:22:17] DEBUG [django.db.backends:89] (0.001) 
            SELECT name, type FROM sqlite_master
            WHERE type in ('table', 'view') AND NOT name='sqlite_sequence'
            ORDER BY name; args=None
[01/May/2016 13:22:17] DEBUG [django.db.backends:89] (0.000) SELECT "django_migrations"."app", "django_migrations"."name" FROM "django_migrations"; args=()
[01/May/2016 13:26:50] DEBUG [django.db.backends:89] (0.001) SELECT "auth_user"."id", "auth_user"."password", "auth_user"."last_login", "auth_user"."is_superuser", "auth_user"."username", "auth_user"."first_name", "auth_user"."last_name", "auth_user"."email", "auth_user"."is_staff", "auth_user"."is_active", "auth_user"."date_joined" FROM "auth_user" WHERE "auth_user"."username" = 'bravo'; args=('bravo',)
[01/May/2016 13:26:54] DEBUG [django.db.backends:89] (0.000) BEGIN; args=None
[01/May/2016 13:26:54] DEBUG [django.db.backends:89] (0.000) UPDATE "auth_user" SET "password" = 'pbkdf2_sha256$24000$FJP3TlGK4aSW$MfECbTBe+OM8GdFl9aCxz2nBgrNFIu9Cv+7znOCzVNw=', "last_login" = '2016-05-01 06:04:40.578043', "is_superuser" = 0, "username" = 'bravo', "first_name" = 'Bravo', "last_name" = 'Bravo', "email" = 'bravo@email.com', "is_staff" = 0, "is_active" = 1, "date_joined" = '2016-02-27 05:50:38' WHERE "auth_user"."id" = 5; args=('pbkdf2_sha256$24000$FJP3TlGK4aSW$MfECbTBe+OM8GdFl9aCxz2nBgrNFIu9Cv+7znOCzVNw=', '2016-05-01 06:04:40.578043', False, 'bravo', 'Bravo', 'Bravo', 'bravo@email.com', False, True, '2016-02-27 05:50:38', 5)
[01/May/2016 13:29:09] DEBUG [django.db.backends:89] (0.001) SELECT "auth_user"."id", "auth_user"."password", "auth_user"."last_login", "auth_user"."is_superuser", "auth_user"."username", "auth_user"."first_name", "auth_user"."last_name", "auth_user"."email", "auth_user"."is_staff", "auth_user"."is_active", "auth_user"."date_joined" FROM "auth_user" WHERE "auth_user"."username" = 'bravo'; args=('bravo',)
[01/May/2016 13:29:09] DEBUG [django.db.backends:89] (0.000) SELECT (1) AS "a" FROM "django_session" WHERE "django_session"."session_key" = 'ofr7r37csvxq762leype5r4hm2mos3vq' LIMIT 1; args=('ofr7r37csvxq762leype5r4hm2mos3vq',)
[01/May/2016 13:29:09] DEBUG [django.db.backends:89] (0.000) BEGIN; args=None
[01/May/2016 13:29:09] DEBUG [django.db.backends:89] (0.000) INSERT INTO "django_session" ("session_key", "session_data", "expire_date") SELECT 'ofr7r37csvxq762leype5r4hm2mos3vq', 'ZmZiYmE3OGQ1YzY5NTUyOGE4MzMyZGU5ZjI0ZjgyZGY5MzA5ODhkZTp7fQ==', '2016-05-15 07:59:09.263137'; args=('ofr7r37csvxq762leype5r4hm2mos3vq', 'ZmZiYmE3OGQ1YzY5NTUyOGE4MzMyZGU5ZjI0ZjgyZGY5MzA5ODhkZTp7fQ==', '2016-05-15 07:59:09.263137')
[01/May/2016 13:29:09] DEBUG [django.db.backends:89] (0.000) SELECT "django_session"."session_key", "django_session"."session_data", "django_session"."expire_date" FROM "django_session" WHERE "django_session"."session_key" = 'ofr7r37csvxq762leype5r4hm2mos3vq'; args=('ofr7r37csvxq762leype5r4hm2mos3vq',)
[01/May/2016 13:29:09] DEBUG [django.db.backends:89] (0.000) BEGIN; args=None
[01/May/2016 13:29:09] DEBUG [django.db.backends:89] (0.000) DELETE FROM "django_session" WHERE "django_session"."session_key" IN ('ofr7r37csvxq762leype5r4hm2mos3vq'); args=('ofr7r37csvxq762leype5r4hm2mos3vq',)
[01/May/2016 13:29:09] DEBUG [django.db.backends:89] (0.000) BEGIN; args=None
[01/May/2016 13:29:09] DEBUG [django.db.backends:89] (0.001) UPDATE "auth_user" SET "last_login" = '2016-05-01 07:59:09.533174' WHERE "auth_user"."id" = 5; args=('2016-05-01 07:59:09.533174', 5)
[01/May/2016 13:29:09] DEBUG [django.db.backends:89] (0.000) BEGIN; args=None
[01/May/2016 13:29:09] DEBUG [django.db.backends:89] (0.000) UPDATE "django_session" SET "session_data" = 'MmRiM2Q0YmU2MDkxZDFkZTg4NWJmMDU5ZWUzOGRkOTUxYTIwZWFkMTp7Il9hdXRoX3VzZXJfaGFzaCI6IjBjYjM5Yzk5ZDhkOGM5OTY5NTA5ZGE5ODgzYjVjM2Q3ZmRmOGJjOTgiLCJfYXV0aF91c2VyX2JhY2tlbmQiOiJkamFuZ28uY29udHJpYi5hdXRoLmJhY2tlbmRzLk1vZGVsQmFja2VuZCIsIl9hdXRoX3VzZXJfaWQiOiI1In0=', "expire_date" = '2016-05-15 07:59:09.733190' WHERE "django_session"."session_key" = 'ofr7r37csvxq762leype5r4hm2mos3vq'; args=('MmRiM2Q0YmU2MDkxZDFkZTg4NWJmMDU5ZWUzOGRkOTUxYTIwZWFkMTp7Il9hdXRoX3VzZXJfaGFzaCI6IjBjYjM5Yzk5ZDhkOGM5OTY5NTA5ZGE5ODgzYjVjM2Q3ZmRmOGJjOTgiLCJfYXV0aF91c2VyX2JhY2tlbmQiOiJkamFuZ28uY29udHJpYi5hdXRoLmJhY2tlbmRzLk1vZGVsQmFja2VuZCIsIl9hdXRoX3VzZXJfaWQiOiI1In0=', '2016-05-15 07:59:09.733190', 'ofr7r37csvxq762leype5r4hm2mos3vq')
[01/May/2016 13:29:09] DEBUG [django.db.backends:89] (0.000) INSERT INTO "django_session" ("session_key", "session_data", "expire_date") SELECT 'ofr7r37csvxq762leype5r4hm2mos3vq', 'MmRiM2Q0YmU2MDkxZDFkZTg4NWJmMDU5ZWUzOGRkOTUxYTIwZWFkMTp7Il9hdXRoX3VzZXJfaGFzaCI6IjBjYjM5Yzk5ZDhkOGM5OTY5NTA5ZGE5ODgzYjVjM2Q3ZmRmOGJjOTgiLCJfYXV0aF91c2VyX2JhY2tlbmQiOiJkamFuZ28uY29udHJpYi5hdXRoLmJhY2tlbmRzLk1vZGVsQmFja2VuZCIsIl9hdXRoX3VzZXJfaWQiOiI1In0=', '2016-05-15 07:59:09.733190'; args=('ofr7r37csvxq762leype5r4hm2mos3vq', 'MmRiM2Q0YmU2MDkxZDFkZTg4NWJmMDU5ZWUzOGRkOTUxYTIwZWFkMTp7Il9hdXRoX3VzZXJfaGFzaCI6IjBjYjM5Yzk5ZDhkOGM5OTY5NTA5ZGE5ODgzYjVjM2Q3ZmRmOGJjOTgiLCJfYXV0aF91c2VyX2JhY2tlbmQiOiJkamFuZ28uY29udHJpYi5hdXRoLmJhY2tlbmRzLk1vZGVsQmFja2VuZCIsIl9hdXRoX3VzZXJfaWQiOiI1In0=', '2016-05-15 07:59:09.733190')
[01/May/2016 13:29:09] DEBUG [django.db.backends:89] (0.002) SELECT "django_session"."session_key", "django_session"."session_data", "django_session"."expire_date" FROM "django_session" WHERE ("django_session"."session_key" = 'ofr7r37csvxq762leype5r4hm2mos3vq' AND "django_session"."expire_date" > '2016-05-01 07:59:09.899581'); args=('ofr7r37csvxq762leype5r4hm2mos3vq', '2016-05-01 07:59:09.899581')
[01/May/2016 13:29:09] DEBUG [django.db.backends:89] (0.001) SELECT "auth_user"."id", "auth_user"."password", "auth_user"."last_login", "auth_user"."is_superuser", "auth_user"."username", "auth_user"."first_name", "auth_user"."last_name", "auth_user"."email", "auth_user"."is_staff", "auth_user"."is_active", "auth_user"."date_joined" FROM "auth_user" WHERE "auth_user"."id" = 5; args=(5,)
[01/May/2016 13:29:09] DEBUG [django.db.backends:89] (0.000) SELECT (1) AS "a" FROM "auth_group" INNER JOIN "auth_user_groups" ON ("auth_group"."id" = "auth_user_groups"."group_id") WHERE ("auth_user_groups"."user_id" = 5 AND "auth_group"."name" = 'polladmin') LIMIT 1; args=(5, 'polladmin')
[01/May/2016 13:29:09] DEBUG [django.db.backends:89] (0.000) SELECT "app_poll_core_poll_model"."id", "app_poll_core_poll_model"."poll_name", "app_poll_core_poll_model"."poll_start", "app_poll_core_poll_model"."poll_end", "app_poll_core_poll_model"."created_by", "app_poll_core_poll_model"."total_vote" FROM "app_poll_core_poll_model" WHERE "app_poll_core_poll_model"."poll_end" >= '2016-05-01' ORDER BY "app_poll_core_poll_model"."id" DESC; args=('2016-05-01',)
[01/May/2016 13:29:09] DEBUG [django.db.backends:89] (0.000) SELECT (1) AS "a" FROM "auth_group" INNER JOIN "auth_user_groups" ON ("auth_group"."id" = "auth_user_groups"."group_id") WHERE ("auth_user_groups"."user_id" = 5 AND "auth_group"."name" = 'polladmin') LIMIT 1; args=(5, 'polladmin')
[01/May/2016 13:29:11] DEBUG [django.db.backends:89] (0.001) SELECT "django_session"."session_key", "django_session"."session_data", "django_session"."expire_date" FROM "django_session" WHERE ("django_session"."session_key" = 'ofr7r37csvxq762leype5r4hm2mos3vq' AND "django_session"."expire_date" > '2016-05-01 07:59:11.681619'); args=('ofr7r37csvxq762leype5r4hm2mos3vq', '2016-05-01 07:59:11.681619')
[01/May/2016 13:29:11] DEBUG [django.db.backends:89] (0.000) SELECT "auth_user"."id", "auth_user"."password", "auth_user"."last_login", "auth_user"."is_superuser", "auth_user"."username", "auth_user"."first_name", "auth_user"."last_name", "auth_user"."email", "auth_user"."is_staff", "auth_user"."is_active", "auth_user"."date_joined" FROM "auth_user" WHERE "auth_user"."id" = 5; args=(5,)
[01/May/2016 13:29:11] DEBUG [django.db.backends:89] (0.000) SELECT (1) AS "a" FROM "auth_group" INNER JOIN "auth_user_groups" ON ("auth_group"."id" = "auth_user_groups"."group_id") WHERE ("auth_user_groups"."user_id" = 5 AND "auth_group"."name" = 'polladmin') LIMIT 1; args=(5, 'polladmin')
[01/May/2016 13:29:11] DEBUG [django.template:927] Exception while resolving variable 'pwdcs' in template 'home/changepwdtab.html'.
Traceback (most recent call last):
  File "/mnt/data/linbin/j192/lib/python3.4/site-packages/django/template/base.py", line 883, in _resolve_lookup
    current = current[bit]
  File "/mnt/data/linbin/j192/lib/python3.4/site-packages/django/template/context.py", line 77, in __getitem__
    raise KeyError(key)
KeyError: 'pwdcs'

During handling of the above exception, another exception occurred:

Traceback (most recent call last):
  File "/mnt/data/linbin/j192/lib/python3.4/site-packages/django/template/base.py", line 889, in _resolve_lookup
    if isinstance(current, BaseContext) and getattr(type(current), bit):
AttributeError: type object 'RequestContext' has no attribute 'pwdcs'

During handling of the above exception, another exception occurred:

Traceback (most recent call last):
  File "/mnt/data/linbin/j192/lib/python3.4/site-packages/django/template/base.py", line 898, in _resolve_lookup
    current = current[int(bit)]
ValueError: invalid literal for int() with base 10: 'pwdcs'

During handling of the above exception, another exception occurred:

Traceback (most recent call last):
  File "/mnt/data/linbin/j192/lib/python3.4/site-packages/django/template/base.py", line 905, in _resolve_lookup
    (bit, current))  # missing attribute
django.template.base.VariableDoesNotExist: Failed lookup for key [pwdcs] in '[{\'False\': False, \'True\': True, \'None\': None}, {\'LANGUAGE_CODE\': \'en-us\', \'user\': <SimpleLazyObject: <User: bravo>>, \'messages\': <django.contrib.messages.storage.fallback.FallbackStorage object at 0x7f74b8366a58>, \'LANGUAGE_BIDI\': False, \'MEDIA_URL\': \'/media/\', \'LANGUAGES\': [(\'af\', \'Afrikaans\'), (\'ar\', \'Arabic\'), (\'ast\', \'Asturian\'), (\'az\', \'Azerbaijani\'), (\'bg\', \'Bulgarian\'), (\'be\', \'Belarusian\'), (\'bn\', \'Bengali\'), (\'br\', \'Breton\'), (\'bs\', \'Bosnian\'), (\'ca\', \'Catalan\'), (\'cs\', \'Czech\'), (\'cy\', \'Welsh\'), (\'da\', \'Danish\'), (\'de\', \'German\'), (\'el\', \'Greek\'), (\'en\', \'English\'), (\'en-au\', \'Australian English\'), (\'en-gb\', \'British English\'), (\'eo\', \'Esperanto\'), (\'es\', \'Spanish\'), (\'es-ar\', \'Argentinian Spanish\'), (\'es-co\', \'Colombian Spanish\'), (\'es-mx\', \'Mexican Spanish\'), (\'es-ni\', \'Nicaraguan Spanish\'), (\'es-ve\', \'Venezuelan Spanish\'), (\'et\', \'Estonian\'), (\'eu\', \'Basque\'), (\'fa\', \'Persian\'), (\'fi\', \'Finnish\'), (\'fr\', \'French\'), (\'fy\', \'Frisian\'), (\'ga\', \'Irish\'), (\'gd\', \'Scottish Gaelic\'), (\'gl\', \'Galician\'), (\'he\', \'Hebrew\'), (\'hi\', \'Hindi\'), (\'hr\', \'Croatian\'), (\'hu\', \'Hungarian\'), (\'ia\', \'Interlingua\'), (\'id\', \'Indonesian\'), (\'io\', \'Ido\'), (\'is\', \'Icelandic\'), (\'it\', \'Italian\'), (\'ja\', \'Japanese\'), (\'ka\', \'Georgian\'), (\'kk\', \'Kazakh\'), (\'km\', \'Khmer\'), (\'kn\', \'Kannada\'), (\'ko\', \'Korean\'), (\'lb\', \'Luxembourgish\'), (\'lt\', \'Lithuanian\'), (\'lv\', \'Latvian\'), (\'mk\', \'Macedonian\'), (\'ml\', \'Malayalam\'), (\'mn\', \'Mongolian\'), (\'mr\', \'Marathi\'), (\'my\', \'Burmese\'), (\'nb\', \'Norwegian Bokmal\'), (\'ne\', \'Nepali\'), (\'nl\', \'Dutch\'), (\'nn\', \'Norwegian Nynorsk\'), (\'os\', \'Ossetic\'), (\'pa\', \'Punjabi\'), (\'pl\', \'Polish\'), (\'pt\', \'Portuguese\'), (\'pt-br\', \'Brazilian Portuguese\'), (\'ro\', \'Romanian\'), (\'ru\', \'Russian\'), (\'sk\', \'Slovak\'), (\'sl\', \'Slovenian\'), (\'sq\', \'Albanian\'), (\'sr\', \'Serbian\'), (\'sr-latn\', \'Serbian Latin\'), (\'sv\', \'Swedish\'), (\'sw\', \'Swahili\'), (\'ta\', \'Tamil\'), (\'te\', \'Telugu\'), (\'th\', \'Thai\'), (\'tr\', \'Turkish\'), (\'tt\', \'Tatar\'), (\'udm\', \'Udmurt\'), (\'uk\', \'Ukrainian\'), (\'ur\', \'Urdu\'), (\'vi\', \'Vietnamese\'), (\'zh-hans\', \'Simplified Chinese\'), (\'zh-hant\', \'Traditional Chinese\')], \'TIME_ZONE\': \'IST\', \'request\': <WSGIRequest: GET \'/resetpwd/\'>, \'DEFAULT_MESSAGE_LEVELS\': {\'DEBUG\': 10, \'INFO\': 20, \'ERROR\': 40, \'SUCCESS\': 25, \'WARNING\': 30}, \'perms\': <django.contrib.auth.context_processors.PermWrapper object at 0x7f74b81219e8>, \'STATIC_URL\': \'/static/\', \'csrf_token\': <SimpleLazyObject: <function csrf.<locals>._get_val at 0x7f74b8109c80>>}, {}, {\'form\': <ResetPwdForm bound=False, valid=Unknown, fields=(oldpwd;newpwd;cnfpwd)>, \'user\': <SimpleLazyObject: <User: bravo>>, \'polladmin\': False}, {\'block\': <Block Node: body. Contents: [<TextNode: \'\\n\'>, <django.template.loader_tags.IncludeNode object at 0x7f74b8121d30>, <TextNode: \'\\n<div class="col-sm-3 col\'>, <WithNode>, <TextNode: \'\\n</div>\\n<div class="col-s\'>, <django.template.loader_tags.IncludeNode object at 0x7f74b8121ac8>, <TextNode: \'\\n</div>\\n\'>]>}, {}]'
[01/May/2016 13:29:11] DEBUG [django.template:927] Exception while resolving variable 'errmsgs' in template 'home/changepwdtab.html'.
Traceback (most recent call last):
  File "/mnt/data/linbin/j192/lib/python3.4/site-packages/django/template/base.py", line 883, in _resolve_lookup
    current = current[bit]
  File "/mnt/data/linbin/j192/lib/python3.4/site-packages/django/template/context.py", line 77, in __getitem__
    raise KeyError(key)
KeyError: 'errmsgs'

During handling of the above exception, another exception occurred:

Traceback (most recent call last):
  File "/mnt/data/linbin/j192/lib/python3.4/site-packages/django/template/base.py", line 889, in _resolve_lookup
    if isinstance(current, BaseContext) and getattr(type(current), bit):
AttributeError: type object 'RequestContext' has no attribute 'errmsgs'

During handling of the above exception, another exception occurred:

Traceback (most recent call last):
  File "/mnt/data/linbin/j192/lib/python3.4/site-packages/django/template/base.py", line 898, in _resolve_lookup
    current = current[int(bit)]
ValueError: invalid literal for int() with base 10: 'errmsgs'

During handling of the above exception, another exception occurred:

Traceback (most recent call last):
  File "/mnt/data/linbin/j192/lib/python3.4/site-packages/django/template/base.py", line 905, in _resolve_lookup
    (bit, current))  # missing attribute
django.template.base.VariableDoesNotExist: Failed lookup for key [errmsgs] in '[{\'False\': False, \'True\': True, \'None\': None}, {\'LANGUAGE_CODE\': \'en-us\', \'user\': <SimpleLazyObject: <User: bravo>>, \'messages\': <django.contrib.messages.storage.fallback.FallbackStorage object at 0x7f74b8366a58>, \'LANGUAGE_BIDI\': False, \'MEDIA_URL\': \'/media/\', \'LANGUAGES\': [(\'af\', \'Afrikaans\'), (\'ar\', \'Arabic\'), (\'ast\', \'Asturian\'), (\'az\', \'Azerbaijani\'), (\'bg\', \'Bulgarian\'), (\'be\', \'Belarusian\'), (\'bn\', \'Bengali\'), (\'br\', \'Breton\'), (\'bs\', \'Bosnian\'), (\'ca\', \'Catalan\'), (\'cs\', \'Czech\'), (\'cy\', \'Welsh\'), (\'da\', \'Danish\'), (\'de\', \'German\'), (\'el\', \'Greek\'), (\'en\', \'English\'), (\'en-au\', \'Australian English\'), (\'en-gb\', \'British English\'), (\'eo\', \'Esperanto\'), (\'es\', \'Spanish\'), (\'es-ar\', \'Argentinian Spanish\'), (\'es-co\', \'Colombian Spanish\'), (\'es-mx\', \'Mexican Spanish\'), (\'es-ni\', \'Nicaraguan Spanish\'), (\'es-ve\', \'Venezuelan Spanish\'), (\'et\', \'Estonian\'), (\'eu\', \'Basque\'), (\'fa\', \'Persian\'), (\'fi\', \'Finnish\'), (\'fr\', \'French\'), (\'fy\', \'Frisian\'), (\'ga\', \'Irish\'), (\'gd\', \'Scottish Gaelic\'), (\'gl\', \'Galician\'), (\'he\', \'Hebrew\'), (\'hi\', \'Hindi\'), (\'hr\', \'Croatian\'), (\'hu\', \'Hungarian\'), (\'ia\', \'Interlingua\'), (\'id\', \'Indonesian\'), (\'io\', \'Ido\'), (\'is\', \'Icelandic\'), (\'it\', \'Italian\'), (\'ja\', \'Japanese\'), (\'ka\', \'Georgian\'), (\'kk\', \'Kazakh\'), (\'km\', \'Khmer\'), (\'kn\', \'Kannada\'), (\'ko\', \'Korean\'), (\'lb\', \'Luxembourgish\'), (\'lt\', \'Lithuanian\'), (\'lv\', \'Latvian\'), (\'mk\', \'Macedonian\'), (\'ml\', \'Malayalam\'), (\'mn\', \'Mongolian\'), (\'mr\', \'Marathi\'), (\'my\', \'Burmese\'), (\'nb\', \'Norwegian Bokmal\'), (\'ne\', \'Nepali\'), (\'nl\', \'Dutch\'), (\'nn\', \'Norwegian Nynorsk\'), (\'os\', \'Ossetic\'), (\'pa\', \'Punjabi\'), (\'pl\', \'Polish\'), (\'pt\', \'Portuguese\'), (\'pt-br\', \'Brazilian Portuguese\'), (\'ro\', \'Romanian\'), (\'ru\', \'Russian\'), (\'sk\', \'Slovak\'), (\'sl\', \'Slovenian\'), (\'sq\', \'Albanian\'), (\'sr\', \'Serbian\'), (\'sr-latn\', \'Serbian Latin\'), (\'sv\', \'Swedish\'), (\'sw\', \'Swahili\'), (\'ta\', \'Tamil\'), (\'te\', \'Telugu\'), (\'th\', \'Thai\'), (\'tr\', \'Turkish\'), (\'tt\', \'Tatar\'), (\'udm\', \'Udmurt\'), (\'uk\', \'Ukrainian\'), (\'ur\', \'Urdu\'), (\'vi\', \'Vietnamese\'), (\'zh-hans\', \'Simplified Chinese\'), (\'zh-hant\', \'Traditional Chinese\')], \'TIME_ZONE\': \'IST\', \'request\': <WSGIRequest: GET \'/resetpwd/\'>, \'DEFAULT_MESSAGE_LEVELS\': {\'DEBUG\': 10, \'INFO\': 20, \'ERROR\': 40, \'SUCCESS\': 25, \'WARNING\': 30}, \'perms\': <django.contrib.auth.context_processors.PermWrapper object at 0x7f74b81219e8>, \'STATIC_URL\': \'/static/\', \'csrf_token\': <SimpleLazyObject: \'Z3QNNfwJdlj4XkYNmG4tpi8OtbP9nV5J\'>}, {}, {\'form\': <ResetPwdForm bound=False, valid=Unknown, fields=(oldpwd;newpwd;cnfpwd)>, \'user\': <SimpleLazyObject: <User: bravo>>, \'polladmin\': False}, {\'block\': <Block Node: body. Contents: [<TextNode: \'\\n\'>, <django.template.loader_tags.IncludeNode object at 0x7f74b8121d30>, <TextNode: \'\\n<div class="col-sm-3 col\'>, <WithNode>, <TextNode: \'\\n</div>\\n<div class="col-s\'>, <django.template.loader_tags.IncludeNode object at 0x7f74b8121ac8>, <TextNode: \'\\n</div>\\n\'>]>}, {}]'
[01/May/2016 13:29:17] DEBUG [django.db.backends:89] (0.001) SELECT "django_session"."session_key", "django_session"."session_data", "django_session"."expire_date" FROM "django_session" WHERE ("django_session"."session_key" = 'ofr7r37csvxq762leype5r4hm2mos3vq' AND "django_session"."expire_date" > '2016-05-01 07:59:17.229594'); args=('ofr7r37csvxq762leype5r4hm2mos3vq', '2016-05-01 07:59:17.229594')
[01/May/2016 13:29:17] DEBUG [django.db.backends:89] (0.000) SELECT "auth_user"."id", "auth_user"."password", "auth_user"."last_login", "auth_user"."is_superuser", "auth_user"."username", "auth_user"."first_name", "auth_user"."last_name", "auth_user"."email", "auth_user"."is_staff", "auth_user"."is_active", "auth_user"."date_joined" FROM "auth_user" WHERE "auth_user"."id" = 5; args=(5,)
[01/May/2016 13:29:17] DEBUG [django.db.backends:89] (0.000) SELECT (1) AS "a" FROM "auth_group" INNER JOIN "auth_user_groups" ON ("auth_group"."id" = "auth_user_groups"."group_id") WHERE ("auth_user_groups"."user_id" = 5 AND "auth_group"."name" = 'polladmin') LIMIT 1; args=(5, 'polladmin')
[01/May/2016 13:29:17] DEBUG [django.db.backends:89] (0.000) BEGIN; args=None
[01/May/2016 13:29:17] DEBUG [django.db.backends:89] (0.001) UPDATE "auth_user" SET "password" = 'pbkdf2_sha256$24000$bxnsmzf1EqsB$hZZF1SqxGVqkFaHCtQRkJemaRpPu/PZ/ozuGlq0oj0g=', "last_login" = '2016-05-01 07:59:09.533174', "is_superuser" = 0, "username" = 'bravo', "first_name" = 'Bravo', "last_name" = 'Bravo', "email" = 'bravo@email.com', "is_staff" = 0, "is_active" = 1, "date_joined" = '2016-02-27 05:50:38' WHERE "auth_user"."id" = 5; args=('pbkdf2_sha256$24000$bxnsmzf1EqsB$hZZF1SqxGVqkFaHCtQRkJemaRpPu/PZ/ozuGlq0oj0g=', '2016-05-01 07:59:09.533174', False, 'bravo', 'Bravo', 'Bravo', 'bravo@email.com', False, True, '2016-02-27 05:50:38', 5)
[01/May/2016 13:29:17] DEBUG [django.db.backends:89] (0.000) BEGIN; args=None
[01/May/2016 13:29:17] DEBUG [django.db.backends:89] (0.000) UPDATE "django_session" SET "session_data" = 'MzMyMGI1OGU3M2JjNDAzMDMyZWIyMjM3ODY5MDM4MDljMmQ3ZjU4MTp7Il9hdXRoX3VzZXJfaGFzaCI6IjczYjZkZDU2ZWFhMTliM2Q2NTBlZDRhM2FmN2EyYWMzOTliYTRhM2YiLCJfYXV0aF91c2VyX2JhY2tlbmQiOiJkamFuZ28uY29udHJpYi5hdXRoLmJhY2tlbmRzLk1vZGVsQmFja2VuZCIsIl9hdXRoX3VzZXJfaWQiOiI1In0=', "expire_date" = '2016-05-15 07:59:17.485956' WHERE "django_session"."session_key" = 'ofr7r37csvxq762leype5r4hm2mos3vq'; args=('MzMyMGI1OGU3M2JjNDAzMDMyZWIyMjM3ODY5MDM4MDljMmQ3ZjU4MTp7Il9hdXRoX3VzZXJfaGFzaCI6IjczYjZkZDU2ZWFhMTliM2Q2NTBlZDRhM2FmN2EyYWMzOTliYTRhM2YiLCJfYXV0aF91c2VyX2JhY2tlbmQiOiJkamFuZ28uY29udHJpYi5hdXRoLmJhY2tlbmRzLk1vZGVsQmFja2VuZCIsIl9hdXRoX3VzZXJfaWQiOiI1In0=', '2016-05-15 07:59:17.485956', 'ofr7r37csvxq762leype5r4hm2mos3vq')
[01/May/2016 13:29:19] DEBUG [django.db.backends:89] (0.001) SELECT "django_session"."session_key", "django_session"."session_data", "django_session"."expire_date" FROM "django_session" WHERE ("django_session"."session_key" = 'ofr7r37csvxq762leype5r4hm2mos3vq' AND "django_session"."expire_date" > '2016-05-01 07:59:19.566572'); args=('ofr7r37csvxq762leype5r4hm2mos3vq', '2016-05-01 07:59:19.566572')
[01/May/2016 13:29:19] DEBUG [django.db.backends:89] (0.000) SELECT "auth_user"."id", "auth_user"."password", "auth_user"."last_login", "auth_user"."is_superuser", "auth_user"."username", "auth_user"."first_name", "auth_user"."last_name", "auth_user"."email", "auth_user"."is_staff", "auth_user"."is_active", "auth_user"."date_joined" FROM "auth_user" WHERE "auth_user"."id" = 5; args=(5,)
[01/May/2016 13:29:19] DEBUG [django.db.backends:89] (0.000) SELECT (1) AS "a" FROM "auth_group" INNER JOIN "auth_user_groups" ON ("auth_group"."id" = "auth_user_groups"."group_id") WHERE ("auth_user_groups"."user_id" = 5 AND "auth_group"."name" = 'polladmin') LIMIT 1; args=(5, 'polladmin')
[01/May/2016 13:29:19] DEBUG [django.db.backends:89] (0.000) SELECT "app_poll_core_poll_model"."id", "app_poll_core_poll_model"."poll_name", "app_poll_core_poll_model"."poll_start", "app_poll_core_poll_model"."poll_end", "app_poll_core_poll_model"."created_by", "app_poll_core_poll_model"."total_vote" FROM "app_poll_core_poll_model" WHERE "app_poll_core_poll_model"."poll_end" >= '2016-05-01' ORDER BY "app_poll_core_poll_model"."id" DESC; args=('2016-05-01',)
[01/May/2016 13:29:19] DEBUG [django.db.backends:89] (0.000) SELECT (1) AS "a" FROM "auth_group" INNER JOIN "auth_user_groups" ON ("auth_group"."id" = "auth_user_groups"."group_id") WHERE ("auth_user_groups"."user_id" = 5 AND "auth_group"."name" = 'polladmin') LIMIT 1; args=(5, 'polladmin')
[01/May/2016 13:29:20] DEBUG [django.db.backends:89] (0.001) SELECT "django_session"."session_key", "django_session"."session_data", "django_session"."expire_date" FROM "django_session" WHERE ("django_session"."session_key" = 'ofr7r37csvxq762leype5r4hm2mos3vq' AND "django_session"."expire_date" > '2016-05-01 07:59:20.791628'); args=('ofr7r37csvxq762leype5r4hm2mos3vq', '2016-05-01 07:59:20.791628')
[01/May/2016 13:29:20] DEBUG [django.db.backends:89] (0.000) SELECT "auth_user"."id", "auth_user"."password", "auth_user"."last_login", "auth_user"."is_superuser", "auth_user"."username", "auth_user"."first_name", "auth_user"."last_name", "auth_user"."email", "auth_user"."is_staff", "auth_user"."is_active", "auth_user"."date_joined" FROM "auth_user" WHERE "auth_user"."id" = 5; args=(5,)
[01/May/2016 13:29:20] DEBUG [django.db.backends:89] (0.000) SELECT (1) AS "a" FROM "auth_group" INNER JOIN "auth_user_groups" ON ("auth_group"."id" = "auth_user_groups"."group_id") WHERE ("auth_user_groups"."user_id" = 5 AND "auth_group"."name" = 'polladmin') LIMIT 1; args=(5, 'polladmin')
[01/May/2016 13:29:20] DEBUG [django.db.backends:89] (0.000) SELECT "app_poll_core_poll_model"."id", "app_poll_core_poll_model"."poll_name", "app_poll_core_poll_model"."poll_start", "app_poll_core_poll_model"."poll_end", "app_poll_core_poll_model"."created_by", "app_poll_core_poll_model"."total_vote" FROM "app_poll_core_poll_model" WHERE ("app_poll_core_poll_model"."poll_end" < '2016-05-01' AND "app_poll_core_poll_model"."poll_start" >= '2016-02-01') ORDER BY "app_poll_core_poll_model"."id" DESC; args=('2016-05-01', '2016-02-01')
[01/May/2016 13:29:20] DEBUG [django.db.backends:89] (0.000) SELECT "app_poll_core_poll_group_model"."id", "app_poll_core_poll_group_model"."poll_group", "app_poll_core_poll_group_model"."poll_name_id" FROM "app_poll_core_poll_group_model" WHERE "app_poll_core_poll_group_model"."poll_name_id" = 19; args=(19,)
[01/May/2016 13:29:20] DEBUG [django.db.backends:89] (0.000) SELECT (1) AS "a" FROM "auth_group" INNER JOIN "auth_user_groups" ON ("auth_group"."id" = "auth_user_groups"."group_id") WHERE ("auth_user_groups"."user_id" = 5 AND "auth_group"."name" = 'eBusAll') LIMIT 1; args=(5, 'eBusAll')
[01/May/2016 13:29:20] DEBUG [django.db.backends:89] (0.000) SELECT "app_poll_core_history_model"."id", "app_poll_core_history_model"."user", "app_poll_core_history_model"."poll_name_id", "app_poll_core_history_model"."taken" FROM "app_poll_core_history_model" WHERE ("app_poll_core_history_model"."user" = 5 AND "app_poll_core_history_model"."poll_name_id" = 19); args=(5, 19)
[01/May/2016 13:29:20] DEBUG [django.db.backends:89] (0.000) SELECT "app_poll_core_poll_group_model"."id", "app_poll_core_poll_group_model"."poll_group", "app_poll_core_poll_group_model"."poll_name_id" FROM "app_poll_core_poll_group_model" WHERE "app_poll_core_poll_group_model"."poll_name_id" = 1; args=(1,)
[01/May/2016 13:29:20] DEBUG [django.db.backends:89] (0.000) SELECT (1) AS "a" FROM "auth_group" INNER JOIN "auth_user_groups" ON ("auth_group"."id" = "auth_user_groups"."group_id") WHERE ("auth_user_groups"."user_id" = 5 AND "auth_group"."name" = 'eBusD') LIMIT 1; args=(5, 'eBusD')
[01/May/2016 13:29:20] DEBUG [django.db.backends:89] (0.000) SELECT (1) AS "a" FROM "auth_group" INNER JOIN "auth_user_groups" ON ("auth_group"."id" = "auth_user_groups"."group_id") WHERE ("auth_user_groups"."user_id" = 5 AND "auth_group"."name" = 'eBusG') LIMIT 1; args=(5, 'eBusG')
[01/May/2016 13:29:20] DEBUG [django.db.backends:89] (0.000) SELECT "app_poll_core_history_model"."id", "app_poll_core_history_model"."user", "app_poll_core_history_model"."poll_name_id", "app_poll_core_history_model"."taken" FROM "app_poll_core_history_model" WHERE ("app_poll_core_history_model"."user" = 5 AND "app_poll_core_history_model"."poll_name_id" = 1); args=(5, 1)
[01/May/2016 13:29:25] DEBUG [django.db.backends:89] (0.001) SELECT "django_session"."session_key", "django_session"."session_data", "django_session"."expire_date" FROM "django_session" WHERE ("django_session"."session_key" = 'ofr7r37csvxq762leype5r4hm2mos3vq' AND "django_session"."expire_date" > '2016-05-01 07:59:25.014434'); args=('ofr7r37csvxq762leype5r4hm2mos3vq', '2016-05-01 07:59:25.014434')
[01/May/2016 13:29:25] DEBUG [django.db.backends:89] (0.000) SELECT "auth_user"."id", "auth_user"."password", "auth_user"."last_login", "auth_user"."is_superuser", "auth_user"."username", "auth_user"."first_name", "auth_user"."last_name", "auth_user"."email", "auth_user"."is_staff", "auth_user"."is_active", "auth_user"."date_joined" FROM "auth_user" WHERE "auth_user"."id" = 5; args=(5,)
[01/May/2016 13:29:25] DEBUG [django.db.backends:89] (0.000) SELECT (1) AS "a" FROM "auth_group" INNER JOIN "auth_user_groups" ON ("auth_group"."id" = "auth_user_groups"."group_id") WHERE ("auth_user_groups"."user_id" = 5 AND "auth_group"."name" = 'polladmin') LIMIT 1; args=(5, 'polladmin')
[01/May/2016 13:29:25] DEBUG [django.template:927] Exception while resolving variable 'pwdcs' in template 'home/changepwdtab.html'.
Traceback (most recent call last):
  File "/mnt/data/linbin/j192/lib/python3.4/site-packages/django/template/base.py", line 883, in _resolve_lookup
    current = current[bit]
  File "/mnt/data/linbin/j192/lib/python3.4/site-packages/django/template/context.py", line 77, in __getitem__
    raise KeyError(key)
KeyError: 'pwdcs'

During handling of the above exception, another exception occurred:

Traceback (most recent call last):
  File "/mnt/data/linbin/j192/lib/python3.4/site-packages/django/template/base.py", line 889, in _resolve_lookup
    if isinstance(current, BaseContext) and getattr(type(current), bit):
AttributeError: type object 'RequestContext' has no attribute 'pwdcs'

During handling of the above exception, another exception occurred:

Traceback (most recent call last):
  File "/mnt/data/linbin/j192/lib/python3.4/site-packages/django/template/base.py", line 898, in _resolve_lookup
    current = current[int(bit)]
ValueError: invalid literal for int() with base 10: 'pwdcs'

During handling of the above exception, another exception occurred:

Traceback (most recent call last):
  File "/mnt/data/linbin/j192/lib/python3.4/site-packages/django/template/base.py", line 905, in _resolve_lookup
    (bit, current))  # missing attribute
django.template.base.VariableDoesNotExist: Failed lookup for key [pwdcs] in '[{\'False\': False, \'True\': True, \'None\': None}, {\'LANGUAGE_CODE\': \'en-us\', \'user\': <SimpleLazyObject: <User: bravo>>, \'messages\': <django.contrib.messages.storage.fallback.FallbackStorage object at 0x7f74b835f160>, \'LANGUAGE_BIDI\': False, \'MEDIA_URL\': \'/media/\', \'LANGUAGES\': [(\'af\', \'Afrikaans\'), (\'ar\', \'Arabic\'), (\'ast\', \'Asturian\'), (\'az\', \'Azerbaijani\'), (\'bg\', \'Bulgarian\'), (\'be\', \'Belarusian\'), (\'bn\', \'Bengali\'), (\'br\', \'Breton\'), (\'bs\', \'Bosnian\'), (\'ca\', \'Catalan\'), (\'cs\', \'Czech\'), (\'cy\', \'Welsh\'), (\'da\', \'Danish\'), (\'de\', \'German\'), (\'el\', \'Greek\'), (\'en\', \'English\'), (\'en-au\', \'Australian English\'), (\'en-gb\', \'British English\'), (\'eo\', \'Esperanto\'), (\'es\', \'Spanish\'), (\'es-ar\', \'Argentinian Spanish\'), (\'es-co\', \'Colombian Spanish\'), (\'es-mx\', \'Mexican Spanish\'), (\'es-ni\', \'Nicaraguan Spanish\'), (\'es-ve\', \'Venezuelan Spanish\'), (\'et\', \'Estonian\'), (\'eu\', \'Basque\'), (\'fa\', \'Persian\'), (\'fi\', \'Finnish\'), (\'fr\', \'French\'), (\'fy\', \'Frisian\'), (\'ga\', \'Irish\'), (\'gd\', \'Scottish Gaelic\'), (\'gl\', \'Galician\'), (\'he\', \'Hebrew\'), (\'hi\', \'Hindi\'), (\'hr\', \'Croatian\'), (\'hu\', \'Hungarian\'), (\'ia\', \'Interlingua\'), (\'id\', \'Indonesian\'), (\'io\', \'Ido\'), (\'is\', \'Icelandic\'), (\'it\', \'Italian\'), (\'ja\', \'Japanese\'), (\'ka\', \'Georgian\'), (\'kk\', \'Kazakh\'), (\'km\', \'Khmer\'), (\'kn\', \'Kannada\'), (\'ko\', \'Korean\'), (\'lb\', \'Luxembourgish\'), (\'lt\', \'Lithuanian\'), (\'lv\', \'Latvian\'), (\'mk\', \'Macedonian\'), (\'ml\', \'Malayalam\'), (\'mn\', \'Mongolian\'), (\'mr\', \'Marathi\'), (\'my\', \'Burmese\'), (\'nb\', \'Norwegian Bokmal\'), (\'ne\', \'Nepali\'), (\'nl\', \'Dutch\'), (\'nn\', \'Norwegian Nynorsk\'), (\'os\', \'Ossetic\'), (\'pa\', \'Punjabi\'), (\'pl\', \'Polish\'), (\'pt\', \'Portuguese\'), (\'pt-br\', \'Brazilian Portuguese\'), (\'ro\', \'Romanian\'), (\'ru\', \'Russian\'), (\'sk\', \'Slovak\'), (\'sl\', \'Slovenian\'), (\'sq\', \'Albanian\'), (\'sr\', \'Serbian\'), (\'sr-latn\', \'Serbian Latin\'), (\'sv\', \'Swedish\'), (\'sw\', \'Swahili\'), (\'ta\', \'Tamil\'), (\'te\', \'Telugu\'), (\'th\', \'Thai\'), (\'tr\', \'Turkish\'), (\'tt\', \'Tatar\'), (\'udm\', \'Udmurt\'), (\'uk\', \'Ukrainian\'), (\'ur\', \'Urdu\'), (\'vi\', \'Vietnamese\'), (\'zh-hans\', \'Simplified Chinese\'), (\'zh-hant\', \'Traditional Chinese\')], \'TIME_ZONE\': \'IST\', \'request\': <WSGIRequest: GET \'/resetpwd/\'>, \'DEFAULT_MESSAGE_LEVELS\': {\'DEBUG\': 10, \'INFO\': 20, \'ERROR\': 40, \'SUCCESS\': 25, \'WARNING\': 30}, \'perms\': <django.contrib.auth.context_processors.PermWrapper object at 0x7f74b80ee278>, \'STATIC_URL\': \'/static/\', \'csrf_token\': <SimpleLazyObject: <function csrf.<locals>._get_val at 0x7f74b80d8a60>>}, {}, {\'form\': <ResetPwdForm bound=False, valid=Unknown, fields=(oldpwd;newpwd;cnfpwd)>, \'user\': <SimpleLazyObject: <User: bravo>>, \'polladmin\': False}, {\'block\': <Block Node: body. Contents: [<TextNode: \'\\n\'>, <django.template.loader_tags.IncludeNode object at 0x7f74b80c5470>, <TextNode: \'\\n<div class="col-sm-3 col\'>, <WithNode>, <TextNode: \'\\n</div>\\n<div class="col-s\'>, <django.template.loader_tags.IncludeNode object at 0x7f74b80c5d30>, <TextNode: \'\\n</div>\\n\'>]>}, {}]'
[01/May/2016 13:29:25] DEBUG [django.template:927] Exception while resolving variable 'errmsgs' in template 'home/changepwdtab.html'.
Traceback (most recent call last):
  File "/mnt/data/linbin/j192/lib/python3.4/site-packages/django/template/base.py", line 883, in _resolve_lookup
    current = current[bit]
  File "/mnt/data/linbin/j192/lib/python3.4/site-packages/django/template/context.py", line 77, in __getitem__
    raise KeyError(key)
KeyError: 'errmsgs'

During handling of the above exception, another exception occurred:

Traceback (most recent call last):
  File "/mnt/data/linbin/j192/lib/python3.4/site-packages/django/template/base.py", line 889, in _resolve_lookup
    if isinstance(current, BaseContext) and getattr(type(current), bit):
AttributeError: type object 'RequestContext' has no attribute 'errmsgs'

During handling of the above exception, another exception occurred:

Traceback (most recent call last):
  File "/mnt/data/linbin/j192/lib/python3.4/site-packages/django/template/base.py", line 898, in _resolve_lookup
    current = current[int(bit)]
ValueError: invalid literal for int() with base 10: 'errmsgs'

During handling of the above exception, another exception occurred:

Traceback (most recent call last):
  File "/mnt/data/linbin/j192/lib/python3.4/site-packages/django/template/base.py", line 905, in _resolve_lookup
    (bit, current))  # missing attribute
django.template.base.VariableDoesNotExist: Failed lookup for key [errmsgs] in '[{\'False\': False, \'True\': True, \'None\': None}, {\'LANGUAGE_CODE\': \'en-us\', \'user\': <SimpleLazyObject: <User: bravo>>, \'messages\': <django.contrib.messages.storage.fallback.FallbackStorage object at 0x7f74b835f160>, \'LANGUAGE_BIDI\': False, \'MEDIA_URL\': \'/media/\', \'LANGUAGES\': [(\'af\', \'Afrikaans\'), (\'ar\', \'Arabic\'), (\'ast\', \'Asturian\'), (\'az\', \'Azerbaijani\'), (\'bg\', \'Bulgarian\'), (\'be\', \'Belarusian\'), (\'bn\', \'Bengali\'), (\'br\', \'Breton\'), (\'bs\', \'Bosnian\'), (\'ca\', \'Catalan\'), (\'cs\', \'Czech\'), (\'cy\', \'Welsh\'), (\'da\', \'Danish\'), (\'de\', \'German\'), (\'el\', \'Greek\'), (\'en\', \'English\'), (\'en-au\', \'Australian English\'), (\'en-gb\', \'British English\'), (\'eo\', \'Esperanto\'), (\'es\', \'Spanish\'), (\'es-ar\', \'Argentinian Spanish\'), (\'es-co\', \'Colombian Spanish\'), (\'es-mx\', \'Mexican Spanish\'), (\'es-ni\', \'Nicaraguan Spanish\'), (\'es-ve\', \'Venezuelan Spanish\'), (\'et\', \'Estonian\'), (\'eu\', \'Basque\'), (\'fa\', \'Persian\'), (\'fi\', \'Finnish\'), (\'fr\', \'French\'), (\'fy\', \'Frisian\'), (\'ga\', \'Irish\'), (\'gd\', \'Scottish Gaelic\'), (\'gl\', \'Galician\'), (\'he\', \'Hebrew\'), (\'hi\', \'Hindi\'), (\'hr\', \'Croatian\'), (\'hu\', \'Hungarian\'), (\'ia\', \'Interlingua\'), (\'id\', \'Indonesian\'), (\'io\', \'Ido\'), (\'is\', \'Icelandic\'), (\'it\', \'Italian\'), (\'ja\', \'Japanese\'), (\'ka\', \'Georgian\'), (\'kk\', \'Kazakh\'), (\'km\', \'Khmer\'), (\'kn\', \'Kannada\'), (\'ko\', \'Korean\'), (\'lb\', \'Luxembourgish\'), (\'lt\', \'Lithuanian\'), (\'lv\', \'Latvian\'), (\'mk\', \'Macedonian\'), (\'ml\', \'Malayalam\'), (\'mn\', \'Mongolian\'), (\'mr\', \'Marathi\'), (\'my\', \'Burmese\'), (\'nb\', \'Norwegian Bokmal\'), (\'ne\', \'Nepali\'), (\'nl\', \'Dutch\'), (\'nn\', \'Norwegian Nynorsk\'), (\'os\', \'Ossetic\'), (\'pa\', \'Punjabi\'), (\'pl\', \'Polish\'), (\'pt\', \'Portuguese\'), (\'pt-br\', \'Brazilian Portuguese\'), (\'ro\', \'Romanian\'), (\'ru\', \'Russian\'), (\'sk\', \'Slovak\'), (\'sl\', \'Slovenian\'), (\'sq\', \'Albanian\'), (\'sr\', \'Serbian\'), (\'sr-latn\', \'Serbian Latin\'), (\'sv\', \'Swedish\'), (\'sw\', \'Swahili\'), (\'ta\', \'Tamil\'), (\'te\', \'Telugu\'), (\'th\', \'Thai\'), (\'tr\', \'Turkish\'), (\'tt\', \'Tatar\'), (\'udm\', \'Udmurt\'), (\'uk\', \'Ukrainian\'), (\'ur\', \'Urdu\'), (\'vi\', \'Vietnamese\'), (\'zh-hans\', \'Simplified Chinese\'), (\'zh-hant\', \'Traditional Chinese\')], \'TIME_ZONE\': \'IST\', \'request\': <WSGIRequest: GET \'/resetpwd/\'>, \'DEFAULT_MESSAGE_LEVELS\': {\'DEBUG\': 10, \'INFO\': 20, \'ERROR\': 40, \'SUCCESS\': 25, \'WARNING\': 30}, \'perms\': <django.contrib.auth.context_processors.PermWrapper object at 0x7f74b80ee278>, \'STATIC_URL\': \'/static/\', \'csrf_token\': <SimpleLazyObject: \'Z3QNNfwJdlj4XkYNmG4tpi8OtbP9nV5J\'>}, {}, {\'form\': <ResetPwdForm bound=False, valid=Unknown, fields=(oldpwd;newpwd;cnfpwd)>, \'user\': <SimpleLazyObject: <User: bravo>>, \'polladmin\': False}, {\'block\': <Block Node: body. Contents: [<TextNode: \'\\n\'>, <django.template.loader_tags.IncludeNode object at 0x7f74b80c5470>, <TextNode: \'\\n<div class="col-sm-3 col\'>, <WithNode>, <TextNode: \'\\n</div>\\n<div class="col-s\'>, <django.template.loader_tags.IncludeNode object at 0x7f74b80c5d30>, <TextNode: \'\\n</div>\\n\'>]>}, {}]'
[01/May/2016 13:29:26] DEBUG [django.db.backends:89] (0.001) SELECT "django_session"."session_key", "django_session"."session_data", "django_session"."expire_date" FROM "django_session" WHERE ("django_session"."session_key" = 'ofr7r37csvxq762leype5r4hm2mos3vq' AND "django_session"."expire_date" > '2016-05-01 07:59:26.800185'); args=('ofr7r37csvxq762leype5r4hm2mos3vq', '2016-05-01 07:59:26.800185')
[01/May/2016 13:29:26] DEBUG [django.db.backends:89] (0.000) SELECT "auth_user"."id", "auth_user"."password", "auth_user"."last_login", "auth_user"."is_superuser", "auth_user"."username", "auth_user"."first_name", "auth_user"."last_name", "auth_user"."email", "auth_user"."is_staff", "auth_user"."is_active", "auth_user"."date_joined" FROM "auth_user" WHERE "auth_user"."id" = 5; args=(5,)
[01/May/2016 13:29:26] DEBUG [django.db.backends:89] (0.000) SELECT "django_session"."session_key", "django_session"."session_data", "django_session"."expire_date" FROM "django_session" WHERE "django_session"."session_key" = 'ofr7r37csvxq762leype5r4hm2mos3vq'; args=('ofr7r37csvxq762leype5r4hm2mos3vq',)
[01/May/2016 13:29:26] DEBUG [django.db.backends:89] (0.000) BEGIN; args=None
[01/May/2016 13:29:26] DEBUG [django.db.backends:89] (0.000) DELETE FROM "django_session" WHERE "django_session"."session_key" IN ('ofr7r37csvxq762leype5r4hm2mos3vq'); args=('ofr7r37csvxq762leype5r4hm2mos3vq',)
[01/May/2016 13:34:38] DEBUG [django.db.backends:89] (0.001) SELECT "auth_user"."id", "auth_user"."password", "auth_user"."last_login", "auth_user"."is_superuser", "auth_user"."username", "auth_user"."first_name", "auth_user"."last_name", "auth_user"."email", "auth_user"."is_staff", "auth_user"."is_active", "auth_user"."date_joined" FROM "auth_user" WHERE "auth_user"."username" = 'bravo'; args=('bravo',)
[01/May/2016 13:34:42] DEBUG [django.db.backends:89] (0.000) BEGIN; args=None
[01/May/2016 13:34:42] DEBUG [django.db.backends:89] (0.000) UPDATE "auth_user" SET "password" = 'pbkdf2_sha256$24000$xe5BgzljjLaJ$pgVPqrFjF6Bmx4EnML0/QqJo7JevQ+7kLsx6kCFzzHE=', "last_login" = '2016-05-01 07:59:09.533174', "is_superuser" = 0, "username" = 'bravo', "first_name" = 'Bravo', "last_name" = 'Bravo', "email" = 'grbgct+bravo@gmail.com', "is_staff" = 0, "is_active" = 1, "date_joined" = '2016-02-27 05:50:38' WHERE "auth_user"."id" = 5; args=('pbkdf2_sha256$24000$xe5BgzljjLaJ$pgVPqrFjF6Bmx4EnML0/QqJo7JevQ+7kLsx6kCFzzHE=', '2016-05-01 07:59:09.533174', False, 'bravo', 'Bravo', 'Bravo', 'grbgct+bravo@gmail.com', False, True, '2016-02-27 05:50:38', 5)
[01/May/2016 13:35:27] DEBUG [django.db.backends:89] (0.001) SELECT "auth_user"."id", "auth_user"."password", "auth_user"."last_login", "auth_user"."is_superuser", "auth_user"."username", "auth_user"."first_name", "auth_user"."last_name", "auth_user"."email", "auth_user"."is_staff", "auth_user"."is_active", "auth_user"."date_joined" FROM "auth_user" WHERE "auth_user"."username" = 'bravo'; args=('bravo',)
[01/May/2016 13:35:27] DEBUG [django.db.backends:89] (0.000) SELECT (1) AS "a" FROM "django_session" WHERE "django_session"."session_key" = 'mzuypjxks34vgnzm5m0pfqr1fo7oym5o' LIMIT 1; args=('mzuypjxks34vgnzm5m0pfqr1fo7oym5o',)
[01/May/2016 13:35:27] DEBUG [django.db.backends:89] (0.000) BEGIN; args=None
[01/May/2016 13:35:27] DEBUG [django.db.backends:89] (0.000) INSERT INTO "django_session" ("session_key", "session_data", "expire_date") SELECT 'mzuypjxks34vgnzm5m0pfqr1fo7oym5o', 'ZmZiYmE3OGQ1YzY5NTUyOGE4MzMyZGU5ZjI0ZjgyZGY5MzA5ODhkZTp7fQ==', '2016-05-15 08:05:27.182427'; args=('mzuypjxks34vgnzm5m0pfqr1fo7oym5o', 'ZmZiYmE3OGQ1YzY5NTUyOGE4MzMyZGU5ZjI0ZjgyZGY5MzA5ODhkZTp7fQ==', '2016-05-15 08:05:27.182427')
[01/May/2016 13:35:27] DEBUG [django.db.backends:89] (0.000) SELECT "django_session"."session_key", "django_session"."session_data", "django_session"."expire_date" FROM "django_session" WHERE "django_session"."session_key" = 'mzuypjxks34vgnzm5m0pfqr1fo7oym5o'; args=('mzuypjxks34vgnzm5m0pfqr1fo7oym5o',)
[01/May/2016 13:35:27] DEBUG [django.db.backends:89] (0.000) BEGIN; args=None
[01/May/2016 13:35:27] DEBUG [django.db.backends:89] (0.000) DELETE FROM "django_session" WHERE "django_session"."session_key" IN ('mzuypjxks34vgnzm5m0pfqr1fo7oym5o'); args=('mzuypjxks34vgnzm5m0pfqr1fo7oym5o',)
[01/May/2016 13:35:27] DEBUG [django.db.backends:89] (0.000) BEGIN; args=None
[01/May/2016 13:35:27] DEBUG [django.db.backends:89] (0.000) UPDATE "auth_user" SET "last_login" = '2016-05-01 08:05:27.543444' WHERE "auth_user"."id" = 5; args=('2016-05-01 08:05:27.543444', 5)
[01/May/2016 13:35:27] DEBUG [django.db.backends:89] (0.000) BEGIN; args=None
[01/May/2016 13:35:27] DEBUG [django.db.backends:89] (0.000) UPDATE "django_session" SET "session_data" = 'OTEwNDFhNTQ0OWU4M2UwY2ZkZmE1NmUwMzU2ZDRmNTYyYzNjNTEyOTp7Il9hdXRoX3VzZXJfaGFzaCI6IjNmYzQ5NWZiYTM4OTY5NDBmYzgzZDA2OTJjM2QxZDE1NDBkMTAzMDUiLCJfYXV0aF91c2VyX2JhY2tlbmQiOiJkamFuZ28uY29udHJpYi5hdXRoLmJhY2tlbmRzLk1vZGVsQmFja2VuZCIsIl9hdXRoX3VzZXJfaWQiOiI1In0=', "expire_date" = '2016-05-15 08:05:27.688984' WHERE "django_session"."session_key" = 'mzuypjxks34vgnzm5m0pfqr1fo7oym5o'; args=('OTEwNDFhNTQ0OWU4M2UwY2ZkZmE1NmUwMzU2ZDRmNTYyYzNjNTEyOTp7Il9hdXRoX3VzZXJfaGFzaCI6IjNmYzQ5NWZiYTM4OTY5NDBmYzgzZDA2OTJjM2QxZDE1NDBkMTAzMDUiLCJfYXV0aF91c2VyX2JhY2tlbmQiOiJkamFuZ28uY29udHJpYi5hdXRoLmJhY2tlbmRzLk1vZGVsQmFja2VuZCIsIl9hdXRoX3VzZXJfaWQiOiI1In0=', '2016-05-15 08:05:27.688984', 'mzuypjxks34vgnzm5m0pfqr1fo7oym5o')
[01/May/2016 13:35:27] DEBUG [django.db.backends:89] (0.000) INSERT INTO "django_session" ("session_key", "session_data", "expire_date") SELECT 'mzuypjxks34vgnzm5m0pfqr1fo7oym5o', 'OTEwNDFhNTQ0OWU4M2UwY2ZkZmE1NmUwMzU2ZDRmNTYyYzNjNTEyOTp7Il9hdXRoX3VzZXJfaGFzaCI6IjNmYzQ5NWZiYTM4OTY5NDBmYzgzZDA2OTJjM2QxZDE1NDBkMTAzMDUiLCJfYXV0aF91c2VyX2JhY2tlbmQiOiJkamFuZ28uY29udHJpYi5hdXRoLmJhY2tlbmRzLk1vZGVsQmFja2VuZCIsIl9hdXRoX3VzZXJfaWQiOiI1In0=', '2016-05-15 08:05:27.688984'; args=('mzuypjxks34vgnzm5m0pfqr1fo7oym5o', 'OTEwNDFhNTQ0OWU4M2UwY2ZkZmE1NmUwMzU2ZDRmNTYyYzNjNTEyOTp7Il9hdXRoX3VzZXJfaGFzaCI6IjNmYzQ5NWZiYTM4OTY5NDBmYzgzZDA2OTJjM2QxZDE1NDBkMTAzMDUiLCJfYXV0aF91c2VyX2JhY2tlbmQiOiJkamFuZ28uY29udHJpYi5hdXRoLmJhY2tlbmRzLk1vZGVsQmFja2VuZCIsIl9hdXRoX3VzZXJfaWQiOiI1In0=', '2016-05-15 08:05:27.688984')
[01/May/2016 13:35:27] DEBUG [django.db.backends:89] (0.001) SELECT "django_session"."session_key", "django_session"."session_data", "django_session"."expire_date" FROM "django_session" WHERE ("django_session"."session_key" = 'mzuypjxks34vgnzm5m0pfqr1fo7oym5o' AND "django_session"."expire_date" > '2016-05-01 08:05:27.843084'); args=('mzuypjxks34vgnzm5m0pfqr1fo7oym5o', '2016-05-01 08:05:27.843084')
[01/May/2016 13:35:27] DEBUG [django.db.backends:89] (0.000) SELECT "auth_user"."id", "auth_user"."password", "auth_user"."last_login", "auth_user"."is_superuser", "auth_user"."username", "auth_user"."first_name", "auth_user"."last_name", "auth_user"."email", "auth_user"."is_staff", "auth_user"."is_active", "auth_user"."date_joined" FROM "auth_user" WHERE "auth_user"."id" = 5; args=(5,)
[01/May/2016 13:35:27] DEBUG [django.db.backends:89] (0.000) SELECT (1) AS "a" FROM "auth_group" INNER JOIN "auth_user_groups" ON ("auth_group"."id" = "auth_user_groups"."group_id") WHERE ("auth_user_groups"."user_id" = 5 AND "auth_group"."name" = 'polladmin') LIMIT 1; args=(5, 'polladmin')
[01/May/2016 13:35:27] DEBUG [django.db.backends:89] (0.000) SELECT "app_poll_core_poll_model"."id", "app_poll_core_poll_model"."poll_name", "app_poll_core_poll_model"."poll_start", "app_poll_core_poll_model"."poll_end", "app_poll_core_poll_model"."created_by", "app_poll_core_poll_model"."total_vote" FROM "app_poll_core_poll_model" WHERE "app_poll_core_poll_model"."poll_end" >= '2016-05-01' ORDER BY "app_poll_core_poll_model"."id" DESC; args=('2016-05-01',)
[01/May/2016 13:35:27] DEBUG [django.db.backends:89] (0.000) SELECT (1) AS "a" FROM "auth_group" INNER JOIN "auth_user_groups" ON ("auth_group"."id" = "auth_user_groups"."group_id") WHERE ("auth_user_groups"."user_id" = 5 AND "auth_group"."name" = 'polladmin') LIMIT 1; args=(5, 'polladmin')
[01/May/2016 13:35:29] DEBUG [django.db.backends:89] (0.001) SELECT "django_session"."session_key", "django_session"."session_data", "django_session"."expire_date" FROM "django_session" WHERE ("django_session"."session_key" = 'mzuypjxks34vgnzm5m0pfqr1fo7oym5o' AND "django_session"."expire_date" > '2016-05-01 08:05:29.738410'); args=('mzuypjxks34vgnzm5m0pfqr1fo7oym5o', '2016-05-01 08:05:29.738410')
[01/May/2016 13:35:29] DEBUG [django.db.backends:89] (0.000) SELECT "auth_user"."id", "auth_user"."password", "auth_user"."last_login", "auth_user"."is_superuser", "auth_user"."username", "auth_user"."first_name", "auth_user"."last_name", "auth_user"."email", "auth_user"."is_staff", "auth_user"."is_active", "auth_user"."date_joined" FROM "auth_user" WHERE "auth_user"."id" = 5; args=(5,)
[01/May/2016 13:35:29] DEBUG [django.db.backends:89] (0.000) SELECT (1) AS "a" FROM "auth_group" INNER JOIN "auth_user_groups" ON ("auth_group"."id" = "auth_user_groups"."group_id") WHERE ("auth_user_groups"."user_id" = 5 AND "auth_group"."name" = 'polladmin') LIMIT 1; args=(5, 'polladmin')
[01/May/2016 13:35:29] DEBUG [django.template:927] Exception while resolving variable 'pwdcs' in template 'home/changepwdtab.html'.
Traceback (most recent call last):
  File "/mnt/data/linbin/j192/lib/python3.4/site-packages/django/template/base.py", line 883, in _resolve_lookup
    current = current[bit]
  File "/mnt/data/linbin/j192/lib/python3.4/site-packages/django/template/context.py", line 77, in __getitem__
    raise KeyError(key)
KeyError: 'pwdcs'

During handling of the above exception, another exception occurred:

Traceback (most recent call last):
  File "/mnt/data/linbin/j192/lib/python3.4/site-packages/django/template/base.py", line 889, in _resolve_lookup
    if isinstance(current, BaseContext) and getattr(type(current), bit):
AttributeError: type object 'RequestContext' has no attribute 'pwdcs'

During handling of the above exception, another exception occurred:

Traceback (most recent call last):
  File "/mnt/data/linbin/j192/lib/python3.4/site-packages/django/template/base.py", line 898, in _resolve_lookup
    current = current[int(bit)]
ValueError: invalid literal for int() with base 10: 'pwdcs'

During handling of the above exception, another exception occurred:

Traceback (most recent call last):
  File "/mnt/data/linbin/j192/lib/python3.4/site-packages/django/template/base.py", line 905, in _resolve_lookup
    (bit, current))  # missing attribute
django.template.base.VariableDoesNotExist: Failed lookup for key [pwdcs] in '[{\'False\': False, \'True\': True, \'None\': None}, {\'LANGUAGE_CODE\': \'en-us\', \'user\': <SimpleLazyObject: <User: bravo>>, \'messages\': <django.contrib.messages.storage.fallback.FallbackStorage object at 0x7f74b80f6780>, \'LANGUAGE_BIDI\': False, \'MEDIA_URL\': \'/media/\', \'LANGUAGES\': [(\'af\', \'Afrikaans\'), (\'ar\', \'Arabic\'), (\'ast\', \'Asturian\'), (\'az\', \'Azerbaijani\'), (\'bg\', \'Bulgarian\'), (\'be\', \'Belarusian\'), (\'bn\', \'Bengali\'), (\'br\', \'Breton\'), (\'bs\', \'Bosnian\'), (\'ca\', \'Catalan\'), (\'cs\', \'Czech\'), (\'cy\', \'Welsh\'), (\'da\', \'Danish\'), (\'de\', \'German\'), (\'el\', \'Greek\'), (\'en\', \'English\'), (\'en-au\', \'Australian English\'), (\'en-gb\', \'British English\'), (\'eo\', \'Esperanto\'), (\'es\', \'Spanish\'), (\'es-ar\', \'Argentinian Spanish\'), (\'es-co\', \'Colombian Spanish\'), (\'es-mx\', \'Mexican Spanish\'), (\'es-ni\', \'Nicaraguan Spanish\'), (\'es-ve\', \'Venezuelan Spanish\'), (\'et\', \'Estonian\'), (\'eu\', \'Basque\'), (\'fa\', \'Persian\'), (\'fi\', \'Finnish\'), (\'fr\', \'French\'), (\'fy\', \'Frisian\'), (\'ga\', \'Irish\'), (\'gd\', \'Scottish Gaelic\'), (\'gl\', \'Galician\'), (\'he\', \'Hebrew\'), (\'hi\', \'Hindi\'), (\'hr\', \'Croatian\'), (\'hu\', \'Hungarian\'), (\'ia\', \'Interlingua\'), (\'id\', \'Indonesian\'), (\'io\', \'Ido\'), (\'is\', \'Icelandic\'), (\'it\', \'Italian\'), (\'ja\', \'Japanese\'), (\'ka\', \'Georgian\'), (\'kk\', \'Kazakh\'), (\'km\', \'Khmer\'), (\'kn\', \'Kannada\'), (\'ko\', \'Korean\'), (\'lb\', \'Luxembourgish\'), (\'lt\', \'Lithuanian\'), (\'lv\', \'Latvian\'), (\'mk\', \'Macedonian\'), (\'ml\', \'Malayalam\'), (\'mn\', \'Mongolian\'), (\'mr\', \'Marathi\'), (\'my\', \'Burmese\'), (\'nb\', \'Norwegian Bokmal\'), (\'ne\', \'Nepali\'), (\'nl\', \'Dutch\'), (\'nn\', \'Norwegian Nynorsk\'), (\'os\', \'Ossetic\'), (\'pa\', \'Punjabi\'), (\'pl\', \'Polish\'), (\'pt\', \'Portuguese\'), (\'pt-br\', \'Brazilian Portuguese\'), (\'ro\', \'Romanian\'), (\'ru\', \'Russian\'), (\'sk\', \'Slovak\'), (\'sl\', \'Slovenian\'), (\'sq\', \'Albanian\'), (\'sr\', \'Serbian\'), (\'sr-latn\', \'Serbian Latin\'), (\'sv\', \'Swedish\'), (\'sw\', \'Swahili\'), (\'ta\', \'Tamil\'), (\'te\', \'Telugu\'), (\'th\', \'Thai\'), (\'tr\', \'Turkish\'), (\'tt\', \'Tatar\'), (\'udm\', \'Udmurt\'), (\'uk\', \'Ukrainian\'), (\'ur\', \'Urdu\'), (\'vi\', \'Vietnamese\'), (\'zh-hans\', \'Simplified Chinese\'), (\'zh-hant\', \'Traditional Chinese\')], \'TIME_ZONE\': \'IST\', \'request\': <WSGIRequest: GET \'/resetpwd/\'>, \'DEFAULT_MESSAGE_LEVELS\': {\'DEBUG\': 10, \'INFO\': 20, \'ERROR\': 40, \'SUCCESS\': 25, \'WARNING\': 30}, \'perms\': <django.contrib.auth.context_processors.PermWrapper object at 0x7f74b80c5390>, \'STATIC_URL\': \'/static/\', \'csrf_token\': <SimpleLazyObject: <function csrf.<locals>._get_val at 0x7f74b80ff268>>}, {}, {\'form\': <ResetPwdForm bound=False, valid=Unknown, fields=(oldpwd;newpwd;cnfpwd)>, \'user\': <SimpleLazyObject: <User: bravo>>, \'polladmin\': False}, {\'block\': <Block Node: body. Contents: [<TextNode: \'\\n\'>, <django.template.loader_tags.IncludeNode object at 0x7f74b80f20f0>, <TextNode: \'\\n<div class="col-sm-3 col\'>, <WithNode>, <TextNode: \'\\n</div>\\n<div class="col-s\'>, <django.template.loader_tags.IncludeNode object at 0x7f74b80f26a0>, <TextNode: \'\\n</div>\\n\'>]>}, {}]'
[01/May/2016 13:35:29] DEBUG [django.template:927] Exception while resolving variable 'errmsgs' in template 'home/changepwdtab.html'.
Traceback (most recent call last):
  File "/mnt/data/linbin/j192/lib/python3.4/site-packages/django/template/base.py", line 883, in _resolve_lookup
    current = current[bit]
  File "/mnt/data/linbin/j192/lib/python3.4/site-packages/django/template/context.py", line 77, in __getitem__
    raise KeyError(key)
KeyError: 'errmsgs'

During handling of the above exception, another exception occurred:

Traceback (most recent call last):
  File "/mnt/data/linbin/j192/lib/python3.4/site-packages/django/template/base.py", line 889, in _resolve_lookup
    if isinstance(current, BaseContext) and getattr(type(current), bit):
AttributeError: type object 'RequestContext' has no attribute 'errmsgs'

During handling of the above exception, another exception occurred:

Traceback (most recent call last):
  File "/mnt/data/linbin/j192/lib/python3.4/site-packages/django/template/base.py", line 898, in _resolve_lookup
    current = current[int(bit)]
ValueError: invalid literal for int() with base 10: 'errmsgs'

During handling of the above exception, another exception occurred:

Traceback (most recent call last):
  File "/mnt/data/linbin/j192/lib/python3.4/site-packages/django/template/base.py", line 905, in _resolve_lookup
    (bit, current))  # missing attribute
django.template.base.VariableDoesNotExist: Failed lookup for key [errmsgs] in '[{\'False\': False, \'True\': True, \'None\': None}, {\'LANGUAGE_CODE\': \'en-us\', \'user\': <SimpleLazyObject: <User: bravo>>, \'messages\': <django.contrib.messages.storage.fallback.FallbackStorage object at 0x7f74b80f6780>, \'LANGUAGE_BIDI\': False, \'MEDIA_URL\': \'/media/\', \'LANGUAGES\': [(\'af\', \'Afrikaans\'), (\'ar\', \'Arabic\'), (\'ast\', \'Asturian\'), (\'az\', \'Azerbaijani\'), (\'bg\', \'Bulgarian\'), (\'be\', \'Belarusian\'), (\'bn\', \'Bengali\'), (\'br\', \'Breton\'), (\'bs\', \'Bosnian\'), (\'ca\', \'Catalan\'), (\'cs\', \'Czech\'), (\'cy\', \'Welsh\'), (\'da\', \'Danish\'), (\'de\', \'German\'), (\'el\', \'Greek\'), (\'en\', \'English\'), (\'en-au\', \'Australian English\'), (\'en-gb\', \'British English\'), (\'eo\', \'Esperanto\'), (\'es\', \'Spanish\'), (\'es-ar\', \'Argentinian Spanish\'), (\'es-co\', \'Colombian Spanish\'), (\'es-mx\', \'Mexican Spanish\'), (\'es-ni\', \'Nicaraguan Spanish\'), (\'es-ve\', \'Venezuelan Spanish\'), (\'et\', \'Estonian\'), (\'eu\', \'Basque\'), (\'fa\', \'Persian\'), (\'fi\', \'Finnish\'), (\'fr\', \'French\'), (\'fy\', \'Frisian\'), (\'ga\', \'Irish\'), (\'gd\', \'Scottish Gaelic\'), (\'gl\', \'Galician\'), (\'he\', \'Hebrew\'), (\'hi\', \'Hindi\'), (\'hr\', \'Croatian\'), (\'hu\', \'Hungarian\'), (\'ia\', \'Interlingua\'), (\'id\', \'Indonesian\'), (\'io\', \'Ido\'), (\'is\', \'Icelandic\'), (\'it\', \'Italian\'), (\'ja\', \'Japanese\'), (\'ka\', \'Georgian\'), (\'kk\', \'Kazakh\'), (\'km\', \'Khmer\'), (\'kn\', \'Kannada\'), (\'ko\', \'Korean\'), (\'lb\', \'Luxembourgish\'), (\'lt\', \'Lithuanian\'), (\'lv\', \'Latvian\'), (\'mk\', \'Macedonian\'), (\'ml\', \'Malayalam\'), (\'mn\', \'Mongolian\'), (\'mr\', \'Marathi\'), (\'my\', \'Burmese\'), (\'nb\', \'Norwegian Bokmal\'), (\'ne\', \'Nepali\'), (\'nl\', \'Dutch\'), (\'nn\', \'Norwegian Nynorsk\'), (\'os\', \'Ossetic\'), (\'pa\', \'Punjabi\'), (\'pl\', \'Polish\'), (\'pt\', \'Portuguese\'), (\'pt-br\', \'Brazilian Portuguese\'), (\'ro\', \'Romanian\'), (\'ru\', \'Russian\'), (\'sk\', \'Slovak\'), (\'sl\', \'Slovenian\'), (\'sq\', \'Albanian\'), (\'sr\', \'Serbian\'), (\'sr-latn\', \'Serbian Latin\'), (\'sv\', \'Swedish\'), (\'sw\', \'Swahili\'), (\'ta\', \'Tamil\'), (\'te\', \'Telugu\'), (\'th\', \'Thai\'), (\'tr\', \'Turkish\'), (\'tt\', \'Tatar\'), (\'udm\', \'Udmurt\'), (\'uk\', \'Ukrainian\'), (\'ur\', \'Urdu\'), (\'vi\', \'Vietnamese\'), (\'zh-hans\', \'Simplified Chinese\'), (\'zh-hant\', \'Traditional Chinese\')], \'TIME_ZONE\': \'IST\', \'request\': <WSGIRequest: GET \'/resetpwd/\'>, \'DEFAULT_MESSAGE_LEVELS\': {\'DEBUG\': 10, \'INFO\': 20, \'ERROR\': 40, \'SUCCESS\': 25, \'WARNING\': 30}, \'perms\': <django.contrib.auth.context_processors.PermWrapper object at 0x7f74b80c5390>, \'STATIC_URL\': \'/static/\', \'csrf_token\': <SimpleLazyObject: \'y95kXomDqjX3VwsCncdVp948O1Tdoqo1\'>}, {}, {\'form\': <ResetPwdForm bound=False, valid=Unknown, fields=(oldpwd;newpwd;cnfpwd)>, \'user\': <SimpleLazyObject: <User: bravo>>, \'polladmin\': False}, {\'block\': <Block Node: body. Contents: [<TextNode: \'\\n\'>, <django.template.loader_tags.IncludeNode object at 0x7f74b80f20f0>, <TextNode: \'\\n<div class="col-sm-3 col\'>, <WithNode>, <TextNode: \'\\n</div>\\n<div class="col-s\'>, <django.template.loader_tags.IncludeNode object at 0x7f74b80f26a0>, <TextNode: \'\\n</div>\\n\'>]>}, {}]'
[01/May/2016 13:35:38] DEBUG [django.db.backends:89] (0.001) SELECT "django_session"."session_key", "django_session"."session_data", "django_session"."expire_date" FROM "django_session" WHERE ("django_session"."session_key" = 'mzuypjxks34vgnzm5m0pfqr1fo7oym5o' AND "django_session"."expire_date" > '2016-05-01 08:05:38.834173'); args=('mzuypjxks34vgnzm5m0pfqr1fo7oym5o', '2016-05-01 08:05:38.834173')
[01/May/2016 13:35:38] DEBUG [django.db.backends:89] (0.000) SELECT "auth_user"."id", "auth_user"."password", "auth_user"."last_login", "auth_user"."is_superuser", "auth_user"."username", "auth_user"."first_name", "auth_user"."last_name", "auth_user"."email", "auth_user"."is_staff", "auth_user"."is_active", "auth_user"."date_joined" FROM "auth_user" WHERE "auth_user"."id" = 5; args=(5,)
[01/May/2016 13:35:38] DEBUG [django.db.backends:89] (0.000) SELECT (1) AS "a" FROM "auth_group" INNER JOIN "auth_user_groups" ON ("auth_group"."id" = "auth_user_groups"."group_id") WHERE ("auth_user_groups"."user_id" = 5 AND "auth_group"."name" = 'polladmin') LIMIT 1; args=(5, 'polladmin')
[01/May/2016 13:35:38] DEBUG [django.db.backends:89] (0.000) BEGIN; args=None
[01/May/2016 13:35:38] DEBUG [django.db.backends:89] (0.000) UPDATE "auth_user" SET "password" = 'pbkdf2_sha256$24000$7bDj6PYZ2qIE$lZ9qD2XeSGrjJxLeYzTpnqtpSWOcmWZNVrvECQtx8NE=', "last_login" = '2016-05-01 08:05:27.543444', "is_superuser" = 0, "username" = 'bravo', "first_name" = 'Bravo', "last_name" = 'Bravo', "email" = 'grbgct+bravo@gmail.com', "is_staff" = 0, "is_active" = 1, "date_joined" = '2016-02-27 05:50:38' WHERE "auth_user"."id" = 5; args=('pbkdf2_sha256$24000$7bDj6PYZ2qIE$lZ9qD2XeSGrjJxLeYzTpnqtpSWOcmWZNVrvECQtx8NE=', '2016-05-01 08:05:27.543444', False, 'bravo', 'Bravo', 'Bravo', 'grbgct+bravo@gmail.com', False, True, '2016-02-27 05:50:38', 5)
[01/May/2016 13:35:39] DEBUG [django.db.backends:89] (0.000) BEGIN; args=None
[01/May/2016 13:35:39] DEBUG [django.db.backends:89] (0.000) UPDATE "django_session" SET "session_data" = 'NGExZDM0MmYyYTY3MzFkYmQ0MzkyOTM0ODk3NGJjNzgxZjNmY2UzYzp7Il9hdXRoX3VzZXJfaGFzaCI6IjJiMjQ1NmIyMTMzNWMxM2FjNjU4OTEzNGY0YzY5NTY3MmEzZjUzZWEiLCJfYXV0aF91c2VyX2JhY2tlbmQiOiJkamFuZ28uY29udHJpYi5hdXRoLmJhY2tlbmRzLk1vZGVsQmFja2VuZCIsIl9hdXRoX3VzZXJfaWQiOiI1In0=', "expire_date" = '2016-05-15 08:05:39.070543' WHERE "django_session"."session_key" = 'mzuypjxks34vgnzm5m0pfqr1fo7oym5o'; args=('NGExZDM0MmYyYTY3MzFkYmQ0MzkyOTM0ODk3NGJjNzgxZjNmY2UzYzp7Il9hdXRoX3VzZXJfaGFzaCI6IjJiMjQ1NmIyMTMzNWMxM2FjNjU4OTEzNGY0YzY5NTY3MmEzZjUzZWEiLCJfYXV0aF91c2VyX2JhY2tlbmQiOiJkamFuZ28uY29udHJpYi5hdXRoLmJhY2tlbmRzLk1vZGVsQmFja2VuZCIsIl9hdXRoX3VzZXJfaWQiOiI1In0=', '2016-05-15 08:05:39.070543', 'mzuypjxks34vgnzm5m0pfqr1fo7oym5o')
[01/May/2016 13:35:41] DEBUG [django.db.backends:89] (0.001) SELECT "django_session"."session_key", "django_session"."session_data", "django_session"."expire_date" FROM "django_session" WHERE ("django_session"."session_key" = 'mzuypjxks34vgnzm5m0pfqr1fo7oym5o' AND "django_session"."expire_date" > '2016-05-01 08:05:41.067548'); args=('mzuypjxks34vgnzm5m0pfqr1fo7oym5o', '2016-05-01 08:05:41.067548')
[01/May/2016 13:35:41] DEBUG [django.db.backends:89] (0.000) SELECT "auth_user"."id", "auth_user"."password", "auth_user"."last_login", "auth_user"."is_superuser", "auth_user"."username", "auth_user"."first_name", "auth_user"."last_name", "auth_user"."email", "auth_user"."is_staff", "auth_user"."is_active", "auth_user"."date_joined" FROM "auth_user" WHERE "auth_user"."id" = 5; args=(5,)
[01/May/2016 13:35:41] DEBUG [django.db.backends:89] (0.000) SELECT "django_session"."session_key", "django_session"."session_data", "django_session"."expire_date" FROM "django_session" WHERE "django_session"."session_key" = 'mzuypjxks34vgnzm5m0pfqr1fo7oym5o'; args=('mzuypjxks34vgnzm5m0pfqr1fo7oym5o',)
[01/May/2016 13:35:41] DEBUG [django.db.backends:89] (0.000) BEGIN; args=None
[01/May/2016 13:35:41] DEBUG [django.db.backends:89] (0.000) DELETE FROM "django_session" WHERE "django_session"."session_key" IN ('mzuypjxks34vgnzm5m0pfqr1fo7oym5o'); args=('mzuypjxks34vgnzm5m0pfqr1fo7oym5o',)
[01/May/2016 13:35:45] DEBUG [django.db.backends:89] (0.001) SELECT "auth_user"."id", "auth_user"."password", "auth_user"."last_login", "auth_user"."is_superuser", "auth_user"."username", "auth_user"."first_name", "auth_user"."last_name", "auth_user"."email", "auth_user"."is_staff", "auth_user"."is_active", "auth_user"."date_joined" FROM "auth_user" WHERE "auth_user"."username" = 'bravo'; args=('bravo',)
[01/May/2016 13:35:45] DEBUG [django.db.backends:89] (0.000) SELECT (1) AS "a" FROM "django_session" WHERE "django_session"."session_key" = '0it8gyet1svwc2pe1xlkovc766tgzlwy' LIMIT 1; args=('0it8gyet1svwc2pe1xlkovc766tgzlwy',)
[01/May/2016 13:35:45] DEBUG [django.db.backends:89] (0.000) BEGIN; args=None
[01/May/2016 13:35:45] DEBUG [django.db.backends:89] (0.000) INSERT INTO "django_session" ("session_key", "session_data", "expire_date") SELECT '0it8gyet1svwc2pe1xlkovc766tgzlwy', 'ZmZiYmE3OGQ1YzY5NTUyOGE4MzMyZGU5ZjI0ZjgyZGY5MzA5ODhkZTp7fQ==', '2016-05-15 08:05:45.577610'; args=('0it8gyet1svwc2pe1xlkovc766tgzlwy', 'ZmZiYmE3OGQ1YzY5NTUyOGE4MzMyZGU5ZjI0ZjgyZGY5MzA5ODhkZTp7fQ==', '2016-05-15 08:05:45.577610')
[01/May/2016 13:35:45] DEBUG [django.db.backends:89] (0.000) SELECT "django_session"."session_key", "django_session"."session_data", "django_session"."expire_date" FROM "django_session" WHERE "django_session"."session_key" = '0it8gyet1svwc2pe1xlkovc766tgzlwy'; args=('0it8gyet1svwc2pe1xlkovc766tgzlwy',)
[01/May/2016 13:35:45] DEBUG [django.db.backends:89] (0.000) BEGIN; args=None
[01/May/2016 13:35:45] DEBUG [django.db.backends:89] (0.001) DELETE FROM "django_session" WHERE "django_session"."session_key" IN ('0it8gyet1svwc2pe1xlkovc766tgzlwy'); args=('0it8gyet1svwc2pe1xlkovc766tgzlwy',)
[01/May/2016 13:35:45] DEBUG [django.db.backends:89] (0.000) BEGIN; args=None
[01/May/2016 13:35:45] DEBUG [django.db.backends:89] (0.000) UPDATE "auth_user" SET "last_login" = '2016-05-01 08:05:45.884797' WHERE "auth_user"."id" = 5; args=('2016-05-01 08:05:45.884797', 5)
[01/May/2016 13:35:46] DEBUG [django.db.backends:89] (0.000) BEGIN; args=None
[01/May/2016 13:35:46] DEBUG [django.db.backends:89] (0.000) UPDATE "django_session" SET "session_data" = 'NGExZDM0MmYyYTY3MzFkYmQ0MzkyOTM0ODk3NGJjNzgxZjNmY2UzYzp7Il9hdXRoX3VzZXJfaGFzaCI6IjJiMjQ1NmIyMTMzNWMxM2FjNjU4OTEzNGY0YzY5NTY3MmEzZjUzZWEiLCJfYXV0aF91c2VyX2JhY2tlbmQiOiJkamFuZ28uY29udHJpYi5hdXRoLmJhY2tlbmRzLk1vZGVsQmFja2VuZCIsIl9hdXRoX3VzZXJfaWQiOiI1In0=', "expire_date" = '2016-05-15 08:05:46.096771' WHERE "django_session"."session_key" = '0it8gyet1svwc2pe1xlkovc766tgzlwy'; args=('NGExZDM0MmYyYTY3MzFkYmQ0MzkyOTM0ODk3NGJjNzgxZjNmY2UzYzp7Il9hdXRoX3VzZXJfaGFzaCI6IjJiMjQ1NmIyMTMzNWMxM2FjNjU4OTEzNGY0YzY5NTY3MmEzZjUzZWEiLCJfYXV0aF91c2VyX2JhY2tlbmQiOiJkamFuZ28uY29udHJpYi5hdXRoLmJhY2tlbmRzLk1vZGVsQmFja2VuZCIsIl9hdXRoX3VzZXJfaWQiOiI1In0=', '2016-05-15 08:05:46.096771', '0it8gyet1svwc2pe1xlkovc766tgzlwy')
[01/May/2016 13:35:46] DEBUG [django.db.backends:89] (0.000) INSERT INTO "django_session" ("session_key", "session_data", "expire_date") SELECT '0it8gyet1svwc2pe1xlkovc766tgzlwy', 'NGExZDM0MmYyYTY3MzFkYmQ0MzkyOTM0ODk3NGJjNzgxZjNmY2UzYzp7Il9hdXRoX3VzZXJfaGFzaCI6IjJiMjQ1NmIyMTMzNWMxM2FjNjU4OTEzNGY0YzY5NTY3MmEzZjUzZWEiLCJfYXV0aF91c2VyX2JhY2tlbmQiOiJkamFuZ28uY29udHJpYi5hdXRoLmJhY2tlbmRzLk1vZGVsQmFja2VuZCIsIl9hdXRoX3VzZXJfaWQiOiI1In0=', '2016-05-15 08:05:46.096771'; args=('0it8gyet1svwc2pe1xlkovc766tgzlwy', 'NGExZDM0MmYyYTY3MzFkYmQ0MzkyOTM0ODk3NGJjNzgxZjNmY2UzYzp7Il9hdXRoX3VzZXJfaGFzaCI6IjJiMjQ1NmIyMTMzNWMxM2FjNjU4OTEzNGY0YzY5NTY3MmEzZjUzZWEiLCJfYXV0aF91c2VyX2JhY2tlbmQiOiJkamFuZ28uY29udHJpYi5hdXRoLmJhY2tlbmRzLk1vZGVsQmFja2VuZCIsIl9hdXRoX3VzZXJfaWQiOiI1In0=', '2016-05-15 08:05:46.096771')
[01/May/2016 13:35:46] DEBUG [django.db.backends:89] (0.001) SELECT "django_session"."session_key", "django_session"."session_data", "django_session"."expire_date" FROM "django_session" WHERE ("django_session"."session_key" = '0it8gyet1svwc2pe1xlkovc766tgzlwy' AND "django_session"."expire_date" > '2016-05-01 08:05:46.247230'); args=('0it8gyet1svwc2pe1xlkovc766tgzlwy', '2016-05-01 08:05:46.247230')
[01/May/2016 13:35:46] DEBUG [django.db.backends:89] (0.000) SELECT "auth_user"."id", "auth_user"."password", "auth_user"."last_login", "auth_user"."is_superuser", "auth_user"."username", "auth_user"."first_name", "auth_user"."last_name", "auth_user"."email", "auth_user"."is_staff", "auth_user"."is_active", "auth_user"."date_joined" FROM "auth_user" WHERE "auth_user"."id" = 5; args=(5,)
[01/May/2016 13:35:46] DEBUG [django.db.backends:89] (0.000) SELECT (1) AS "a" FROM "auth_group" INNER JOIN "auth_user_groups" ON ("auth_group"."id" = "auth_user_groups"."group_id") WHERE ("auth_user_groups"."user_id" = 5 AND "auth_group"."name" = 'polladmin') LIMIT 1; args=(5, 'polladmin')
[01/May/2016 13:35:46] DEBUG [django.db.backends:89] (0.000) SELECT "app_poll_core_poll_model"."id", "app_poll_core_poll_model"."poll_name", "app_poll_core_poll_model"."poll_start", "app_poll_core_poll_model"."poll_end", "app_poll_core_poll_model"."created_by", "app_poll_core_poll_model"."total_vote" FROM "app_poll_core_poll_model" WHERE "app_poll_core_poll_model"."poll_end" >= '2016-05-01' ORDER BY "app_poll_core_poll_model"."id" DESC; args=('2016-05-01',)
[01/May/2016 13:35:46] DEBUG [django.db.backends:89] (0.000) SELECT (1) AS "a" FROM "auth_group" INNER JOIN "auth_user_groups" ON ("auth_group"."id" = "auth_user_groups"."group_id") WHERE ("auth_user_groups"."user_id" = 5 AND "auth_group"."name" = 'polladmin') LIMIT 1; args=(5, 'polladmin')
[01/May/2016 13:35:49] DEBUG [django.db.backends:89] (0.001) SELECT "django_session"."session_key", "django_session"."session_data", "django_session"."expire_date" FROM "django_session" WHERE ("django_session"."session_key" = '0it8gyet1svwc2pe1xlkovc766tgzlwy' AND "django_session"."expire_date" > '2016-05-01 08:05:49.255767'); args=('0it8gyet1svwc2pe1xlkovc766tgzlwy', '2016-05-01 08:05:49.255767')
[01/May/2016 13:35:49] DEBUG [django.db.backends:89] (0.000) SELECT "auth_user"."id", "auth_user"."password", "auth_user"."last_login", "auth_user"."is_superuser", "auth_user"."username", "auth_user"."first_name", "auth_user"."last_name", "auth_user"."email", "auth_user"."is_staff", "auth_user"."is_active", "auth_user"."date_joined" FROM "auth_user" WHERE "auth_user"."id" = 5; args=(5,)
[01/May/2016 13:35:49] DEBUG [django.db.backends:89] (0.000) SELECT "django_session"."session_key", "django_session"."session_data", "django_session"."expire_date" FROM "django_session" WHERE "django_session"."session_key" = '0it8gyet1svwc2pe1xlkovc766tgzlwy'; args=('0it8gyet1svwc2pe1xlkovc766tgzlwy',)
[01/May/2016 13:35:49] DEBUG [django.db.backends:89] (0.000) BEGIN; args=None
[01/May/2016 13:35:49] DEBUG [django.db.backends:89] (0.000) DELETE FROM "django_session" WHERE "django_session"."session_key" IN ('0it8gyet1svwc2pe1xlkovc766tgzlwy'); args=('0it8gyet1svwc2pe1xlkovc766tgzlwy',)
